Mathematica 13.1.0 Kernel for Linux x86 (64-bit)
Copyright 1988-2022 Wolfram Research, Inc.

In[1]:= 
In[2]:= 
In[3]:= 
In[4]:= 
In[5]:= 
In[6]:= 
In[7]:= 
In[8]:= 
In[9]:= 
In[10]:= 
In[11]:= 
In[12]:= 
In[13]:= 
In[14]:= 
In[15]:= 
In[16]:= 
In[17]:= 
Out[17]//MatrixForm= 
 


>   0         1         0         0         0         0         0
     


    >       0



    1         0         0         0         0         0         0
     


    >       0



    0         0         1         0         0         0         0
     


    >       0



    0         0         0         0         1         0         0
     


    >       0



    0         0         0         1         0         0         0
     


    >       0



    0         0         0         0         0         1         0
     


    >       0

                                                                  1
                                                                -(-)
    0         0         0         0         0         0           2
     
            Sqrt[3]
            -------
    >          2

                                                                Sqrt[3]
                                                                -------
    0         0         0         0         0         0            2
     
            1
            -
    >       2

In[18]:= 
In[19]:= 
In[20]:= 
In[21]:= 
In[22]:= 
Out[22]//MatrixForm=   1              1
                     -(-)           -(-) Sqrt[3]
                       2              2

                       1            1
                     -(-) Sqrt[3]   -
                       2            2

In[23]:= 
In[24]:= 
In[25]:= 
In[26]:= 
In[27]:= In[27]:= 
In[28]:= 
In[29]:= 
In[30]:= 
In[31]:= 
In[32]:= 
In[33]:= 
In[34]:= 
In[35]:= 
In[36]:= 
In[37]:= 
In[38]:= 
In[39]:= 
In[40]:= 
In[41]:= 
In[42]:= In[42]:= 
Set::write: Tag Times in Null f           is Protected.
                               00000000,2

Set::write: Tag Times in Null f           is Protected.
                               00000000,2

Set::write: Tag Times in Null f           is Protected.
                               00000000,2

General::stop: Further output of Set::write
     will be suppressed during this calculation.

In[43]:= 
In[44]:= 
In[45]:= 
In[46]:= 
In[47]:= 
In[48]:= 
In[49]:= First order variables

In[50]:= {f          , h          , f          , h          , f          , 
  10000000,0   10000000,0   01000000,0   01000000,0   00100000,0
 
>   h          , f          , h          , f          , h          , 
     00100000,0   00010000,0   00010000,0   00001000,0   00001000,0
 
>   f          , h          , f          , h          , f          , 
     00000100,0   00000100,0   00000010,0   00000010,0   00000001,0
 
>   h          , f          , h          , f          , h          , 
     00000001,0   10000000,1   10000000,1   01000000,1   01000000,1
 
>   f          , h          , f          , h          , f          , 
     00100000,1   00100000,1   00010000,1   00010000,1   00001000,1
 
>   h          , f          , h          , f          , h          , 
     00001000,1   00000100,1   00000100,1   00000010,1   00000010,1
 
>   f          , h          , f          , h          , f          , 
     00000001,1   00000001,1   10000000,2   10000000,2   01000000,2
 
>   h          , f          , h          , f          , h          , 
     01000000,2   00100000,2   00100000,2   00010000,2   00010000,2
 
>   f          , h          , f          , h          , f          , 
     00001000,2   00001000,2   00000100,2   00000100,2   00000010,2
 
>   h          , f          , h          }
     00000010,2   00000001,2   00000001,2

In[51]:= 
In[52]:= 
In[53]:= 
In[54]:= 
In[55]:= In[55]:= 
Set::write: Tag Times in Null f           is Protected.
                               00000000,2

Set::write: Tag Times in Null f           is Protected.
                               00000000,2

Set::write: Tag Times in Null f           is Protected.
                               00000000,2

General::stop: Further output of Set::write
     will be suppressed during this calculation.

In[56]:= 
In[57]:= 
In[58]:= 
In[59]:= 
In[60]:= 
In[61]:= 
In[62]:= 
In[63]:= 
In[64]:= 
In[65]:= In[65]:= 
In[66]:= 
In[67]:= 
In[68]:= 
In[69]:= 
In[70]:= 
In[71]:= 
In[72]:= 
In[73]:= 
In[74]:= 
In[75]:= In[75]:= 
In[76]:= 
In[77]:= 
In[78]:= 
In[79]:= 
In[80]:= 
In[81]:= 
In[82]:= 
In[83]:= 
In[84]:= 
In[85]:= In[85]:= 
In[86]:= 
In[87]:= 
In[88]:= 
In[89]:= 
In[90]:= 
In[91]:= 
In[92]:= 
In[93]:= 
In[94]:= 
In[95]:= Defining 6th order coefficients....

In[96]:= 