Parsing input...
model
MOLECULE CH3+
NMODES 6
equilibrium parameters 2
rH                          1          1.08843631
a1                          0          1.52000000
f   0   0   0   0   0   0   1   -8651556.36890496
f   2   0   0   0   0   0   1     161226.06705109
f   3   0   0   0   0   0   1     -27677.50458528
f   4   0   0   0   0   0   1      13983.45009808
f   5   0   0   0   0   0   1       2220.08744460
f   6   0   0   0   0   0   1       2603.40162316
end

grid
1.08643631 1.08643631 1.08643631   0.00000000   0.00000000  90.00000000 -39.41937930    1
1.06143631 1.08643631 1.08643631   0.00000000   0.00000000  90.00000000 -39.41887594    2
1.11143631 1.08643631 1.08643631   0.00000000   0.00000000  90.00000000 -39.41907525    3
1.13643631 1.08643631 1.08643631   0.00000000   0.00000000  90.00000000 -39.41807094    4
1.03643631 1.08643631 1.08643631   0.00000000   0.00000000  90.00000000 -39.41744340    5
0.98643631 1.08643631 1.08643631   0.00000000   0.00000000  90.00000000 -39.41121739    6
1.18643631 1.08643631 1.08643631   0.00000000   0.00000000  90.00000000 -39.41432799    7
1.21143631 1.08643631 1.08643631   0.00000000   0.00000000  90.00000000 -39.41174610    8
0.96143631 1.08643631 1.08643631   0.00000000   0.00000000  90.00000000 -39.40608608    9
1.23643631 1.08643631 1.08643631   0.00000000   0.00000000  90.00000000 -39.40878003   10
0.93643631 1.08643631 1.08643631   0.00000000   0.00000000  90.00000000 -39.39934354   11
1.28643631 1.08643631 1.08643631   0.00000000   0.00000000  90.00000000 -39.40191816   12
0.88643631 1.08643631 1.08643631   0.00000000   0.00000000  90.00000000 -39.38004896   13
1.38643631 1.08643631 1.08643631   0.00000000   0.00000000  90.00000000 -39.38570486   14
0.78643631 1.08643631 1.08643631   0.00000000   0.00000000  90.00000000 -39.30911949   15
1.48643631 1.08643631 1.08643631   0.00000000   0.00000000  90.00000000 -39.36786438   16
1.58643631 1.08643631 1.08643631   0.00000000   0.00000000  90.00000000 -39.34972880   17
1.68643631 1.08643631 1.08643631   0.00000000   0.00000000  90.00000000 -39.33210387   18
1.78643631 1.08643631 1.08643631   0.00000000   0.00000000  90.00000000 -39.31546419   19
1.08643631 1.06143631 1.08643631   0.00000000   0.00000000  90.00000000 -39.41887594   20
1.08643631 1.11143631 1.08643631   0.00000000   0.00000000  90.00000000 -39.41907525   21
1.08643631 1.13643631 1.08643631   0.00000000   0.00000000  90.00000000 -39.41807094   22
1.08643631 1.03643631 1.08643631   0.00000000   0.00000000  90.00000000 -39.41744340   23
1.08643631 0.98643631 1.08643631   0.00000000   0.00000000  90.00000000 -39.41121739   24
1.08643631 1.18643631 1.08643631   0.00000000   0.00000000  90.00000000 -39.41432799   25
1.08643631 1.21143631 1.08643631   0.00000000   0.00000000  90.00000000 -39.41174610   26
1.08643631 0.96143631 1.08643631   0.00000000   0.00000000  90.00000000 -39.40608608   27
1.08643631 1.23643631 1.08643631   0.00000000   0.00000000  90.00000000 -39.40878003   28
1.08643631 0.93643631 1.08643631   0.00000000   0.00000000  90.00000000 -39.39934354   29
1.08643631 1.28643631 1.08643631   0.00000000   0.00000000  90.00000000 -39.40191816   30
1.08643631 0.88643631 1.08643631   0.00000000   0.00000000  90.00000000 -39.38004896   31
1.08643631 1.38643631 1.08643631   0.00000000   0.00000000  90.00000000 -39.38570486   32
1.08643631 0.78643631 1.08643631   0.00000000   0.00000000  90.00000000 -39.30911949   33
1.08643631 1.48643631 1.08643631   0.00000000   0.00000000  90.00000000 -39.36786438   34
1.08643631 1.58643631 1.08643631   0.00000000   0.00000000  90.00000000 -39.34972880   35
1.08643631 1.68643631 1.08643631   0.00000000   0.00000000  90.00000000 -39.33210387   36
1.08643631 1.78643631 1.08643631   0.00000000   0.00000000  90.00000000 -39.31546419   37
1.08643631 1.08643631 1.06143631   0.00000000   0.00000000  90.00000000 -39.41887594   38
1.08643631 1.08643631 1.11143631   0.00000000   0.00000000  90.00000000 -39.41907525   39
1.08643631 1.08643631 1.13643631   0.00000000   0.00000000  90.00000000 -39.41807094   40
1.08643631 1.08643631 1.03643631   0.00000000   0.00000000  90.00000000 -39.41744340   41
1.08643631 1.08643631 0.98643631   0.00000000   0.00000000  90.00000000 -39.41121739   42
1.08643631 1.08643631 1.18643631   0.00000000   0.00000000  90.00000000 -39.41432799   43
1.08643631 1.08643631 1.21143631   0.00000000   0.00000000  90.00000000 -39.41174610   44
1.08643631 1.08643631 0.96143631   0.00000000   0.00000000  90.00000000 -39.40608608   45
1.08643631 1.08643631 1.23643631   0.00000000   0.00000000  90.00000000 -39.40878003   46
1.08643631 1.08643631 0.93643631   0.00000000   0.00000000  90.00000000 -39.39934354   47
1.08643631 1.08643631 1.28643631   0.00000000   0.00000000  90.00000000 -39.40191816   48
1.08643631 1.08643631 0.88643631   0.00000000   0.00000000  90.00000000 -39.38004896   49
1.08643631 1.08643631 1.38643631   0.00000000   0.00000000  90.00000000 -39.38570486   50
1.08643631 1.08643631 0.78643631   0.00000000   0.00000000  90.00000000 -39.30911949   51
1.08643631 1.08643631 1.48643631   0.00000000   0.00000000  90.00000000 -39.36786438   52
1.08643631 1.08643631 1.58643631   0.00000000   0.00000000  90.00000000 -39.34972880   53
1.08643631 1.08643631 1.68643631   0.00000000   0.00000000  90.00000000 -39.33210387   54
1.08643631 1.08643631 1.78643631   0.00000000   0.00000000  90.00000000 -39.31546419   55
end

End of Input

Minimum in the potential energy:
-39.41937930 hartree
-8651553.68669716 cm-1


Beginning fit...
  0.517439 seconds (799.25 k allocations: 68.974 MiB, 7.20% gc time, 85.80% compilation time)
Done!

-8.651553680567931e6
2.6666153967380524
Grid of final energies:

  1.08643631     1.08643631     1.08643631     0.00000000     0.00000000    90.00000000     2.66048617     2.66661540    -0.00612923
  1.06143631     1.08643631     1.08643631     0.00000000     0.00000000    90.00000000   113.13523593   113.13530260    -0.00006668
  1.11143631     1.08643631     1.08643631     0.00000000     0.00000000    90.00000000    69.39174742    69.40287899    -0.01113157
  1.13643631     1.08643631     1.08643631     0.00000000     0.00000000    90.00000000   289.81231308   289.82455198    -0.01223890
  1.03643631     1.08643631     1.08643631     0.00000000     0.00000000    90.00000000   427.54142239   427.53535476     0.00606763
  0.98643631     1.08643631     1.08643631     0.00000000     0.00000000    90.00000000   1793.99266351   1793.98563485     0.00702866
  1.18643631     1.08643631     1.08643631     0.00000000     0.00000000    90.00000000   1111.29487943   1111.29354883     0.00133061
  1.21143631     1.08643631     1.08643631     0.00000000     0.00000000    90.00000000   1677.95423188   1677.94350015     0.01073174
  0.96143631     1.08643631     1.08643631     0.00000000     0.00000000    90.00000000   2920.18502718   2920.18413112     0.00089606
  1.23643631     1.08643631     1.08643631     0.00000000     0.00000000    90.00000000   2328.93134769   2328.91769429     0.01365340
  0.93643631     1.08643631     1.08643631     0.00000000     0.00000000    90.00000000   4400.00149894   4400.00670633    -0.00520739
  1.28643631     1.08643631     1.08643631     0.00000000     0.00000000    90.00000000   3834.93772705   3834.93484967     0.00287738
  0.88643631     1.08643631     1.08643631     0.00000000     0.00000000    90.00000000   8634.67230544   8634.67217103     0.00013441
  1.38643631     1.08643631     1.08643631     0.00000000     0.00000000    90.00000000   7393.34574563   7393.36871687    -0.02297124
  0.78643631     1.08643631     1.08643631     0.00000000     0.00000000    90.00000000   24201.89148979   24201.63474843     0.25674136
  1.48643631     1.08643631     1.08643631     0.00000000     0.00000000    90.00000000   11308.87849265   11308.81320876     0.06528389
  1.58643631     1.08643631     1.08643631     0.00000000     0.00000000    90.00000000   15289.17820298   15288.89463288     0.28357011
  1.68643631     1.08643631     1.08643631     0.00000000     0.00000000    90.00000000   19157.40319351   19157.20189648     0.20129704
  1.78643631     1.08643631     1.08643631     0.00000000     0.00000000    90.00000000   22809.39080483   22811.06897623    -1.67817140
  1.08643631     1.06143631     1.08643631     0.00000000     0.00000000    90.00000000   113.13523593   113.13530260    -0.00006668
  1.08643631     1.11143631     1.08643631     0.00000000     0.00000000    90.00000000    69.39174742    69.40287899    -0.01113157
  1.08643631     1.13643631     1.08643631     0.00000000     0.00000000    90.00000000   289.81231308   289.82455198    -0.01223890
  1.08643631     1.03643631     1.08643631     0.00000000     0.00000000    90.00000000   427.54142239   427.53535476     0.00606763
  1.08643631     0.98643631     1.08643631     0.00000000     0.00000000    90.00000000   1793.99266351   1793.98563485     0.00702866
  1.08643631     1.18643631     1.08643631     0.00000000     0.00000000    90.00000000   1111.29487943   1111.29354883     0.00133061
  1.08643631     1.21143631     1.08643631     0.00000000     0.00000000    90.00000000   1677.95423188   1677.94350015     0.01073174
  1.08643631     0.96143631     1.08643631     0.00000000     0.00000000    90.00000000   2920.18502718   2920.18413112     0.00089606
  1.08643631     1.23643631     1.08643631     0.00000000     0.00000000    90.00000000   2328.93134769   2328.91769429     0.01365340
  1.08643631     0.93643631     1.08643631     0.00000000     0.00000000    90.00000000   4400.00149894   4400.00670633    -0.00520739
  1.08643631     1.28643631     1.08643631     0.00000000     0.00000000    90.00000000   3834.93772705   3834.93484967     0.00287738
  1.08643631     0.88643631     1.08643631     0.00000000     0.00000000    90.00000000   8634.67230544   8634.67217103     0.00013441
  1.08643631     1.38643631     1.08643631     0.00000000     0.00000000    90.00000000   7393.34574563   7393.36871687    -0.02297124
  1.08643631     0.78643631     1.08643631     0.00000000     0.00000000    90.00000000   24201.89148979   24201.63474843     0.25674136
  1.08643631     1.48643631     1.08643631     0.00000000     0.00000000    90.00000000   11308.87849265   11308.81320876     0.06528389
  1.08643631     1.58643631     1.08643631     0.00000000     0.00000000    90.00000000   15289.17820298   15288.89463288     0.28357011
  1.08643631     1.68643631     1.08643631     0.00000000     0.00000000    90.00000000   19157.40319351   19157.20189648     0.20129704
  1.08643631     1.78643631     1.08643631     0.00000000     0.00000000    90.00000000   22809.39080483   22811.06897623    -1.67817140
  1.08643631     1.08643631     1.06143631     0.00000000     0.00000000    90.00000000   113.13523593   113.13530260    -0.00006668
  1.08643631     1.08643631     1.11143631     0.00000000     0.00000000    90.00000000    69.39174742    69.40287899    -0.01113157
  1.08643631     1.08643631     1.13643631     0.00000000     0.00000000    90.00000000   289.81231308   289.82455198    -0.01223890
  1.08643631     1.08643631     1.03643631     0.00000000     0.00000000    90.00000000   427.54142239   427.53535476     0.00606763
  1.08643631     1.08643631     0.98643631     0.00000000     0.00000000    90.00000000   1793.99266351   1793.98563485     0.00702866
  1.08643631     1.08643631     1.18643631     0.00000000     0.00000000    90.00000000   1111.29487943   1111.29354883     0.00133061
  1.08643631     1.08643631     1.21143631     0.00000000     0.00000000    90.00000000   1677.95423188   1677.94350015     0.01073174
  1.08643631     1.08643631     0.96143631     0.00000000     0.00000000    90.00000000   2920.18502718   2920.18413112     0.00089606
  1.08643631     1.08643631     1.23643631     0.00000000     0.00000000    90.00000000   2328.93134769   2328.91769429     0.01365340
  1.08643631     1.08643631     0.93643631     0.00000000     0.00000000    90.00000000   4400.00149894   4400.00670633    -0.00520739
  1.08643631     1.08643631     1.28643631     0.00000000     0.00000000    90.00000000   3834.93772705   3834.93484967     0.00287738
  1.08643631     1.08643631     0.88643631     0.00000000     0.00000000    90.00000000   8634.67230544   8634.67217103     0.00013441
  1.08643631     1.08643631     1.38643631     0.00000000     0.00000000    90.00000000   7393.34574563   7393.36871687    -0.02297124
  1.08643631     1.08643631     0.78643631     0.00000000     0.00000000    90.00000000   24201.89148979   24201.63474843     0.25674136
  1.08643631     1.08643631     1.48643631     0.00000000     0.00000000    90.00000000   11308.87849265   11308.81320876     0.06528389
  1.08643631     1.08643631     1.58643631     0.00000000     0.00000000    90.00000000   15289.17820298   15288.89463288     0.28357011
  1.08643631     1.08643631     1.68643631     0.00000000     0.00000000    90.00000000   19157.40319351   19157.20189648     0.20129704
  1.08643631     1.08643631     1.78643631     0.00000000     0.00000000    90.00000000   22809.39080483   22811.06897623    -1.67817140

Printing new potential parameters...
              1     1.08895413
              0     1.52000000  
f  0  0  0  0  0  0   1          -8651556.34718333 
f  2  0  0  0  0  0   1          181200.19425681 
f  3  0  0  0  0  0   1          -43813.67977698 
f  4  0  0  0  0  0   1          17554.97143168 
f  5  0  0  0  0  0   1          -471.49896893 
f  6  0  0  0  0  0   1          1353.67861116 
End of Fit