************************************************************************************************************************************
 ************************************************************************************************************************************
 ************************************************************************************************************************************
 ****************                                                                                                    ****************
 ****************          *  FITTING OF THE POTENTIAL PARAMETERS TO AB INITIO DATA                                  ****************
 ****************          *                                                                                         ****************
 ****************          *  2016                                                                                   ****************
 ****************          *  C2H6                                                                                   ****************

 ****************                                                                                                    ****************
 ************************************************************************************************************************************
 ************************************************************************************************************************************
 ************************************************************************************************************************************
 
         6 <= number of degrees of freedom
         3 <= number of bonds
         3 <= number of bond angles
        20 <= number of iterations in the fit
  0.000000 <= The fit is over if the stability is reached 
  0.000010 <= The fit is over if the st.dev. best is reached 
  1.000000 <= sterr parameter out 
  0.000010 <= stdev parameter out 
         1 <= watson robust on (1) or of (0) 
         2 <= number of non-linear parameters
 parameters of structure 
rH        =           1.089
a1        =           1.518
Lowest energy = -39.4197911    

   ------------------------------------------------------------------
   |   iter  |  points |    deviat     |     rms       |  stability  |
   ------------------------------------------------------------------
   |     1   |     26  |   0.14094E+02 |  0.25710E+05  |   0.290E+07 |
   |     2   |     26  |   0.74625E-03 |  0.48318E-02  |   0.456E+07 |
   |     3   |     26  |   0.20128E-01 |  0.32516E-01  |   0.962E+00 |
   |     4   |     26  |   0.69716E-03 |  0.14127E-01  |   0.279E+02 |
   |     5   |     26  |   0.69716E-03 |  0.14126E-01  |   0.212E-04 |
   |     6   |     26  |   0.69716E-03 |  0.14127E-01  |   0.221E-06 |
   |     7   |     26  |   0.69716E-03 |  0.14127E-01  |   0.491E-06 |
   |     8   |     26  |   0.69716E-03 |  0.14127E-01  |   0.835E-07 |
   |     9   |     26  |   0.69716E-03 |  0.14127E-01  |   0.187E-06 |
   |    10   |     26  |   0.69716E-03 |  0.14127E-01  |   0.453E-08 |
   |    11   |     26  |   0.69716E-03 |  0.14127E-01  |   0.990E-07 |
   |    12   |     26  |   0.69716E-03 |  0.14127E-01  |   0.163E-06 |
   |    13   |     26  |   0.69716E-03 |  0.14127E-01  |   0.135E-06 |
   |    14   |     26  |   0.69716E-03 |  0.14127E-01  |   0.157E-06 |
   |    15   |     26  |   0.69716E-03 |  0.14127E-01  |   0.360E-07 |
   |    16   |     26  |   0.69716E-03 |  0.14127E-01  |   0.765E-07 |
   |    17   |     26  |   0.69716E-03 |  0.14127E-01  |   0.552E-07 |
   |    18   |     26  |   0.69716E-03 |  0.14127E-01  |   0.253E-06 |
   |    19   |     26  |   0.69716E-03 |  0.14127E-01  |   0.133E-06 |
   |    20   |     26  |   0.69716E-03 |  0.14127E-01  |   0.180E-06 |
   |    21   |     26  |   0.69716E-03 |  0.14127E-01  |   0.165E-06 |

Watson Alpha parameter  0.1000 fitted with rms2 = 


Potential parameters rounded in accord. with their standart errors

rH  0  0  0  0  0  0   0   1.0887008    
a1  0  0  0  0  0  0   0   1.5184900    
 f  0  0  0  0  0  0   9    -8651646.43930    (      26)
 f  2  0  0  0  0  0   0   181721.43    
 f  3  0  0  0  0  0   0  -44188.289    
 f  4  0  0  0  0  0   0   17736.507    
 f  5  0  0  0  0  0   0  -335.48376    
 f  6  0  0  0  0  0   0   1516.4765    
 f  7  0  0  0  0  0   0  -494.07091    
 f  8  0  0  0  0  0   0  -84.015745    
 f  0  0  0  2  0  0   0   21816.526    
 f  0  0  0  1  2  0   0   6965.3725    
 f  0  0  0  4  0  0   0  -216.45773    
 f  0  0  0  5  0  0   0   6301.9471    
 f  0  0  0  4  2  0   0  -535.77315    
 f  0  0  0  2  4  0   0   95.752139    
 f  0  0  0  7  0  0   0  -847.24306    
 f  0  0  0  8  0  0   0   17.940048    
 f  0  0  0  0  0  1   9         172411.87    (      17)
 f  0  0  0  0  0  2   9            50459.    (      26)
 f  0  0  0  0  0  3   9            54516.    (    1409)
 f  0  0  0  0  0  4   9            29148.    (   35467)
 f  0  0  0  0  0  5   9            85562.    (  432688)
 f  0  0  0  0  0  6   9         -1827346.    ( 2345113)
 f  0  0  0  0  0  7   9          9844397.    ( 5477960)
 f  0  0  0  0  0  8   9        -16086805.    ( 4514672)
------------------------------
*  FITTING OF THE POTENTIAL PARAMETERS TO AB INITIO DATA                        
*                                                                               
*  2016                                                                         
*  C2H6                                                                         
        rH                        0          1.08870081
        a1                        0          1.51848997
 f   0   0   0   0   0   0   9   -8651646.43929599
 f   2   0   0   0   0   0   0     181721.42822437
 f   3   0   0   0   0   0   0     -44188.28851447
 f   4   0   0   0   0   0   0      17736.50673614
 f   5   0   0   0   0   0   0       -335.48375628
 f   6   0   0   0   0   0   0       1516.47645068
 f   7   0   0   0   0   0   0       -494.07091298
 f   8   0   0   0   0   0   0        -84.01574456
 f   0   0   0   2   0   0   0      21816.52609143
 f   0   0   0   1   2   0   0       6965.37247657
 f   0   0   0   4   0   0   0       -216.45773132
 f   0   0   0   5   0   0   0       6301.94706657
 f   0   0   0   4   2   0   0       -535.77314767
 f   0   0   0   2   4   0   0         95.75213950
 f   0   0   0   7   0   0   0       -847.24306357
 f   0   0   0   8   0   0   0         17.94004806
 f   0   0   0   0   0   1   9     172411.87366290
 f   0   0   0   0   0   2   9      50459.03010456
 f   0   0   0   0   0   3   9      54515.60559146
 f   0   0   0   0   0   4   9      29148.06121265
 f   0   0   0   0   0   5   9      85561.91384430
 f   0   0   0   0   0   6   9   -1827346.03639585
 f   0   0   0   0   0   7   9    9844397.36508893
 f   0   0   0   0   0   8   9  -16086804.57175012

Correlation coefficients larger than 0.9: 
          corr(   2,   3) =  0.9547237
          corr(   3,   4) =  0.9752035
          corr(   3,   5) =  0.9047562
          corr(   4,   5) =  0.9743243
          corr(   4,   6) =  0.9050125
          corr(   5,   6) =  0.9768773
          corr(   5,   7) =  0.9455282
          corr(   5,   8) =  0.9235020
          corr(   5,   9) =  0.9092087
          corr(   6,   7) =  0.9932226
          corr(   6,   8) =  0.9840212
          corr(   6,   9) =  0.9769549
          corr(   7,   8) =  0.9980383
          corr(   7,   9) =  0.9951132
          corr(   8,   9) =  0.9993411

               --------------------------------------------------------------------------------
               :     old parm   :     new parm   :  delta parm  :   std. err.  : sensitility
               --------------------------------------------------------------------------------
  1  f          :   -8651646.44  :   -8651646.44  :         0.000:         0.000:         0.000:!
  2  f          :     172411.87  :     172411.87  :        -0.000:         0.172:         0.001:!
  3  f          :      50459.03  :      50459.03  :         0.000:        25.621:         0.014:!
  4  f          :      54515.61  :      54515.61  :        -0.001:      1408.569:         0.202:!
  5##f          :      29148.04  :      29148.06  :         0.026:     35466.865:         0.534:!#
  6##f          :      85562.12  :      85561.91  :        -0.208:    432688.202:         1.090:!#
  7##f          :   -1827346.84  :   -1827346.04  :         0.802:   2345112.783:         2.198:!#
  8  f          :    9844398.83  :    9844397.37  :        -1.467:   5477960.047:         4.414:!
  9  f          :  -16086805.59  :  -16086804.57  :         1.018:   4514672.493:         8.848:!

   ------------------------------------------------------------------
   |   iter  |  points |    deviat     |     rms       |  stability  |
   ------------------------------------------------------------------

   -----------------------------------------------------------
   |  param  |  points |   deviat    |    rms      | stability |
   -----------------------------------------------------------
   |     9   |     26  |   0.69716E-03 |  0.19315E-01  |    0.165E-06 |

############################################################################################
