************************************************************************************************************************************
 ************************************************************************************************************************************
 ************************************************************************************************************************************
 ****************                                                                                                    ****************
 ****************          *  FITTING OF THE POTENTIAL PARAMETERS TO AB INITIO DATA                                  ****************
 ****************          *                                                                                         ****************
 ****************          *  2016                                                                                   ****************
 ****************          *  C2H6                                                                                   ****************

 ****************                                                                                                    ****************
 ************************************************************************************************************************************
 ************************************************************************************************************************************
 ************************************************************************************************************************************
 
         6 <= number of degrees of freedom
         3 <= number of bonds
         3 <= number of bond angles
         0 <= number of iterations in the fit
  0.000000 <= The fit is over if the stability is reached 
  0.000010 <= The fit is over if the st.dev. best is reached 
  1.000000 <= sterr parameter out 
  0.000010 <= stdev parameter out 
         2 <= watson robust on (1) or of (0) 
         2 <= number of non-linear parameters
 parameters of structure 
rH        =           1.089
a1        =           1.518
Lowest energy = -39.4193793    

Watson Alpha parameter  0.1000 fitted with rms2 = 

   -----------------------------------------------------------
   |  param  |  points |   deviat    |    rms      | stability |
   -----------------------------------------------------------
   |    28   |   4156  |   0.16603E+04 |  0.59899E+13  |    0.100E+11 |

############################################################################################
