************************************************************************************************************************************
 ************************************************************************************************************************************
 ************************************************************************************************************************************
 ****************                                                                                                    ****************
 ****************          *  FITTING OF THE POTENTIAL PARAMETERS TO AB INITIO DATA                                  ****************
 ****************          *                                                                                         ****************
 ****************          *  2016                                                                                   ****************
 ****************          *  C2H6                                                                                   ****************

 ****************                                                                                                    ****************
 ************************************************************************************************************************************
 ************************************************************************************************************************************
 ************************************************************************************************************************************
 
         6 <= number of degrees of freedom
         3 <= number of bonds
         3 <= number of bond angles
        20 <= number of iterations in the fit
  0.000000 <= The fit is over if the stability is reached 
  0.000010 <= The fit is over if the st.dev. best is reached 
  1.000000 <= sterr parameter out 
  0.000010 <= stdev parameter out 
         1 <= watson robust on (1) or of (0) 
         2 <= number of non-linear parameters
 parameters of structure 
rH        =           1.089
a1        =           1.518
Lowest energy = -39.4197911    

   ------------------------------------------------------------------
   |   iter  |  points |    deviat     |     rms       |  stability  |
   ------------------------------------------------------------------
   |     1   |    114  |   0.38072E-02 |  0.43874E+00  |   0.559E+12 |
   |     2   |    114  |   0.48422E-02 |  0.10751E+00  |   0.269E+01 |
   |     3   |    114  |   0.32280E-02 |  0.43985E+00  |   0.500E+00 |
   |     4   |    114  |   0.32280E-02 |  0.43985E+00  |   0.476E-05 |
   |     5   |    114  |   0.32280E-02 |  0.43985E+00  |   0.365E-07 |
   |     6   |    114  |   0.32280E-02 |  0.43985E+00  |   0.470E-07 |
   |     7   |    114  |   0.32280E-02 |  0.43985E+00  |   0.337E-07 |
   |     8   |    114  |   0.32280E-02 |  0.43985E+00  |   0.328E-07 |
   |     9   |    114  |   0.32280E-02 |  0.43985E+00  |   0.572E-07 |
   |    10   |    114  |   0.32280E-02 |  0.43985E+00  |   0.146E-08 |
   |    11   |    114  |   0.32280E-02 |  0.43985E+00  |   0.282E-07 |
   |    12   |    114  |   0.32280E-02 |  0.43985E+00  |   0.145E-08 |
   |    13   |    114  |   0.32280E-02 |  0.43985E+00  |   0.664E-07 |
   |    14   |    114  |   0.32280E-02 |  0.43985E+00  |   0.968E-07 |
   |    15   |    114  |   0.32280E-02 |  0.43985E+00  |   0.555E-07 |
   |    16   |    114  |   0.32280E-02 |  0.43985E+00  |   0.582E-07 |
   |    17   |    114  |   0.32280E-02 |  0.43985E+00  |   0.468E-07 |
   |    18   |    114  |   0.32280E-02 |  0.43985E+00  |   0.492E-07 |
   |    19   |    114  |   0.32280E-02 |  0.43985E+00  |   0.876E-07 |
   |    20   |    114  |   0.32280E-02 |  0.43985E+00  |   0.907E-07 |
   |    21   |    114  |   0.32280E-02 |  0.43985E+00  |   0.587E-07 |

Watson Alpha parameter  0.1000 fitted with rms2 = 


Potential parameters rounded in accord. with their standart errors

rH  0  0  0  0  0  0   9       1.088700811    (      77)
a1  0  0  0  0  0  0   0   1.5184900    
 f  0  0  0  0  0  0   9    -8651646.43758    (      59)
 f  2  0  0  0  0  0   9         181721.54    (      27)
 f  3  0  0  0  0  0   9          -44188.3    (      23)
 f  4  0  0  0  0  0   9           17734.2    (      88)
 f  5  0  0  0  0  0   9             -336.    (      38)
 f  6  0  0  0  0  0   9             1532.    (      92)
 f  7  0  0  0  0  0   9             -492.    (     181)
 f  8  0  0  0  0  0   9             -116.    (     348)
 f  0  0  0  2  0  0   9         21816.533    (      57)
 f  0  0  0  1  2  0   9           6965.37    (      34)
 f  0  0  0  4  0  0   9           -216.50    (      51)
 f  0  0  0  5  0  0   9             6302.    (      21)
 f  0  0  0  4  2  0   9            -535.6    (      27)
 f  0  0  0  2  4  0   9              96.0    (      45)
 f  0  0  0  7  0  0   9             -848.    (      82)
 f  0  0  0  8  0  0   9              17.9    (      13)
 f  0  0  0  0  0  1   9         172411.08    (      63)
 f  0  0  0  0  0  2   9            50554.    (     105)
 f  0  0  0  0  0  3   9            50100.    (    6024)
 f  0  0  0  0  0  4   9           122832.    (  156614)
 f  0  0  0  0  0  5   9          -851493.    ( 1957709)
 f  0  0  0  0  0  6   9          2589324.    (10735713)
 f  0  0  0  0  0  7   9           387535.    (25221334)
 f  0  0  0  0  0  8   9         -8706928.    (20850356)
------------------------------
*  FITTING OF THE POTENTIAL PARAMETERS TO AB INITIO DATA                        
*                                                                               
*  2016                                                                         
*  C2H6                                                                         
        rH                        9          1.08870081
        a1                        0          1.51848997
 f   0   0   0   0   0   0   9   -8651646.43757956
 f   2   0   0   0   0   0   9     181721.53631127
 f   3   0   0   0   0   0   9     -44188.27412464
 f   4   0   0   0   0   0   9      17734.21273144
 f   5   0   0   0   0   0   9       -335.83905904
 f   6   0   0   0   0   0   9       1532.49424533
 f   7   0   0   0   0   0   9       -492.23163416
 f   8   0   0   0   0   0   9       -116.17062059
 f   0   0   0   2   0   0   9      21816.53274643
 f   0   0   0   1   2   0   9       6965.37061858
 f   0   0   0   4   0   0   9       -216.50140271
 f   0   0   0   5   0   0   9       6302.06541360
 f   0   0   0   4   2   0   9       -535.60906823
 f   0   0   0   2   4   0   9         95.97580150
 f   0   0   0   7   0   0   9       -847.71116781
 f   0   0   0   8   0   0   9         17.90088198
 f   0   0   0   0   0   1   9     172411.08130218
 f   0   0   0   0   0   2   9      50553.63869362
 f   0   0   0   0   0   3   9      50100.28495176
 f   0   0   0   0   0   4   9     122832.16180535
 f   0   0   0   0   0   5   9    -851493.18950391
 f   0   0   0   0   0   6   9    2589324.18567619
 f   0   0   0   0   0   7   9     387534.54934779
 f   0   0   0   0   0   8   9   -8706928.31014846

Correlation coefficients larger than 0.9: 
          corr(   1,   4) =  0.9039327
          corr(   4,   6) =  0.9625455
          corr(   4,   8) =  0.9144784
          corr(   5,   7) =  0.9263699
          corr(   6,   8) =  0.9894829
          corr(   7,   9) =  0.9364714
          corr(  10,  12) =  0.9219141
          corr(  11,  13) =  0.9834697
          corr(  11,  16) =  0.9700847
          corr(  11,  17) =  0.9039230
          corr(  12,  14) =  0.9370464
          corr(  13,  16) =  0.9979496
          corr(  13,  17) =  0.9434782
          corr(  14,  15) =  0.9850692
          corr(  14,  17) =  0.9202137
          corr(  15,  17) =  0.9732511
          corr(  16,  17) =  0.9504754
          corr(  18,  19) =  0.9501120
          corr(  19,  20) =  0.9729590
          corr(  20,  21) =  0.9727063
          corr(  20,  22) =  0.9016186
          corr(  21,  22) =  0.9767048
          corr(  21,  23) =  0.9461581
          corr(  21,  24) =  0.9250991
          corr(  21,  25) =  0.9115575
          corr(  22,  23) =  0.9935359
          corr(  22,  24) =  0.9848895
          corr(  22,  25) =  0.9783032
          corr(  23,  24) =  0.9981740
          corr(  23,  25) =  0.9954680
          corr(  24,  25) =  0.9993927

               --------------------------------------------------------------------------------
               :     old parm   :     new parm   :  delta parm  :   std. err.  : sensitility
               --------------------------------------------------------------------------------
  1  rH         :          1.09  :          1.09  :        -0.000:         0.000:         0.000:!
  2  f          :   -8651646.44  :   -8651646.44  :         0.000:         0.001:         0.000:!
  3  f          :     181721.54  :     181721.54  :        -0.000:         0.273:         0.001:!
  4  f          :     -44188.27  :     -44188.27  :        -0.000:         2.336:         0.003:!
  5  f          :      17734.21  :      17734.21  :         0.000:         8.765:         0.009:!
  6  f          :       -335.84  :       -335.84  :         0.000:        38.462:         0.024:!
  7  f          :       1532.49  :       1532.49  :        -0.000:        92.183:         0.067:!
  8  f          :       -492.23  :       -492.23  :        -0.000:       180.586:         0.186:!
  9##f          :       -116.17  :       -116.17  :         0.000:       348.128:         0.514:!#
 10  f          :      21816.53  :      21816.53  :         0.000:         0.057:         0.000:!
 11  f          :       6965.37  :       6965.37  :         0.000:         0.343:         0.000:!
 12  f          :       -216.50  :       -216.50  :        -0.000:         0.510:         0.000:!
 13  f          :       6302.07  :       6302.07  :        -0.000:        20.930:         0.004:!
 14  f          :       -535.61  :       -535.61  :        -0.000:         2.666:         0.002:!
 15  f          :         95.98  :         95.98  :        -0.000:         4.540:         0.001:!
 16  f          :       -847.71  :       -847.71  :         0.000:        82.200:         0.017:!
 17  f          :         17.90  :         17.90  :         0.000:         1.290:         0.000:!
 18  f          :     172411.08  :     172411.08  :        -0.000:         0.628:         0.002:!
 19  f          :      50553.64  :      50553.64  :         0.000:       104.606:         0.049:!
 20  f          :      50100.29  :      50100.28  :        -0.002:      6023.697:         0.721:!
 21##f          :     122832.13  :     122832.16  :         0.034:    156613.620:         1.909:!#
 22##f          :    -851492.96  :    -851493.19  :        -0.234:   1957709.027:         3.893:!#
 23##f          :    2589323.45  :    2589324.19  :         0.740:  10735713.391:         7.852:!#
 24##f          :     387535.63  :     387534.55  :        -1.082:  25221334.191:        15.772:!#
 25##f          :   -8706928.90  :   -8706928.31  :         0.590:  20850356.316:        31.613:!#

   ------------------------------------------------------------------
   |   iter  |  points |    deviat     |     rms       |  stability  |
   ------------------------------------------------------------------

   -----------------------------------------------------------
   |  param  |  points |   deviat    |    rms      | stability |
   -----------------------------------------------------------
   |    25   |    114  |   0.32280E-02 |  0.22495E+02  |    0.587E-07 |

############################################################################################
