************************************************************************************************************************************
 ************************************************************************************************************************************
 ************************************************************************************************************************************
 ****************                                                                                                    ****************
 ****************          *  FITTING OF THE POTENTIAL PARAMETERS TO AB INITIO DATA                                  ****************
 ****************          *                                                                                         ****************
 ****************          *  2016                                                                                   ****************
 ****************          *  C2H6                                                                                   ****************

 ****************                                                                                                    ****************
 ************************************************************************************************************************************
 ************************************************************************************************************************************
 ************************************************************************************************************************************
 
         6 <= number of degrees of freedom
         3 <= number of bonds
         3 <= number of bond angles
        20 <= number of iterations in the fit
  0.000000 <= The fit is over if the stability is reached 
  0.000010 <= The fit is over if the st.dev. best is reached 
  1.000000 <= sterr parameter out 
  0.000010 <= stdev parameter out 
         1 <= watson robust on (1) or of (0) 
         2 <= number of non-linear parameters
 parameters of structure 
rH        =           1.089
a1        =           1.518
Lowest energy = -39.4193793    

   ------------------------------------------------------------------
   |   iter  |  points |    deviat     |     rms       |  stability  |
   ------------------------------------------------------------------
   |     1   |     35  |   0.18980E+02 |  0.94897E+07  |   0.143E+04 |
   |     2   |     35  |   0.10616E-01 |  0.40871E+00  |   0.107E+10 |
   |     3   |     35  |   0.13615E+00 |  0.16615E+00  |   0.952E+00 |
   |     4   |     35  |   0.89729E-02 |  0.49465E+00  |   0.143E+02 |
   |     5   |     35  |   0.89729E-02 |  0.49465E+00  |   0.778E-03 |
   |     6   |     35  |   0.89729E-02 |  0.49465E+00  |   0.820E-07 |
   |     7   |     35  |   0.89729E-02 |  0.49465E+00  |   0.209E-08 |
   |     8   |     35  |   0.89729E-02 |  0.49465E+00  |   0.165E-07 |
   |     9   |     35  |   0.89729E-02 |  0.49465E+00  |   0.271E-07 |
   |    10   |     35  |   0.89729E-02 |  0.49465E+00  |   0.211E-07 |
   |    11   |     35  |   0.89729E-02 |  0.49465E+00  |   0.530E-08 |
   |    12   |     35  |   0.89729E-02 |  0.49465E+00  |   0.526E-08 |
   |    13   |     35  |   0.89729E-02 |  0.49465E+00  |   0.229E-07 |
   |    14   |     35  |   0.89729E-02 |  0.49465E+00  |   0.300E-07 |
   |    15   |     35  |   0.89729E-02 |  0.49465E+00  |   0.294E-07 |
   |    16   |     35  |   0.89729E-02 |  0.49465E+00  |   0.394E-07 |
   |    17   |     35  |   0.89729E-02 |  0.49465E+00  |   0.266E-07 |
   |    18   |     35  |   0.89729E-02 |  0.49465E+00  |   0.781E-08 |
   |    19   |     35  |   0.89729E-02 |  0.49465E+00  |   0.124E-07 |
   |    20   |     35  |   0.89729E-02 |  0.49465E+00  |   0.145E-07 |
   |    21   |     35  |   0.89729E-02 |  0.49465E+00  |   0.373E-08 |

Watson Alpha parameter  0.1000 fitted with rms2 = 


Potential parameters rounded in accord. with their standart errors

rH  0  0  0  0  0  0   0   1.0889545    
a1  0  0  0  0  0  0   0   1.5184900    
 f  0  0  0  0  0  0   9     -8653060.6147    (      22)
 f  0  0  0  0  0  2   0   83800.803    
 f  0  0  0  0  0  3   0  -239379.11    
 f  0  0  0  0  0  4   0   257110.33    
 f  0  0  0  0  0  5   0  -122348.42    
 f  0  0  0  0  0  6   0   22321.788    
 f  2  0  0  0  0  0   0   90781.776    
 f  3  0  0  0  0  0   0  -22058.252    
 f  4  0  0  0  0  0   0   8785.7753    
 f  5  0  0  0  0  0   0  -288.60276    
 f  6  0  0  0  0  0   0   803.88245    
 f  0  0  0  2  0  0   9          21818.50    (      17)
 f  0  0  0  1  2  0   8           6972.54    (      54)
 f  0  0  0  4  0  0   7            -213.8    (      12)
 f  0  0  0  5  0  0   6             5910.    (      23)
 f  0  0  0  4  2  0   5            -495.5    (      33)
 f  0  0  0  2  4  0   5             132.4    (      64)
------------------------------
*  FITTING OF THE POTENTIAL PARAMETERS TO AB INITIO DATA                        
*                                                                               
*  2016                                                                         
*  C2H6                                                                         
        rH                        0          1.08895452
        a1                        0          1.51848997
 f   0   0   0   0   0   0   9   -8653060.61468855
 f   0   0   0   0   0   2   0      83800.80315947
 f   0   0   0   0   0   3   0    -239379.11413139
 f   0   0   0   0   0   4   0     257110.33096193
 f   0   0   0   0   0   5   0    -122348.41996380
 f   0   0   0   0   0   6   0      22321.78801265
 f   2   0   0   0   0   0   0      90781.77563102
 f   3   0   0   0   0   0   0     -22058.25160601
 f   4   0   0   0   0   0   0       8785.77530470
 f   5   0   0   0   0   0   0       -288.60276274
 f   6   0   0   0   0   0   0        803.88245317
 f   0   0   0   2   0   0   9      21818.50343081
 f   0   0   0   1   2   0   8       6972.54316572
 f   0   0   0   4   0   0   7       -213.80796071
 f   0   0   0   5   0   0   6       5910.08014097
 f   0   0   0   4   2   0   5       -495.49894838
 f   0   0   0   2   4   0   5        132.38090950

Correlation coefficients larger than 0.9: 
          corr(   2,   4) =  0.9609192
          corr(   2,   6) =  0.9340539
          corr(   3,   5) =  0.9561868
          corr(   4,   6) =  0.9309776

               --------------------------------------------------------------------------------
               :     old parm   :     new parm   :  delta parm  :   std. err.  : sensitility
               --------------------------------------------------------------------------------
  1  f          :   -8653060.61  :   -8653060.61  :         0.000:         0.002:         0.000:!
  2  f          :      21818.50  :      21818.50  :        -0.000:         0.170:         0.001:!
  3  f          :       6972.54  :       6972.54  :        -0.000:         0.545:         0.004:!
  4  f          :       -213.81  :       -213.81  :         0.000:         1.175:         0.002:!
  5  f          :       5910.08  :       5910.08  :         0.000:        22.977:         0.068:!
  6  f          :       -495.50  :       -495.50  :        -0.000:         3.345:         0.013:!
  7  f          :        132.38  :        132.38  :         0.000:         6.411:         0.016:!
relat_sterr_min,ilow_sterr, tivar:    0.10000000D+21   -1    5
rH                                 0          1.08895452
a1                                 0          1.51848997
 f   0   0   0   0   0   0   9   -8653060.61468855
 f   0   0   0   0   0   2   0      83800.80315947
 f   0   0   0   0   0   3   0    -239379.11413139
 f   0   0   0   0   0   4   0     257110.33096193
 f   0   0   0   0   0   5   0    -122348.41996380
 f   0   0   0   0   0   6   0      22321.78801265
 f   2   0   0   0   0   0   0      90781.77563102
 f   3   0   0   0   0   0   0     -22058.25160601
 f   4   0   0   0   0   0   0       8785.77530470
 f   5   0   0   0   0   0   0       -288.60276274
 f   6   0   0   0   0   0   0        803.88245317
 f   0   0   0   2   0   0   9      21818.50343081
 f   0   0   0   1   2   0   8       6972.54316572
 f   0   0   0   4   0   0   7       -213.80796071
 f   0   0   0   5   0   0   6       5910.08014097
 f   0   0   0   4   2   0   5       -495.49894838
 f   0   0   0   2   4   0   5        132.38090950
relat_sterr_min,ilow_sterr, tivar:    0.10000000D+21   -1    6
rH                                 0          1.08895452
a1                                 0          1.51848997
 f   0   0   0   0   0   0   9   -8653060.61468855
 f   0   0   0   0   0   2   0      83800.80315947
 f   0   0   0   0   0   3   0    -239379.11413139
 f   0   0   0   0   0   4   0     257110.33096193
 f   0   0   0   0   0   5   0    -122348.41996380
 f   0   0   0   0   0   6   0      22321.78801265
 f   2   0   0   0   0   0   0      90781.77563102
 f   3   0   0   0   0   0   0     -22058.25160601
 f   4   0   0   0   0   0   0       8785.77530470
 f   5   0   0   0   0   0   0       -288.60276274
 f   6   0   0   0   0   0   0        803.88245317
 f   0   0   0   2   0   0   9      21818.50343081
 f   0   0   0   1   2   0   8       6972.54316572
 f   0   0   0   4   0   0   7       -213.80796071
 f   0   0   0   5   0   0   6       5910.08014097
 f   0   0   0   4   2   0   5       -495.49894838
 f   0   0   0   2   4   0   5        132.38090950
relat_sterr_min,ilow_sterr, tivar:    0.10000000D+21   -1    7
rH                                 0          1.08895452
a1                                 0          1.51848997
 f   0   0   0   0   0   0   9   -8653060.61468855
 f   0   0   0   0   0   2   0      83800.80315947
 f   0   0   0   0   0   3   0    -239379.11413139
 f   0   0   0   0   0   4   0     257110.33096193
 f   0   0   0   0   0   5   0    -122348.41996380
 f   0   0   0   0   0   6   0      22321.78801265
 f   2   0   0   0   0   0   0      90781.77563102
 f   3   0   0   0   0   0   0     -22058.25160601
 f   4   0   0   0   0   0   0       8785.77530470
 f   5   0   0   0   0   0   0       -288.60276274
 f   6   0   0   0   0   0   0        803.88245317
 f   0   0   0   2   0   0   9      21818.50343081
 f   0   0   0   1   2   0   8       6972.54316572
 f   0   0   0   4   0   0   7       -213.80796071
 f   0   0   0   5   0   0   6       5910.08014097
 f   0   0   0   4   2   0   5       -495.49894838
 f   0   0   0   2   4   0   5        132.38090950
relat_sterr_min,ilow_sterr, tivar:    0.10000000D+21   -1    8
rH                                 0          1.08895452
a1                                 0          1.51848997
 f   0   0   0   0   0   0   9   -8653060.61468855
 f   0   0   0   0   0   2   0      83800.80315947
 f   0   0   0   0   0   3   0    -239379.11413139
 f   0   0   0   0   0   4   0     257110.33096193
 f   0   0   0   0   0   5   0    -122348.41996380
 f   0   0   0   0   0   6   0      22321.78801265
 f   2   0   0   0   0   0   0      90781.77563102
 f   3   0   0   0   0   0   0     -22058.25160601
 f   4   0   0   0   0   0   0       8785.77530470
 f   5   0   0   0   0   0   0       -288.60276274
 f   6   0   0   0   0   0   0        803.88245317
 f   0   0   0   2   0   0   9      21818.50343081
 f   0   0   0   1   2   0   8       6972.54316572
 f   0   0   0   4   0   0   7       -213.80796071
 f   0   0   0   5   0   0   6       5910.08014097
 f   0   0   0   4   2   0   5       -495.49894838
 f   0   0   0   2   4   0   5        132.38090950

   ------------------------------------------------------------------
   |   iter  |  points |    deviat     |     rms       |  stability  |
   ------------------------------------------------------------------

   -----------------------------------------------------------
   |  param  |  points |   deviat    |    rms      | stability |
   -----------------------------------------------------------
   |     7   |     35  |   0.89729E-02 |  0.90584E+01  |    0.373E-08 |

############################################################################################
