************************************************************************************************************************************
 ************************************************************************************************************************************
 ************************************************************************************************************************************
 ****************                                                                                                    ****************
 ****************          *  FITTING OF THE POTENTIAL PARAMETERS TO AB INITIO DATA                                  ****************
 ****************          *                                                                                         ****************
 ****************          *  2016                                                                                   ****************
 ****************          *  C2H6                                                                                   ****************

 ****************                                                                                                    ****************
 ************************************************************************************************************************************
 ************************************************************************************************************************************
 ************************************************************************************************************************************
 
         6 <= number of degrees of freedom
         3 <= number of bonds
         3 <= number of bond angles
        20 <= number of iterations in the fit
  0.000000 <= The fit is over if the stability is reached 
  0.000010 <= The fit is over if the st.dev. best is reached 
  1.000000 <= sterr parameter out 
  0.000010 <= stdev parameter out 
         1 <= watson robust on (1) or of (0) 
         2 <= number of non-linear parameters
 parameters of structure 
rH        =           1.089
a1        =           1.518
Lowest energy = -39.4197911    

   ------------------------------------------------------------------
   |   iter  |  points |    deviat     |     rms       |  stability  |
   ------------------------------------------------------------------
   |     1   |     55  |   0.12010E+03 |  0.51939E+04  |   0.506E+07 |
   |     2   |     55  |   0.48175E+01 |  0.16515E+02  |   0.737E+03 |
   |     3   |     55  |   0.31644E-01 |  0.57865E-01  |   0.926E+02 |
   |     4   |     55  |   0.25641E-02 |  0.18119E+00  |   0.101E+02 |
   |     5   |     55  |   0.16480E-02 |  0.58873E+00  |   0.556E+00 |
   |     6   |     55  |   0.16480E-02 |  0.58875E+00  |   0.764E-07 |
   |     7   |     55  |   0.16480E-02 |  0.58875E+00  |   0.100E-07 |
   |     8   |     55  |   0.16480E-02 |  0.58875E+00  |   0.299E-06 |
   |     9   |     55  |   0.16480E-02 |  0.58875E+00  |   0.253E-06 |
   |    10   |     55  |   0.16480E-02 |  0.58875E+00  |   0.252E-08 |
   |    11   |     55  |   0.16480E-02 |  0.58875E+00  |   0.309E-07 |
   |    12   |     55  |   0.16480E-02 |  0.58875E+00  |   0.217E-07 |
   |    13   |     55  |   0.16480E-02 |  0.58875E+00  |   0.162E-06 |
   |    14   |     55  |   0.16480E-02 |  0.58875E+00  |   0.590E-08 |
   |    15   |     55  |   0.16480E-02 |  0.58875E+00  |   0.200E-06 |
   |    16   |     55  |   0.16480E-02 |  0.58875E+00  |   0.749E-07 |
   |    17   |     55  |   0.16480E-02 |  0.58875E+00  |   0.114E-06 |
   |    18   |     55  |   0.16480E-02 |  0.58875E+00  |   0.116E-06 |
   |    19   |     55  |   0.16480E-02 |  0.58875E+00  |   0.188E-06 |
   |    20   |     55  |   0.16480E-02 |  0.58875E+00  |   0.275E-06 |
   |    21   |     55  |   0.16480E-02 |  0.58875E+00  |   0.240E-06 |

Watson Alpha parameter  0.1000 fitted with rms2 = 


Potential parameters rounded in accord. with their standart errors

rH  0  0  0  0  0  0   9       1.088700810    (      37)
a1  0  0  0  0  0  0   0   1.5184900    
 f  0  0  0  0  0  0   9    -8651646.43714    (      49)
 f  2  0  0  0  0  0   9         181721.43    (      16)
 f  3  0  0  0  0  0   9          -44188.3    (      11)
 f  4  0  0  0  0  0   9           17736.5    (      47)
 f  5  0  0  0  0  0   9             -335.    (      19)
 f  6  0  0  0  0  0   9             1516.    (      47)
 f  7  0  0  0  0  0   9             -494.    (      88)
 f  8  0  0  0  0  0   9              -84.    (     171)
------------------------------
*  FITTING OF THE POTENTIAL PARAMETERS TO AB INITIO DATA                        
*                                                                               
*  2016                                                                         
*  C2H6                                                                         
        rH                        9          1.08870081
        a1                        0          1.51848997
 f   0   0   0   0   0   0   9   -8651646.43713700
 f   2   0   0   0   0   0   9     181721.42822437
 f   3   0   0   0   0   0   9     -44188.28851447
 f   4   0   0   0   0   0   9      17736.50673614
 f   5   0   0   0   0   0   9       -335.48375628
 f   6   0   0   0   0   0   9       1516.47645068
 f   7   0   0   0   0   0   9       -494.07091298
 f   8   0   0   0   0   0   9        -84.01574456

Correlation coefficients larger than 0.9: 
          corr(   1,   4) =  0.9039052
          corr(   3,   5) =  0.9105117
          corr(   4,   6) =  0.9625370
          corr(   4,   8) =  0.9144712
          corr(   5,   7) =  0.9271885
          corr(   6,   8) =  0.9894848
          corr(   7,   9) =  0.9302235

               --------------------------------------------------------------------------------
               :     old parm   :     new parm   :  delta parm  :   std. err.  : sensitility
               --------------------------------------------------------------------------------
  1  rH         :          1.09  :          1.09  :         0.000:         0.000:         0.000:!
  2  f          :   -8651646.44  :   -8651646.44  :         0.000:         0.000:         0.000:!
  3  f          :     181721.43  :     181721.43  :         0.000:         0.165:         0.001:!
  4  f          :     -44188.29  :     -44188.29  :         0.000:         1.133:         0.003:!
  5  f          :      17736.51  :      17736.51  :        -0.000:         4.734:         0.008:!
  6  f          :       -335.48  :       -335.48  :         0.000:        18.655:         0.022:!
  7  f          :       1516.48  :       1516.48  :         0.000:        47.009:         0.063:!
  8  f          :       -494.07  :       -494.07  :        -0.000:        87.589:         0.174:!
  9##f          :        -84.02  :        -84.02  :        -0.000:       171.327:         0.481:!#

   ------------------------------------------------------------------
   |   iter  |  points |    deviat     |     rms       |  stability  |
   ------------------------------------------------------------------

   -----------------------------------------------------------
   |  param  |  points |   deviat    |    rms      | stability |
   -----------------------------------------------------------
   |     9   |     55  |   0.16480E-02 |  0.19653E+02  |    0.240E-06 |

############################################################################################
