************************************************************************************************************************************
 ************************************************************************************************************************************
 ************************************************************************************************************************************
 ****************                                                                                                    ****************
 ****************          *  FITTING OF THE POTENTIAL PARAMETERS TO AB INITIO DATA                                  ****************
 ****************          *                                                                                         ****************
 ****************          *  2016                                                                                   ****************
 ****************          *  C2H6                                                                                   ****************

 ****************                                                                                                    ****************
 ************************************************************************************************************************************
 ************************************************************************************************************************************
 ************************************************************************************************************************************
 
         6 <= number of degrees of freedom
         3 <= number of bonds
         3 <= number of bond angles
        20 <= number of iterations in the fit
  0.000000 <= The fit is over if the stability is reached 
  0.000010 <= The fit is over if the st.dev. best is reached 
  1.000000 <= sterr parameter out 
  0.000010 <= stdev parameter out 
         2 <= watson robust on (1) or of (0) 
         2 <= number of non-linear parameters
 parameters of structure 
rH        =           1.089
a1        =           1.518
Lowest energy = -39.4197911    

   ------------------------------------------------------------------
   |   iter  |  points |    deviat     |     rms       |  stability  |
   ------------------------------------------------------------------
   |     1   |    703  |   0.30219E+01 |  0.10209E+03  |   0.611E+09 |
   |     2   |    703  |   0.10072E-01 |  0.12369E+00  |   0.143E+04 |
   |     3   |    703  |   0.10296E-01 |  0.34741E+00  |   0.108E+00 |
   |     4   |    703  |   0.43501E-02 |  0.93652E+00  |   0.137E+01 |
   |     5   |    703  |   0.43501E-02 |  0.93652E+00  |   0.163E-04 |
   |     6   |    703  |   0.43501E-02 |  0.93654E+00  |   0.605E-07 |
   |     7   |    703  |   0.43501E-02 |  0.93654E+00  |   0.407E-07 |
   |     8   |    703  |   0.43501E-02 |  0.93654E+00  |   0.112E-07 |
   |     9   |    703  |   0.43501E-02 |  0.93654E+00  |   0.716E-08 |
   |    10   |    703  |   0.43501E-02 |  0.93654E+00  |   0.223E-07 |
   |    11   |    703  |   0.43501E-02 |  0.93654E+00  |   0.247E-08 |
   |    12   |    703  |   0.43501E-02 |  0.93654E+00  |   0.585E-08 |
   |    13   |    703  |   0.43501E-02 |  0.93654E+00  |   0.233E-09 |
   |    14   |    703  |   0.43501E-02 |  0.93654E+00  |   0.980E-08 |
   |    15   |    703  |   0.43501E-02 |  0.93654E+00  |   0.982E-08 |
   |    16   |    703  |   0.43501E-02 |  0.93654E+00  |   0.331E-07 |
   |    17   |    703  |   0.43501E-02 |  0.93654E+00  |   0.843E-07 |
   |    18   |    703  |   0.43501E-02 |  0.93654E+00  |   0.163E-07 |
   |    19   |    703  |   0.43501E-02 |  0.93654E+00  |   0.313E-08 |
   |    20   |    703  |   0.43501E-02 |  0.93654E+00  |   0.463E-07 |
   |    21   |    703  |   0.43501E-02 |  0.93654E+00  |   0.448E-07 |

Watson Alpha parameter  0.1000 fitted with rms2 = 


Potential parameters rounded in accord. with their standart errors

rH  0  0  0  0  0  0   9       1.088718301    (      25)
a1  0  0  0  0  0  0   0   1.5184900    
 f  0  0  0  0  0  0   9    -8651646.45423    (      59)
 f  2  0  0  0  0  0   9         181709.03    (      12)
 f  3  0  0  0  0  0   9         -44194.31    (      61)
 f  4  0  0  0  0  0   9           17734.3    (      30)
 f  5  0  0  0  0  0   9            -329.2    (      94)
 f  6  0  0  0  0  0   9             1514.    (      26)
 f  7  0  0  0  0  0   9             -504.    (      44)
 f  8  0  0  0  0  0   9              -72.    (      89)
 f  0  0  0  2  0  0   0   21816.526    
 f  0  0  0  1  2  0   0   6965.3725    
 f  0  0  0  4  0  0   0  -216.45773    
 f  0  0  0  5  0  0   0   6301.9471    
 f  0  0  0  4  2  0   0  -535.77315    
 f  0  0  0  2  4  0   0   95.752139    
 f  0  0  0  7  0  0   0  -847.24306    
 f  0  0  0  8  0  0   0   17.940048    
 f  0  0  0  0  0  1   0   172411.87    
 f  0  0  0  0  0  2   0   50459.030    
 f  0  0  0  0  0  3   0   54515.606    
 f  0  0  0  0  0  4   0   29148.061    
 f  0  0  0  0  0  5   0   85561.914    
 f  0  0  0  0  0  6   0  -1827346.0    
 f  0  0  0  0  0  7   0   9844397.4    
 f  0  0  0  0  0  8   0  -16086805.    
 f  1  1  0  0  0  0   9          -1406.92    (      17)
 f  2  1  0  0  0  0   8             326.1    (      11)
 f  2  2  0  0  0  0   7           -1025.1    (      47)
 f  3  1  0  0  0  0   7           -3012.7    (      81)
 f  4  1  0  0  0  0   6             -995.    (      20)
 f  3  2  0  0  0  0   6             -979.    (      21)
 f  3  3  0  0  0  0   5             -267.    (      58)
 f  4  2  0  0  0  0   5             -834.    (      84)
 f  5  1  0  0  0  0   5             -378.    (      82)
 f  6  1  0  0  0  0   4             -121.    (     113)
 f  5  2  0  0  0  0   4            -1015.    (     131)
 f  4  3  0  0  0  0   4             -568.    (     130)
 f  7  1  0  0  0  0   3            -1077.    (     384)
 f  6  2  0  0  0  0   3             -937.    (     386)
 f  5  3  0  0  0  0   3              150.    (     368)
 f  4  4  0  0  0  0   3            -1190.    (     291)
------------------------------
*  FITTING OF THE POTENTIAL PARAMETERS TO AB INITIO DATA                        
*                                                                               
*  2016                                                                         
*  C2H6                                                                         
        rH                        9          1.08871830
        a1                        0          1.51848997
 f   0   0   0   0   0   0   9   -8651646.45422761
 f   2   0   0   0   0   0   9     181709.03460100
 f   3   0   0   0   0   0   9     -44194.30570643
 f   4   0   0   0   0   0   9      17734.25962989
 f   5   0   0   0   0   0   9       -329.23245736
 f   6   0   0   0   0   0   9       1513.89003104
 f   7   0   0   0   0   0   9       -503.53102931
 f   8   0   0   0   0   0   9        -72.34093768
 f   0   0   0   2   0   0   0      21816.52609143
 f   0   0   0   1   2   0   0       6965.37247657
 f   0   0   0   4   0   0   0       -216.45773132
 f   0   0   0   5   0   0   0       6301.94706657
 f   0   0   0   4   2   0   0       -535.77314767
 f   0   0   0   2   4   0   0         95.75213950
 f   0   0   0   7   0   0   0       -847.24306357
 f   0   0   0   8   0   0   0         17.94004806
 f   0   0   0   0   0   1   0     172411.87366290
 f   0   0   0   0   0   2   0      50459.03010456
 f   0   0   0   0   0   3   0      54515.60559146
 f   0   0   0   0   0   4   0      29148.06121265
 f   0   0   0   0   0   5   0      85561.91384430
 f   0   0   0   0   0   6   0   -1827346.03639585
 f   0   0   0   0   0   7   0    9844397.36508893
 f   0   0   0   0   0   8   0  -16086804.57175012
 f   1   1   0   0   0   0   9      -1406.91723377
 f   2   1   0   0   0   0   8        326.08793135
 f   2   2   0   0   0   0   7      -1025.12167429
 f   3   1   0   0   0   0   7      -3012.70973259
 f   4   1   0   0   0   0   6       -995.16485351
 f   3   2   0   0   0   0   6       -979.21240281
 f   3   3   0   0   0   0   5       -267.06704557
 f   4   2   0   0   0   0   5       -833.95462023
 f   5   1   0   0   0   0   5       -378.12829414
 f   6   1   0   0   0   0   4       -120.65565839
 f   5   2   0   0   0   0   4      -1014.92442598
 f   4   3   0   0   0   0   4       -567.74982502
 f   7   1   0   0   0   0   3      -1076.55344050
 f   6   2   0   0   0   0   3       -937.15283935
 f   5   3   0   0   0   0   3        149.50309535
 f   4   4   0   0   0   0   3      -1189.53878911

Correlation coefficients larger than 0.9: 
          corr(   4,   6) =  0.9176479
          corr(   5,   7) =  0.9154384
          corr(   6,   8) =  0.9747725
          corr(  10,  13) =  0.9601656
          corr(  12,  17) =  0.9657481
          corr(  14,  19) =  0.9414051
          corr(  18,  22) =  0.9043964

               --------------------------------------------------------------------------------
               :     old parm   :     new parm   :  delta parm  :   std. err.  : sensitility
               --------------------------------------------------------------------------------
  1  rH         :          1.09  :          1.09  :        -0.000:         0.000:         0.000:!
  2  f          :   -8651646.45  :   -8651646.45  :         0.000:         0.001:         0.000:!
  3  f          :     181709.03  :     181709.03  :        -0.000:         0.124:         0.001:!
  4  f          :     -44194.31  :     -44194.31  :        -0.000:         0.612:         0.002:!
  5  f          :      17734.26  :      17734.26  :         0.000:         2.962:         0.007:!
  6  f          :       -329.23  :       -329.23  :         0.000:         9.413:         0.020:!
  7  f          :       1513.89  :       1513.89  :        -0.000:        26.131:         0.055:!
  8  f          :       -503.53  :       -503.53  :        -0.000:        44.255:         0.152:!
  9##f          :        -72.34  :        -72.34  :         0.000:        88.810:         0.418:!#
 10  f          :      -1406.92  :      -1406.92  :        -0.000:         0.174:         0.002:!
 11  f          :        326.09  :        326.09  :         0.000:         1.067:         0.010:!
 12  f          :      -1025.12  :      -1025.12  :         0.000:         4.700:         0.036:!
 13  f          :      -3012.71  :      -3012.71  :        -0.000:         8.102:         0.030:!
 14  f          :       -995.16  :       -995.16  :        -0.000:        20.423:         0.116:!
 15  f          :       -979.21  :       -979.21  :        -0.000:        21.232:         0.181:!
 16  f          :       -267.07  :       -267.07  :         0.000:        58.328:         0.596:!
 17  f          :       -833.95  :       -833.95  :        -0.000:        83.814:         0.522:!
 18  f          :       -378.13  :       -378.13  :         0.000:        81.616:         0.327:!
 19  f          :       -120.66  :       -120.66  :         0.000:       113.496:         0.991:!
 20  f          :      -1014.92  :      -1014.92  :         0.000:       130.940:         1.911:!
 21  f          :       -567.75  :       -567.75  :        -0.000:       130.499:         2.671:!
 22  f          :      -1076.55  :      -1076.55  :        -0.000:       383.635:         2.644:!
 23  f          :       -937.15  :       -937.15  :         0.000:       386.314:         4.766:!
 24##f          :        149.50  :        149.50  :        -0.000:       367.589:         6.280:!#
 25  f          :      -1189.54  :      -1189.54  :        -0.000:       291.232:         6.740:!
corr, param, (st. err.)  number         0.7122648     -1076.5534405       383.6345370  39
relat_sterr,ilarge_sterr, tivar:        2.45874055   41    3
relat_sterr_min,ilow_sterr, tivar:    0.24587405D+01   41    3
rH                                 9          1.08871830
a1                                 0          1.51848997
 f   0   0   0   0   0   0   9   -8651646.45422761
 f   2   0   0   0   0   0   9     181709.03460100
 f   3   0   0   0   0   0   9     -44194.30570643
 f   4   0   0   0   0   0   9      17734.25962989
 f   5   0   0   0   0   0   9       -329.23245736
 f   6   0   0   0   0   0   9       1513.89003104
 f   7   0   0   0   0   0   9       -503.53102931
 f   8   0   0   0   0   0   9        -72.34093768
 f   0   0   0   2   0   0   0      21816.52609143
 f   0   0   0   1   2   0   0       6965.37247657
 f   0   0   0   4   0   0   0       -216.45773132
 f   0   0   0   5   0   0   0       6301.94706657
 f   0   0   0   4   2   0   0       -535.77314767
 f   0   0   0   2   4   0   0         95.75213950
 f   0   0   0   7   0   0   0       -847.24306357
 f   0   0   0   8   0   0   0         17.94004806
 f   0   0   0   0   0   1   0     172411.87366290
 f   0   0   0   0   0   2   0      50459.03010456
 f   0   0   0   0   0   3   0      54515.60559146
 f   0   0   0   0   0   4   0      29148.06121265
 f   0   0   0   0   0   5   0      85561.91384430
 f   0   0   0   0   0   6   0   -1827346.03639585
 f   0   0   0   0   0   7   0    9844397.36508893
 f   0   0   0   0   0   8   0  -16086804.57175012
 f   1   1   0   0   0   0   9      -1406.91723377
 f   2   1   0   0   0   0   8        326.08793135
 f   2   2   0   0   0   0   7      -1025.12167429
 f   3   1   0   0   0   0   7      -3012.70973259
 f   4   1   0   0   0   0   6       -995.16485351
 f   3   2   0   0   0   0   6       -979.21240281
 f   3   3   0   0   0   0   5       -267.06704557
 f   4   2   0   0   0   0   5       -833.95462023
 f   5   1   0   0   0   0   5       -378.12829414
 f   6   1   0   0   0   0   4       -120.65565839
 f   5   2   0   0   0   0   4      -1014.92442598
 f   4   3   0   0   0   0   4       -567.74982502
 f   7   1   0   0   0   0   3      -1076.55344050
 f   6   2   0   0   0   0   3       -937.15283935
 f   5   3   0   0   0   0   0          0.00000000
 f   4   4   0   0   0   0   3      -1189.53878911
     1 parameters are out - 
   |     1   |    703  |   0.43673E-02 |  0.95656E+00  |   0.229E+13 |
   |     2   |    703  |   0.43475E-02 |  0.93477E+00  |   0.457E-02 |
   |     3   |    703  |   0.43475E-02 |  0.93477E+00  |   0.368E-07 |
   |     4   |    703  |   0.43475E-02 |  0.93477E+00  |   0.662E-07 |
   |     5   |    703  |   0.43475E-02 |  0.93477E+00  |   0.599E-07 |
   |     6   |    703  |   0.43475E-02 |  0.93477E+00  |   0.381E-07 |
   |     7   |    703  |   0.43475E-02 |  0.93477E+00  |   0.205E-07 |
   |     8   |    703  |   0.43475E-02 |  0.93477E+00  |   0.774E-08 |
   |     9   |    703  |   0.43475E-02 |  0.93477E+00  |   0.608E-07 |
   |    10   |    703  |   0.43475E-02 |  0.93477E+00  |   0.134E-07 |
   |    11   |    703  |   0.43475E-02 |  0.93477E+00  |   0.448E-07 |
   |    12   |    703  |   0.43475E-02 |  0.93477E+00  |   0.309E-08 |
   |    13   |    703  |   0.43475E-02 |  0.93477E+00  |   0.300E-07 |
   |    14   |    703  |   0.43475E-02 |  0.93477E+00  |   0.148E-07 |
   |    15   |    703  |   0.43475E-02 |  0.93477E+00  |   0.282E-07 |
   |    16   |    703  |   0.43475E-02 |  0.93477E+00  |   0.824E-08 |
   |    17   |    703  |   0.43475E-02 |  0.93477E+00  |   0.267E-07 |
   |    18   |    703  |   0.43475E-02 |  0.93477E+00  |   0.119E-07 |
   |    19   |    703  |   0.43475E-02 |  0.93477E+00  |   0.143E-07 |
   |    20   |    703  |   0.43475E-02 |  0.93477E+00  |   0.653E-08 |
   |    21   |    703  |   0.43475E-02 |  0.93477E+00  |   0.706E-08 |


Potential parameters rounded in accord. with their standart errors

rH  0  0  0  0  0  0   9       1.088718302    (      25)
a1  0  0  0  0  0  0   0   1.5184900    
 f  0  0  0  0  0  0   9    -8651646.45422    (      59)
 f  2  0  0  0  0  0   9         181709.03    (      12)
 f  3  0  0  0  0  0   9         -44194.28    (      61)
 f  4  0  0  0  0  0   9           17734.3    (      30)
 f  5  0  0  0  0  0   9            -329.3    (      94)
 f  6  0  0  0  0  0   9             1514.    (      26)
 f  7  0  0  0  0  0   9             -504.    (      44)
 f  8  0  0  0  0  0   9              -73.    (      89)
 f  0  0  0  2  0  0   0   21816.526    
 f  0  0  0  1  2  0   0   6965.3725    
 f  0  0  0  4  0  0   0  -216.45773    
 f  0  0  0  5  0  0   0   6301.9471    
 f  0  0  0  4  2  0   0  -535.77315    
 f  0  0  0  2  4  0   0   95.752139    
 f  0  0  0  7  0  0   0  -847.24306    
 f  0  0  0  8  0  0   0   17.940048    
 f  0  0  0  0  0  1   0   172411.87    
 f  0  0  0  0  0  2   0   50459.030    
 f  0  0  0  0  0  3   0   54515.606    
 f  0  0  0  0  0  4   0   29148.061    
 f  0  0  0  0  0  5   0   85561.914    
 f  0  0  0  0  0  6   0  -1827346.0    
 f  0  0  0  0  0  7   0   9844397.4    
 f  0  0  0  0  0  8   0  -16086805.    
 f  1  1  0  0  0  0   9          -1406.90    (      17)
 f  2  1  0  0  0  0   8             326.1    (      11)
 f  2  2  0  0  0  0   7           -1025.1    (      47)
 f  3  1  0  0  0  0   7           -3013.1    (      80)
 f  4  1  0  0  0  0   6             -994.    (      20)
 f  3  2  0  0  0  0   6             -983.    (      20)
 f  3  3  0  0  0  0   5             -248.    (      34)
 f  4  2  0  0  0  0   5             -835.    (      84)
 f  5  1  0  0  0  0   5             -392.    (      74)
 f  6  1  0  0  0  0   4             -131.    (     110)
 f  5  2  0  0  0  0   4             -998.    (     124)
 f  4  3  0  0  0  0   4             -555.    (     126)
 f  7  1  0  0  0  0   3             -965.    (     269)
 f  6  2  0  0  0  0   3             -931.    (     386)
 f  5  3  0  0  0  0   0         0.0    
 f  4  4  0  0  0  0   3            -1198.    (     290)
------------------------------
*  FITTING OF THE POTENTIAL PARAMETERS TO AB INITIO DATA                        
*                                                                               
*  2016                                                                         
*  C2H6                                                                         
        rH                        9          1.08871830
        a1                        0          1.51848997
 f   0   0   0   0   0   0   9   -8651646.45422272
 f   2   0   0   0   0   0   9     181709.03273207
 f   3   0   0   0   0   0   9     -44194.28101192
 f   4   0   0   0   0   0   9      17734.26294958
 f   5   0   0   0   0   0   9       -329.28731217
 f   6   0   0   0   0   0   9       1513.99288228
 f   7   0   0   0   0   0   9       -504.16597162
 f   8   0   0   0   0   0   9        -73.00262417
 f   0   0   0   2   0   0   0      21816.52609143
 f   0   0   0   1   2   0   0       6965.37247657
 f   0   0   0   4   0   0   0       -216.45773132
 f   0   0   0   5   0   0   0       6301.94706657
 f   0   0   0   4   2   0   0       -535.77314767
 f   0   0   0   2   4   0   0         95.75213950
 f   0   0   0   7   0   0   0       -847.24306357
 f   0   0   0   8   0   0   0         17.94004806
 f   0   0   0   0   0   1   0     172411.87366290
 f   0   0   0   0   0   2   0      50459.03010456
 f   0   0   0   0   0   3   0      54515.60559146
 f   0   0   0   0   0   4   0      29148.06121265
 f   0   0   0   0   0   5   0      85561.91384430
 f   0   0   0   0   0   6   0   -1827346.03639585
 f   0   0   0   0   0   7   0    9844397.36508893
 f   0   0   0   0   0   8   0  -16086804.57175012
 f   1   1   0   0   0   0   9      -1406.90427809
 f   2   1   0   0   0   0   8        326.14301526
 f   2   2   0   0   0   0   7      -1025.06427137
 f   3   1   0   0   0   0   7      -3013.08176297
 f   4   1   0   0   0   0   6       -994.22490470
 f   3   2   0   0   0   0   6       -982.50609673
 f   3   3   0   0   0   0   5       -247.84683133
 f   4   2   0   0   0   0   5       -834.74130455
 f   5   1   0   0   0   0   5       -392.40195446
 f   6   1   0   0   0   0   4       -131.47019791
 f   5   2   0   0   0   0   4       -998.36402194
 f   4   3   0   0   0   0   4       -554.57122233
 f   7   1   0   0   0   0   3       -965.41945303
 f   6   2   0   0   0   0   3       -930.74817140
 f   5   3   0   0   0   0   0          0.00000000
 f   4   4   0   0   0   0   3      -1197.74095503

Correlation coefficients larger than 0.9: 
          corr(   4,   6) =  0.9208638
          corr(   5,   7) =  0.9155114
          corr(   6,   8) =  0.9759855
          corr(  10,  13) =  0.9617633
          corr(  12,  17) =  0.9657477
          corr(  13,  18) =  0.9305298
          corr(  14,  19) =  0.9471691
          corr(  18,  22) =  0.9438488

               --------------------------------------------------------------------------------
               :     old parm   :     new parm   :  delta parm  :   std. err.  : sensitility
               --------------------------------------------------------------------------------
  1  rH         :          1.09  :          1.09  :         0.000:         0.000:         0.000:!
  2  f          :   -8651646.45  :   -8651646.45  :         0.000:         0.001:         0.000:!
  3  f          :     181709.03  :     181709.03  :         0.000:         0.123:         0.001:!
  4  f          :     -44194.28  :     -44194.28  :         0.000:         0.609:         0.002:!
  5  f          :      17734.26  :      17734.26  :        -0.000:         2.960:         0.007:!
  6  f          :       -329.29  :       -329.29  :        -0.000:         9.406:         0.020:!
  7  f          :       1513.99  :       1513.99  :         0.000:        26.114:         0.057:!
  8  f          :       -504.17  :       -504.17  :         0.000:        44.201:         0.159:!
  9##f          :        -73.00  :        -73.00  :        -0.000:        88.740:         0.435:!#
 10  f          :      -1406.90  :      -1406.90  :         0.000:         0.171:         0.002:!
 11  f          :        326.14  :        326.14  :         0.000:         1.058:         0.011:!
 12  f          :      -1025.06  :      -1025.06  :         0.000:         4.695:         0.037:!
 13  f          :      -3013.08  :      -3013.08  :        -0.000:         8.046:         0.032:!
 14  f          :       -994.22  :       -994.22  :         0.000:        20.279:         0.121:!
 15  f          :       -982.51  :       -982.51  :        -0.000:        19.615:         0.189:!
 16  f          :       -247.85  :       -247.85  :         0.000:        34.167:         0.620:!
 17  f          :       -834.74  :       -834.74  :         0.000:        83.741:         0.544:!
 18  f          :       -392.40  :       -392.40  :         0.000:        73.640:         0.340:!
 19  f          :       -131.47  :       -131.47  :        -0.000:       110.270:         1.032:!
 20  f          :       -998.36  :       -998.36  :         0.000:       124.372:         1.989:!
 21  f          :       -554.57  :       -554.57  :         0.000:       126.334:         2.780:!
 22  f          :       -965.42  :       -965.42  :         0.000:       269.112:         2.753:!
 23  f          :       -930.75  :       -930.75  :         0.000:       385.756:         4.961:!
 24  f          :      -1197.74  :      -1197.74  :        -0.000:       290.354:         7.016:!
relat_sterr_min,ilow_sterr, tivar:    0.10000000D+21   -1    3
rH                                 9          1.08871830
a1                                 0          1.51848997
 f   0   0   0   0   0   0   9   -8651646.45422272
 f   2   0   0   0   0   0   9     181709.03273207
 f   3   0   0   0   0   0   9     -44194.28101192
 f   4   0   0   0   0   0   9      17734.26294958
 f   5   0   0   0   0   0   9       -329.28731217
 f   6   0   0   0   0   0   9       1513.99288228
 f   7   0   0   0   0   0   9       -504.16597162
 f   8   0   0   0   0   0   9        -73.00262417
 f   0   0   0   2   0   0   0      21816.52609143
 f   0   0   0   1   2   0   0       6965.37247657
 f   0   0   0   4   0   0   0       -216.45773132
 f   0   0   0   5   0   0   0       6301.94706657
 f   0   0   0   4   2   0   0       -535.77314767
 f   0   0   0   2   4   0   0         95.75213950
 f   0   0   0   7   0   0   0       -847.24306357
 f   0   0   0   8   0   0   0         17.94004806
 f   0   0   0   0   0   1   0     172411.87366290
 f   0   0   0   0   0   2   0      50459.03010456
 f   0   0   0   0   0   3   0      54515.60559146
 f   0   0   0   0   0   4   0      29148.06121265
 f   0   0   0   0   0   5   0      85561.91384430
 f   0   0   0   0   0   6   0   -1827346.03639585
 f   0   0   0   0   0   7   0    9844397.36508893
 f   0   0   0   0   0   8   0  -16086804.57175012
 f   1   1   0   0   0   0   9      -1406.90427809
 f   2   1   0   0   0   0   8        326.14301526
 f   2   2   0   0   0   0   7      -1025.06427137
 f   3   1   0   0   0   0   7      -3013.08176297
 f   4   1   0   0   0   0   6       -994.22490470
 f   3   2   0   0   0   0   6       -982.50609673
 f   3   3   0   0   0   0   5       -247.84683133
 f   4   2   0   0   0   0   5       -834.74130455
 f   5   1   0   0   0   0   5       -392.40195446
 f   6   1   0   0   0   0   4       -131.47019791
 f   5   2   0   0   0   0   4       -998.36402194
 f   4   3   0   0   0   0   4       -554.57122233
 f   7   1   0   0   0   0   3       -965.41945303
 f   6   2   0   0   0   0   3       -930.74817140
 f   5   3   0   0   0   0   0          0.00000000
 f   4   4   0   0   0   0   3      -1197.74095503
relat_sterr_min,ilow_sterr, tivar:    0.10000000D+21   -1    4
rH                                 9          1.08871830
a1                                 0          1.51848997
 f   0   0   0   0   0   0   9   -8651646.45422272
 f   2   0   0   0   0   0   9     181709.03273207
 f   3   0   0   0   0   0   9     -44194.28101192
 f   4   0   0   0   0   0   9      17734.26294958
 f   5   0   0   0   0   0   9       -329.28731217
 f   6   0   0   0   0   0   9       1513.99288228
 f   7   0   0   0   0   0   9       -504.16597162
 f   8   0   0   0   0   0   9        -73.00262417
 f   0   0   0   2   0   0   0      21816.52609143
 f   0   0   0   1   2   0   0       6965.37247657
 f   0   0   0   4   0   0   0       -216.45773132
 f   0   0   0   5   0   0   0       6301.94706657
 f   0   0   0   4   2   0   0       -535.77314767
 f   0   0   0   2   4   0   0         95.75213950
 f   0   0   0   7   0   0   0       -847.24306357
 f   0   0   0   8   0   0   0         17.94004806
 f   0   0   0   0   0   1   0     172411.87366290
 f   0   0   0   0   0   2   0      50459.03010456
 f   0   0   0   0   0   3   0      54515.60559146
 f   0   0   0   0   0   4   0      29148.06121265
 f   0   0   0   0   0   5   0      85561.91384430
 f   0   0   0   0   0   6   0   -1827346.03639585
 f   0   0   0   0   0   7   0    9844397.36508893
 f   0   0   0   0   0   8   0  -16086804.57175012
 f   1   1   0   0   0   0   9      -1406.90427809
 f   2   1   0   0   0   0   8        326.14301526
 f   2   2   0   0   0   0   7      -1025.06427137
 f   3   1   0   0   0   0   7      -3013.08176297
 f   4   1   0   0   0   0   6       -994.22490470
 f   3   2   0   0   0   0   6       -982.50609673
 f   3   3   0   0   0   0   5       -247.84683133
 f   4   2   0   0   0   0   5       -834.74130455
 f   5   1   0   0   0   0   5       -392.40195446
 f   6   1   0   0   0   0   4       -131.47019791
 f   5   2   0   0   0   0   4       -998.36402194
 f   4   3   0   0   0   0   4       -554.57122233
 f   7   1   0   0   0   0   3       -965.41945303
 f   6   2   0   0   0   0   3       -930.74817140
 f   5   3   0   0   0   0   0          0.00000000
 f   4   4   0   0   0   0   3      -1197.74095503
relat_sterr_min,ilow_sterr, tivar:    0.10000000D+21   -1    5
rH                                 9          1.08871830
a1                                 0          1.51848997
 f   0   0   0   0   0   0   9   -8651646.45422272
 f   2   0   0   0   0   0   9     181709.03273207
 f   3   0   0   0   0   0   9     -44194.28101192
 f   4   0   0   0   0   0   9      17734.26294958
 f   5   0   0   0   0   0   9       -329.28731217
 f   6   0   0   0   0   0   9       1513.99288228
 f   7   0   0   0   0   0   9       -504.16597162
 f   8   0   0   0   0   0   9        -73.00262417
 f   0   0   0   2   0   0   0      21816.52609143
 f   0   0   0   1   2   0   0       6965.37247657
 f   0   0   0   4   0   0   0       -216.45773132
 f   0   0   0   5   0   0   0       6301.94706657
 f   0   0   0   4   2   0   0       -535.77314767
 f   0   0   0   2   4   0   0         95.75213950
 f   0   0   0   7   0   0   0       -847.24306357
 f   0   0   0   8   0   0   0         17.94004806
 f   0   0   0   0   0   1   0     172411.87366290
 f   0   0   0   0   0   2   0      50459.03010456
 f   0   0   0   0   0   3   0      54515.60559146
 f   0   0   0   0   0   4   0      29148.06121265
 f   0   0   0   0   0   5   0      85561.91384430
 f   0   0   0   0   0   6   0   -1827346.03639585
 f   0   0   0   0   0   7   0    9844397.36508893
 f   0   0   0   0   0   8   0  -16086804.57175012
 f   1   1   0   0   0   0   9      -1406.90427809
 f   2   1   0   0   0   0   8        326.14301526
 f   2   2   0   0   0   0   7      -1025.06427137
 f   3   1   0   0   0   0   7      -3013.08176297
 f   4   1   0   0   0   0   6       -994.22490470
 f   3   2   0   0   0   0   6       -982.50609673
 f   3   3   0   0   0   0   5       -247.84683133
 f   4   2   0   0   0   0   5       -834.74130455
 f   5   1   0   0   0   0   5       -392.40195446
 f   6   1   0   0   0   0   4       -131.47019791
 f   5   2   0   0   0   0   4       -998.36402194
 f   4   3   0   0   0   0   4       -554.57122233
 f   7   1   0   0   0   0   3       -965.41945303
 f   6   2   0   0   0   0   3       -930.74817140
 f   5   3   0   0   0   0   0          0.00000000
 f   4   4   0   0   0   0   3      -1197.74095503
relat_sterr_min,ilow_sterr, tivar:    0.10000000D+21   -1    6
rH                                 9          1.08871830
a1                                 0          1.51848997
 f   0   0   0   0   0   0   9   -8651646.45422272
 f   2   0   0   0   0   0   9     181709.03273207
 f   3   0   0   0   0   0   9     -44194.28101192
 f   4   0   0   0   0   0   9      17734.26294958
 f   5   0   0   0   0   0   9       -329.28731217
 f   6   0   0   0   0   0   9       1513.99288228
 f   7   0   0   0   0   0   9       -504.16597162
 f   8   0   0   0   0   0   9        -73.00262417
 f   0   0   0   2   0   0   0      21816.52609143
 f   0   0   0   1   2   0   0       6965.37247657
 f   0   0   0   4   0   0   0       -216.45773132
 f   0   0   0   5   0   0   0       6301.94706657
 f   0   0   0   4   2   0   0       -535.77314767
 f   0   0   0   2   4   0   0         95.75213950
 f   0   0   0   7   0   0   0       -847.24306357
 f   0   0   0   8   0   0   0         17.94004806
 f   0   0   0   0   0   1   0     172411.87366290
 f   0   0   0   0   0   2   0      50459.03010456
 f   0   0   0   0   0   3   0      54515.60559146
 f   0   0   0   0   0   4   0      29148.06121265
 f   0   0   0   0   0   5   0      85561.91384430
 f   0   0   0   0   0   6   0   -1827346.03639585
 f   0   0   0   0   0   7   0    9844397.36508893
 f   0   0   0   0   0   8   0  -16086804.57175012
 f   1   1   0   0   0   0   9      -1406.90427809
 f   2   1   0   0   0   0   8        326.14301526
 f   2   2   0   0   0   0   7      -1025.06427137
 f   3   1   0   0   0   0   7      -3013.08176297
 f   4   1   0   0   0   0   6       -994.22490470
 f   3   2   0   0   0   0   6       -982.50609673
 f   3   3   0   0   0   0   5       -247.84683133
 f   4   2   0   0   0   0   5       -834.74130455
 f   5   1   0   0   0   0   5       -392.40195446
 f   6   1   0   0   0   0   4       -131.47019791
 f   5   2   0   0   0   0   4       -998.36402194
 f   4   3   0   0   0   0   4       -554.57122233
 f   7   1   0   0   0   0   3       -965.41945303
 f   6   2   0   0   0   0   3       -930.74817140
 f   5   3   0   0   0   0   0          0.00000000
 f   4   4   0   0   0   0   3      -1197.74095503
relat_sterr_min,ilow_sterr, tivar:    0.10000000D+21   -1    7
rH                                 9          1.08871830
a1                                 0          1.51848997
 f   0   0   0   0   0   0   9   -8651646.45422272
 f   2   0   0   0   0   0   9     181709.03273207
 f   3   0   0   0   0   0   9     -44194.28101192
 f   4   0   0   0   0   0   9      17734.26294958
 f   5   0   0   0   0   0   9       -329.28731217
 f   6   0   0   0   0   0   9       1513.99288228
 f   7   0   0   0   0   0   9       -504.16597162
 f   8   0   0   0   0   0   9        -73.00262417
 f   0   0   0   2   0   0   0      21816.52609143
 f   0   0   0   1   2   0   0       6965.37247657
 f   0   0   0   4   0   0   0       -216.45773132
 f   0   0   0   5   0   0   0       6301.94706657
 f   0   0   0   4   2   0   0       -535.77314767
 f   0   0   0   2   4   0   0         95.75213950
 f   0   0   0   7   0   0   0       -847.24306357
 f   0   0   0   8   0   0   0         17.94004806
 f   0   0   0   0   0   1   0     172411.87366290
 f   0   0   0   0   0   2   0      50459.03010456
 f   0   0   0   0   0   3   0      54515.60559146
 f   0   0   0   0   0   4   0      29148.06121265
 f   0   0   0   0   0   5   0      85561.91384430
 f   0   0   0   0   0   6   0   -1827346.03639585
 f   0   0   0   0   0   7   0    9844397.36508893
 f   0   0   0   0   0   8   0  -16086804.57175012
 f   1   1   0   0   0   0   9      -1406.90427809
 f   2   1   0   0   0   0   8        326.14301526
 f   2   2   0   0   0   0   7      -1025.06427137
 f   3   1   0   0   0   0   7      -3013.08176297
 f   4   1   0   0   0   0   6       -994.22490470
 f   3   2   0   0   0   0   6       -982.50609673
 f   3   3   0   0   0   0   5       -247.84683133
 f   4   2   0   0   0   0   5       -834.74130455
 f   5   1   0   0   0   0   5       -392.40195446
 f   6   1   0   0   0   0   4       -131.47019791
 f   5   2   0   0   0   0   4       -998.36402194
 f   4   3   0   0   0   0   4       -554.57122233
 f   7   1   0   0   0   0   3       -965.41945303
 f   6   2   0   0   0   0   3       -930.74817140
 f   5   3   0   0   0   0   0          0.00000000
 f   4   4   0   0   0   0   3      -1197.74095503
relat_sterr_min,ilow_sterr, tivar:    0.10000000D+21   -1    8
rH                                 9          1.08871830
a1                                 0          1.51848997
 f   0   0   0   0   0   0   9   -8651646.45422272
 f   2   0   0   0   0   0   9     181709.03273207
 f   3   0   0   0   0   0   9     -44194.28101192
 f   4   0   0   0   0   0   9      17734.26294958
 f   5   0   0   0   0   0   9       -329.28731217
 f   6   0   0   0   0   0   9       1513.99288228
 f   7   0   0   0   0   0   9       -504.16597162
 f   8   0   0   0   0   0   9        -73.00262417
 f   0   0   0   2   0   0   0      21816.52609143
 f   0   0   0   1   2   0   0       6965.37247657
 f   0   0   0   4   0   0   0       -216.45773132
 f   0   0   0   5   0   0   0       6301.94706657
 f   0   0   0   4   2   0   0       -535.77314767
 f   0   0   0   2   4   0   0         95.75213950
 f   0   0   0   7   0   0   0       -847.24306357
 f   0   0   0   8   0   0   0         17.94004806
 f   0   0   0   0   0   1   0     172411.87366290
 f   0   0   0   0   0   2   0      50459.03010456
 f   0   0   0   0   0   3   0      54515.60559146
 f   0   0   0   0   0   4   0      29148.06121265
 f   0   0   0   0   0   5   0      85561.91384430
 f   0   0   0   0   0   6   0   -1827346.03639585
 f   0   0   0   0   0   7   0    9844397.36508893
 f   0   0   0   0   0   8   0  -16086804.57175012
 f   1   1   0   0   0   0   9      -1406.90427809
 f   2   1   0   0   0   0   8        326.14301526
 f   2   2   0   0   0   0   7      -1025.06427137
 f   3   1   0   0   0   0   7      -3013.08176297
 f   4   1   0   0   0   0   6       -994.22490470
 f   3   2   0   0   0   0   6       -982.50609673
 f   3   3   0   0   0   0   5       -247.84683133
 f   4   2   0   0   0   0   5       -834.74130455
 f   5   1   0   0   0   0   5       -392.40195446
 f   6   1   0   0   0   0   4       -131.47019791
 f   5   2   0   0   0   0   4       -998.36402194
 f   4   3   0   0   0   0   4       -554.57122233
 f   7   1   0   0   0   0   3       -965.41945303
 f   6   2   0   0   0   0   3       -930.74817140
 f   5   3   0   0   0   0   0          0.00000000
 f   4   4   0   0   0   0   3      -1197.74095503

   ------------------------------------------------------------------
   |   iter  |  points |    deviat     |     rms       |  stability  |
   ------------------------------------------------------------------

   -----------------------------------------------------------
   |  param  |  points |   deviat    |    rms      | stability |
   -----------------------------------------------------------
   |    24   |    703  |   0.43475E-02 |  0.61521E+03  |    0.706E-08 |

############################################################################################
