************************************************************************************************************************************
 ************************************************************************************************************************************
 ************************************************************************************************************************************
 ****************                                                                                                    ****************
 ****************          *  FITTING OF THE POTENTIAL PARAMETERS TO AB INITIO DATA                                  ****************
 ****************          *                                                                                         ****************
 ****************          *  2016                                                                                   ****************
 ****************          *  C2H6                                                                                   ****************

 ****************                                                                                                    ****************
 ************************************************************************************************************************************
 ************************************************************************************************************************************
 ************************************************************************************************************************************
 
         6 <= number of degrees of freedom
         3 <= number of bonds
         3 <= number of bond angles
        20 <= number of iterations in the fit
  0.000000 <= The fit is over if the stability is reached 
  0.000010 <= The fit is over if the st.dev. best is reached 
  1.000000 <= sterr parameter out 
  0.000010 <= stdev parameter out 
         1 <= watson robust on (1) or of (0) 
         2 <= number of non-linear parameters
 parameters of structure 
rH        =           1.089
a1        =           1.518
Lowest energy = -39.4186567    

   ------------------------------------------------------------------
   |   iter  |  points |    deviat     |     rms       |  stability  |
   ------------------------------------------------------------------
      87-th is out - f      
      81-th is out - f      
   |     1   |   2897  |   0.27544E+01 |  0.48372E+03  |   0.900E+08 |
   |     2   |   2897  |   0.24575E+01 |  0.26530E+03  |   0.142E+02 |
   |     3   |   2897  |   0.22844E+01 |  0.23616E+03  |   0.633E+00 |
   |     4   |   2897  |   0.17304E+01 |  0.25488E+03  |   0.128E+01 |
   |     5   |   2897  |   0.21570E+01 |  0.29176E+03  |   0.687E+00 |
   |     6   |   2897  |   0.16673E+01 |  0.29150E+03  |   0.103E+01 |
   |     7   |   2897  |   0.20470E+01 |  0.33036E+03  |   0.504E+00 |
   |     8   |   2897  |   0.16430E+01 |  0.32446E+03  |   0.928E-01 |
   |     9   |   2897  |   0.19221E+01 |  0.37641E+03  |   0.465E-02 |
   |    10   |   2897  |   0.16320E+01 |  0.33396E+03  |   0.284E+00 |
   |    11   |   2897  |   0.18493E+01 |  0.40972E+03  |   0.453E+00 |
   |    12   |   2897  |   0.16250E+01 |  0.33430E+03  |   0.357E+00 |
   |    13   |   2897  |   0.18190E+01 |  0.43041E+03  |   0.577E+00 |
   |    14   |   2897  |   0.16200E+01 |  0.33464E+03  |   0.410E+00 |
   |    15   |   2897  |   0.17966E+01 |  0.43274E+03  |   0.658E+00 |
   |    16   |   2897  |   0.16182E+01 |  0.33542E+03  |   0.460E+00 |
   |    17   |   2897  |   0.17859E+01 |  0.42511E+03  |   0.794E+00 |
   |    18   |   2897  |   0.16174E+01 |  0.33610E+03  |   0.444E+00 |
   |    19   |   2897  |   0.17803E+01 |  0.41721E+03  |   0.766E+00 |
   |    20   |   2897  |   0.16168E+01 |  0.33668E+03  |   0.433E+00 |
   |    21   |   2897  |   0.17777E+01 |  0.41260E+03  |   0.741E+00 |

Watson Alpha parameter  0.1000 fitted with rms2 = 


Potential parameters rounded in accord. with their standart errors

rH  0  0  0  0  0  0   9          1.088650    (      80)
a1  0  0  0  0  0  0   0   1.5184900    
 f  0  0  0  0  0  0   9        -8651397.3    (      15)
 f  2  0  0  0  0  0   9           181772.    (     356)
 f  3  0  0  0  0  0   9           -44185.    (    1966)
 f  4  0  0  0  0  0   9            17839.    (    9229)
 f  5  0  0  0  0  0   9             -512.    (   29943)
 f  6  0  0  0  0  0   9             1030.    (   81772)
 f  7  0  0  0  0  0   9              122.    (  139992)
 f  8  0  0  0  0  0   9             1693.    (  272276)
 f  0  0  0  2  0  0   9            21767.    (     118)
 f  0  0  0  1  2  0   9             6680.    (     660)
 f  0  0  0  4  0  0   9             -334.    (    1018)
 f  0  0  0  5  0  0   9            19728.    (   38943)
 f  0  0  0  4  2  0   9              440.    (    5153)
 f  0  0  0  2  4  0   9             1927.    (    8641)
 f  0  0  0  7  0  0   9           -47993.    (  152046)
 f  0  0  0  8  0  0   9             -555.    (    2410)
 f  0  0  0  0  0  1   0   172385.96    
 f  0  0  0  0  0  2   0   50227.310    
 f  0  0  0  0  0  3   0   98871.862    
 f  0  0  0  0  0  4   0  -1098957.6    
 f  0  0  0  0  0  5   0   12283357.    
 f  0  0  0  0  0  6   0  -61700682.    
 f  0  0  0  0  0  7   0  0.14106713E+09
 f  1  1  0  0  0  0   9            -1402.    (     713)
 f  2  1  0  0  0  0   9              310.    (    3959)
 f  2  2  0  0  0  0   9             -959.    (   15613)
 f  3  1  0  0  0  0   9            -3082.    (   33027)
 f  4  1  0  0  0  0   9             -831.    (   79785)
 f  3  2  0  0  0  0   9            -1118.    (   79139)
 f  3  3  0  0  0  0   9             -137.    (  235928)
 f  4  2  0  0  0  0   9            -1380.    (  292121)
 f  5  1  0  0  0  0   9             -105.    (  334667)
 f  6  1  0  0  0  0   9            -1190.    (  447843)
 f  5  2  0  0  0  0   9            -2244.    (  500057)
 f  4  3  0  0  0  0   9             1044.    (  515876)
 f  7  1  0  0  0  0   9            -1673.    ( 1572395)
 f  6  2  0  0  0  0   9             3567.    ( 1386119)
 f  5  3  0  0  0  0   9              114.    ( 1493876)
 f  4  4  0  0  0  0   9            -7356.    ( 1080998)
 f  0  1  0  1  0  0   9            -4053.    (     302)
 f  0  2  0  1  0  0   9            -2426.    (    2856)
 f  0  1  0  2  0  0   9           -14571.    (    2374)
 f  0  1  0  1  1  0   9             1789.    (    4340)
 f  0  3  0  1  0  0   9             -299.    (    3919)
 f  0  2  0  2  0  0   9           -13474.    (   17377)
 f  0  2  0  1  1  0   9             1213.    (   31293)
 f  0  1  0  3  0  0   9             5518.    (     928)
 f  0  1  0  2  1  0   9           -53025.    (    3446)
 f  2  0  0  1  2  0   9           -74578.    (   57810)
 f  1  0  0  4  0  0   9            -5008.    (    7698)
 f  1  0  0  2  2  0   9             2317.    (    5284)
 f  0  4  0  1  0  0   9            -9759.    (   56418)
 f  0  3  0  2  0  0   9            -5778.    (   36422)
 f  0  3  0  1  1  0   9            -5117.    (   58941)
 f  0  2  0  2  1  0   9           252043.    (  144843)
 f  0  1  0  2  2  0   9             4756.    (   24809)
 f  2  0  0  4  0  0   9           -88325.    (   62595)
 f  2  0  0  2  2  0   9            22651.    (   87784)
 f  0  4  0  2  0  0   9            12499.    (  152764)
 f  0  4  0  1  1  0   9           -31590.    (  280156)
 f  0  3  0  3  0  0   9             1903.    (   33823)
 f  0  3  0  2  1  0   9            25527.    (  211125)
 f  0  2  0  2  2  0   9             3941.    (  142499)
 f  2  0  0  1  4  0   9          -176490.    (   77743)
 f  2  0  0  5  0  0   9           -33091.    (   34896)
 f  1  0  0  6  0  0   9             6242.    (    4999)
 f  0  6  0  1  0  0   9            51588.    (  302740)
 f  0  5  0  2  0  0   9           -24518.    (  225814)
 f  0  5  0  1  1  0   9            35817.    (  403357)
 f  0  4  0  2  1  0   9            61105.    (  357738)
 f  0  4  0  1  2  0   9            -4010.    (  293136)
 f  0  3  0  2  2  0   9             3812.    (  196533)
 f  0  2  0  1  4  0   9           311098.    (  143485)
 f  0  1  0  3  3  0   9             3216.    (   56743)
 f  6  0  0  2  0  0   9           -36055.    (  585928)
 f  5  0  0  1  2  0   9          -153288.    (  398755)
 f  3  0  0  3  2  0   9           181167.    (  443934)
 f  3  0  0  5  0  0   9           -65523.    (  145675)
 f  3  0  0  1  4  0   0         0.0    
 f  2  0  0  4  2  0   9           103790.    (  174249)
 f  2  0  0  2  4  0   9           -42819.    (  163580)
 f  2  0  0  6  0  0   9           109258.    (   51744)
 f  1  0  0  7  0  0   9            85047.    (   13498)
 f  1  0  0  5  2  0   9            11912.    (   44580)
 f  1  0  0  3  4  0   0         0.0    
 f  0  6  0  2  0  0   9             2696.    (  512387)
 f  0  4  0  2  2  0   9            -5994.    (  632832)
 f  0  2  0  4  2  0   9            -1033.    (  198634)
------------------------------
*  FITTING OF THE POTENTIAL PARAMETERS TO AB INITIO DATA                        
*                                                                               
*  2016                                                                         
*  C2H6                                                                         
        rH                        9          1.08864989
        a1                        0          1.51848997
 f   0   0   0   0   0   0   9   -8651397.34667397
 f   2   0   0   0   0   0   9     181772.36032601
 f   3   0   0   0   0   0   9     -44184.63595533
 f   4   0   0   0   0   0   9      17838.54807711
 f   5   0   0   0   0   0   9       -512.17310800
 f   6   0   0   0   0   0   9       1030.28651719
 f   7   0   0   0   0   0   9        122.12738169
 f   8   0   0   0   0   0   9       1692.58304308
 f   0   0   0   2   0   0   9      21767.12239545
 f   0   0   0   1   2   0   9       6679.58972703
 f   0   0   0   4   0   0   9       -334.20785468
 f   0   0   0   5   0   0   9      19728.21634673
 f   0   0   0   4   2   0   9        439.54853320
 f   0   0   0   2   4   0   9       1926.91768246
 f   0   0   0   7   0   0   9     -47992.79296283
 f   0   0   0   8   0   0   9       -555.21408503
 f   0   0   0   0   0   1   0     172385.95732830
 f   0   0   0   0   0   2   0      50227.30968118
 f   0   0   0   0   0   3   0      98871.86246964
 f   0   0   0   0   0   4   0   -1098957.60753713
 f   0   0   0   0   0   5   0   12283357.05827215
 f   0   0   0   0   0   6   0  -61700681.94333721
 f   0   0   0   0   0   7   0  141067127.17857310
 f   1   1   0   0   0   0   9      -1401.54533693
 f   2   1   0   0   0   0   9        310.35362719
 f   2   2   0   0   0   0   9       -958.80938482
 f   3   1   0   0   0   0   9      -3081.60645912
 f   4   1   0   0   0   0   9       -830.65589782
 f   3   2   0   0   0   0   9      -1118.41435893
 f   3   3   0   0   0   0   9       -136.78945637
 f   4   2   0   0   0   0   9      -1380.12302377
 f   5   1   0   0   0   0   9       -105.12356561
 f   6   1   0   0   0   0   9      -1190.35075575
 f   5   2   0   0   0   0   9      -2243.52002504
 f   4   3   0   0   0   0   9       1044.25191257
 f   7   1   0   0   0   0   9      -1672.92124152
 f   6   2   0   0   0   0   9       3567.31061480
 f   5   3   0   0   0   0   9        113.52500150
 f   4   4   0   0   0   0   9      -7356.12267219
 f   0   1   0   1   0   0   9      -4053.33258660
 f   0   2   0   1   0   0   9      -2425.90866417
 f   0   1   0   2   0   0   9     -14570.67500149
 f   0   1   0   1   1   0   9       1788.66606896
 f   0   3   0   1   0   0   9       -298.85213686
 f   0   2   0   2   0   0   9     -13474.31923374
 f   0   2   0   1   1   0   9       1213.34377722
 f   0   1   0   3   0   0   9       5517.53586229
 f   0   1   0   2   1   0   9     -53024.59119702
 f   2   0   0   1   2   0   9     -74578.05884859
 f   1   0   0   4   0   0   9      -5008.48348914
 f   1   0   0   2   2   0   9       2317.08294756
 f   0   4   0   1   0   0   9      -9758.78021571
 f   0   3   0   2   0   0   9      -5778.12947199
 f   0   3   0   1   1   0   9      -5117.41667972
 f   0   2   0   2   1   0   9     252043.39607190
 f   0   1   0   2   2   0   9       4755.69027692
 f   2   0   0   4   0   0   9     -88324.87347282
 f   2   0   0   2   2   0   9      22650.83928057
 f   0   4   0   2   0   0   9      12499.18467794
 f   0   4   0   1   1   0   9     -31589.83719488
 f   0   3   0   3   0   0   9       1902.84781992
 f   0   3   0   2   1   0   9      25526.57250948
 f   0   2   0   2   2   0   9       3941.38846424
 f   2   0   0   1   4   0   9    -176489.87243339
 f   2   0   0   5   0   0   9     -33090.80980834
 f   1   0   0   6   0   0   9       6241.76877318
 f   0   6   0   1   0   0   9      51588.06862648
 f   0   5   0   2   0   0   9     -24518.44272093
 f   0   5   0   1   1   0   9      35817.09949041
 f   0   4   0   2   1   0   9      61105.25910358
 f   0   4   0   1   2   0   9      -4009.61548036
 f   0   3   0   2   2   0   9       3812.06287928
 f   0   2   0   1   4   0   9     311097.87950105
 f   0   1   0   3   3   0   9       3215.69138755
 f   6   0   0   2   0   0   9     -36054.67864965
 f   5   0   0   1   2   0   9    -153288.34892071
 f   3   0   0   3   2   0   9     181167.46836888
 f   3   0   0   5   0   0   9     -65523.29310286
 f   3   0   0   1   4   0   0          0.00000000
 f   2   0   0   4   2   0   9     103790.19512987
 f   2   0   0   2   4   0   9     -42818.68611667
 f   2   0   0   6   0   0   9     109258.48660301
 f   1   0   0   7   0   0   9      85047.41563039
 f   1   0   0   5   2   0   9      11912.27886178
 f   1   0   0   3   4   0   0          0.00000000
 f   0   6   0   2   0   0   9       2696.40188666
 f   0   4   0   2   2   0   9      -5993.92956198
 f   0   2   0   4   2   0   9      -1032.50759649

Correlation coefficients larger than 0.9: 
          corr(   4,   6) =  0.9189035
          corr(   5,   7) =  0.9233074
          corr(   6,   8) =  0.9739741
          corr(  10,  12) =  0.9141191
          corr(  11,  13) =  0.9685281
          corr(  11,  16) =  0.9425974
          corr(  12,  14) =  0.9390224
          corr(  13,  16) =  0.9959431
          corr(  13,  17) =  0.9266544
          corr(  14,  15) =  0.9840939
          corr(  14,  17) =  0.9121472
          corr(  15,  17) =  0.9696708
          corr(  16,  17) =  0.9390731
          corr(  18,  21) =  0.9592019
          corr(  20,  25) =  0.9642292
          corr(  22,  27) =  0.9429666
          corr(  26,  30) =  0.9071323
          corr(  39,  40) =  0.9048285
          corr(  46,  61) =  0.9496771
          corr(  49,  67) =  0.9648033
          corr(  50,  68) =  0.9738121
          corr(  57,  80) =  0.9579048
          corr(  76,  77) =  0.9725166

               --------------------------------------------------------------------------------
               :     old parm   :     new parm   :  delta parm  :   std. err.  : sensitility
               --------------------------------------------------------------------------------
  1  rH         :          1.09  :          1.09  :         0.000:         0.000:         0.000: 
  2  f          :   -8651397.31  :   -8651397.35  :        -0.041:         1.451:         0.002: 
  3  f          :     181765.48  :     181772.36  :         6.881:       356.311:         0.096: 
  4  f          :     -44369.56  :     -44184.64  :       184.920:      1966.206:         0.337: 
  5  f          :      18233.39  :      17838.55  :      -394.844:      9228.564:         0.975: 
  6##f          :       1964.94  :       -512.17  :     -2477.116:     29943.008:         2.847: #
  7##f          :      -2151.89  :       1030.29  :      3182.175:     81771.698:         7.949: #
  8##f          :     -10345.46  :        122.13  :     10467.584:    139991.979:        22.162: #
  9##f          :       9396.59  :       1692.58  :     -7704.004:    272275.657:        60.706: #
 10  f          :      21854.91  :      21767.12  :       -87.785:       117.740:         0.022: 
 11  f          :       6846.76  :       6679.59  :      -167.170:       660.427:         0.094: 
 12##f          :       -451.52  :       -334.21  :       117.310:      1017.517:         0.039: #
 13##f          :      11880.91  :      19728.22  :      7847.310:     38943.106:         1.173: #
 14##f          :       -185.57  :        439.55  :       625.114:      5153.192:         0.244: #
 15##f          :        427.33  :       1926.92  :      1499.583:      8641.474:         0.244: #
 16##f          :     -18400.06  :     -47992.79  :    -29592.737:    152046.439:         4.524: #
 17##f          :        -10.71  :       -555.21  :      -544.499:      2410.110:         0.062: #
 18  f          :      -1412.82  :      -1401.55  :        11.270:       712.558:         0.310: 
 19##f          :         51.14  :        310.35  :       259.210:      3958.602:         1.757: #
 20##f          :       -687.30  :       -958.81  :      -271.510:     15612.701:         6.073: #
 21##f          :      -2500.29  :      -3081.61  :      -581.312:     33027.036:         5.180: #
 22##f          :       2348.24  :       -830.66  :     -3178.893:     79784.746:        19.871: #
 23##f          :       -194.48  :      -1118.41  :      -923.939:     79139.112:        30.963: #
 24##f          :      -1487.60  :       -136.79  :      1350.814:    235928.198:       101.757: #
 25##f          :      -7479.16  :      -1380.12  :      6099.039:    292120.738:        89.196: #
 26##f          :      -6532.65  :       -105.12  :      6427.525:    334667.489:        55.764: #
 27##f          :     -14876.90  :      -1190.35  :     13686.547:    447842.764:       168.971: #
 28##f          :      -1319.41  :      -2243.52  :      -924.110:    500057.073:       326.158: #
 29##f          :       6887.54  :       1044.25  :     -5843.292:    515875.773:       456.079: #
 30##f          :      23289.72  :      -1672.92  :    -24962.640:   1572395.076:       450.762: #
 31##f          :      28447.38  :       3567.31  :    -24880.072:   1386119.289:       813.344: #
 32##f          :      -3599.99  :        113.53  :      3713.514:   1493876.317:      1072.022: #
 33##f          :     -13035.34  :      -7356.12  :      5679.213:   1080997.981:      1150.558: #
 34  f          :      -2054.62  :      -4053.33  :     -1998.711:       301.605:         0.447: 
 35##f          :        120.36  :      -2425.91  :     -2546.268:      2856.268:         1.881: #
 36  f          :      11967.28  :     -14570.68  :    -26537.956:      2373.645:         0.520: 
 37##f          :     -44542.57  :       1788.67  :     46331.240:      4340.133:         0.843: #
 38##f          :      -1903.60  :       -298.85  :      1604.747:      3919.202:         6.557: #
 39##f          :      11324.97  :     -13474.32  :    -24799.292:     17376.726:         2.554: #
 40##f          :     -42239.60  :       1213.34  :     43452.941:     31293.242:         4.110: #
 41  f          :       6475.19  :       5517.54  :      -957.655:       928.071:         1.264: 
 42  f          :     -18854.35  :     -53024.59  :    -34170.237:      3445.647:         2.341: 
 43  f          :     -55753.52  :     -74578.06  :    -18824.539:     57810.083:        10.531: 
 44##f          :     -62254.21  :      -5008.48  :     57245.731:      7697.986:         0.817: #
 45##f          :      -8427.11  :       2317.08  :     10744.195:      5283.742:         3.000: #
 46##f          :       9928.61  :      -9758.78  :    -19687.394:     56418.179:        20.517: #
 47##f          :     -10115.30  :      -5778.13  :      4337.168:     36422.479:        10.029: #
 48##f          :       5284.87  :      -5117.42  :    -10402.289:     58941.178:        15.913: #
 49  f          :      70211.16  :     252043.40  :    181832.240:    144842.807:        13.180: 
 50##f          :       8097.23  :       4755.69  :     -3341.541:     24808.563:         3.219: #
 51  f          :    -119559.02  :     -88324.87  :     31234.143:     62594.631:         4.413: 
 52##f          :     -97593.17  :      22650.84  :    120244.009:     87784.161:        18.519: #
 53##f          :      25425.85  :      12499.18  :    -12926.664:    152763.832:        33.300: #
 54##f          :     -59900.74  :     -31589.84  :     28310.908:    280156.399:        53.444: #
 55##f          :      31058.21  :       1902.85  :    -29155.361:     33822.808:        35.632: #
 56##f          :     -15580.19  :      25526.57  :     41106.765:    211125.387:        60.298: #
 57##f          :      11308.13  :       3941.39  :     -7366.741:    142498.522:        17.986: #
 58  f          :     -96631.20  :    -176489.87  :    -79858.669:     77743.064:        28.826: 
 59##f          :      42268.19  :     -33090.81  :    -75359.002:     34896.222:         9.472: #
 60  f          :      29620.43  :       6241.77  :    -23378.664:      4999.388:         1.109: 
 61##f          :     -22216.07  :      51588.07  :     73804.134:    302740.347:       170.729: #
 62##f          :      16144.54  :     -24518.44  :    -40662.983:    225814.382:        99.793: #
 63##f          :     -50648.10  :      35817.10  :     86465.198:    403356.631:       163.169: #
 64##f          :     -29222.15  :      61105.26  :     90327.409:    357738.382:       244.101: #
 65##f          :    -147948.20  :      -4009.62  :    143938.582:    293135.891:       168.559: #
 66##f          :      -3146.81  :       3812.06  :      6958.871:    196533.495:        83.110: #
 67  f          :     300118.47  :     311097.88  :     10979.410:    143485.363:        21.594: 
 68##f          :      -3512.14  :       3215.69  :      6727.833:     56743.384:         9.100: #
 69##f          :    -152997.33  :     -36054.68  :    116942.649:    585928.034:       323.241: #
 70##f          :     -28381.91  :    -153288.35  :   -124906.436:    398755.132:       705.747: #
 71##f          :    -220550.09  :     181167.47  :    401717.559:    443934.257:       153.296: #
 72##f          :     112953.90  :     -65523.29  :   -178477.198:    145675.391:        53.639: #
 73##f          :     102747.41  :     103790.20  :      1042.789:    174249.334:        37.161: #
 74##f          :      26389.70  :     -42818.69  :    -69208.387:    163580.432:        60.192: #
 75  f          :     149820.95  :     109258.49  :    -40562.460:     51744.127:         6.399: 
 76  f          :      78481.20  :      85047.42  :      6566.216:     13498.384:         2.584: 
 77##f          :     -38446.11  :      11912.28  :     50358.387:     44579.967:         7.706: #
 78##f          :      49557.76  :       2696.40  :    -46861.354:    512386.957:       280.675: #
 79##f          :     -43988.29  :      -5993.93  :     37994.358:    632831.790:       333.480: #
 80##f          :      -8830.41  :      -1032.51  :      7797.903:    198633.829:        42.151: #

   ------------------------------------------------------------------
   |   iter  |  points |    deviat     |     rms       |  stability  |
   ------------------------------------------------------------------

   -----------------------------------------------------------
   |  param  |  points |   deviat    |    rms      | stability |
   -----------------------------------------------------------
   |    80   |   2897  |   0.17777E+01 |  0.32935E+09  |    0.741E+00 |

############################################################################################
