************************************************************************************************************************************
 ************************************************************************************************************************************
 ************************************************************************************************************************************
 ****************                                                                                                    ****************
 ****************          *  FITTING OF THE POTENTIAL PARAMETERS TO AB INITIO DATA                                  ****************
 ****************          *                                                                                         ****************
 ****************          *  2016                                                                                   ****************
 ****************          *  C2H6                                                                                   ****************

 ****************                                                                                                    ****************
 ************************************************************************************************************************************
 ************************************************************************************************************************************
 ************************************************************************************************************************************
 
         6 <= number of degrees of freedom
         3 <= number of bonds
         3 <= number of bond angles
        20 <= number of iterations in the fit
  0.000000 <= The fit is over if the stability is reached 
  0.000010 <= The fit is over if the st.dev. best is reached 
  1.000000 <= sterr parameter out 
  0.000010 <= stdev parameter out 
         1 <= watson robust on (1) or of (0) 
         2 <= number of non-linear parameters
 parameters of structure 
rH        =           1.089
a1        =           1.518
Lowest energy = -39.4186567    

   ------------------------------------------------------------------
   |   iter  |  points |    deviat     |     rms       |  stability  |
   ------------------------------------------------------------------
   |     1   |   1027  |   0.41843E+01 |  0.10448E+03  |   0.407E+09 |
   |     2   |   1027  |   0.13272E-01 |  0.20191E+00  |   0.153E+04 |
   |     3   |   1027  |   0.16022E-01 |  0.54586E+00  |   0.354E-03 |
   |     4   |   1027  |   0.60172E-02 |  0.11093E+01  |   0.166E+01 |
   |     5   |   1027  |   0.60172E-02 |  0.11093E+01  |   0.636E-04 |
   |     6   |   1027  |   0.60172E-02 |  0.11093E+01  |   0.180E-07 |
   |     7   |   1027  |   0.60172E-02 |  0.11093E+01  |   0.201E-07 |
   |     8   |   1027  |   0.60172E-02 |  0.11093E+01  |   0.532E-08 |
   |     9   |   1027  |   0.60172E-02 |  0.11093E+01  |   0.167E-07 |
   |    10   |   1027  |   0.60172E-02 |  0.11093E+01  |   0.118E-07 |
   |    11   |   1027  |   0.60172E-02 |  0.11093E+01  |   0.781E-08 |
   |    12   |   1027  |   0.60172E-02 |  0.11093E+01  |   0.719E-08 |
   |    13   |   1027  |   0.60172E-02 |  0.11093E+01  |   0.137E-09 |
   |    14   |   1027  |   0.60172E-02 |  0.11093E+01  |   0.123E-07 |
   |    15   |   1027  |   0.60172E-02 |  0.11093E+01  |   0.346E-07 |
   |    16   |   1027  |   0.60172E-02 |  0.11093E+01  |   0.229E-07 |
   |    17   |   1027  |   0.60172E-02 |  0.11093E+01  |   0.757E-08 |
   |    18   |   1027  |   0.60172E-02 |  0.11093E+01  |   0.110E-07 |
   |    19   |   1027  |   0.60172E-02 |  0.11093E+01  |   0.172E-09 |
   |    20   |   1027  |   0.60172E-02 |  0.11093E+01  |   0.476E-08 |
   |    21   |   1027  |   0.60172E-02 |  0.11093E+01  |   0.230E-07 |

Watson Alpha parameter  0.1000 fitted with rms2 = 


Potential parameters rounded in accord. with their standart errors

rH  0  0  0  0  0  0   9       1.088649713    (      29)
a1  0  0  0  0  0  0   0   1.5184900    
 f  0  0  0  0  0  0   9    -8651397.34477    (      70)
 f  2  0  0  0  0  0   9         181772.28    (      12)
 f  3  0  0  0  0  0   9         -44189.18    (      66)
 f  4  0  0  0  0  0   9           17861.1    (      28)
 f  5  0  0  0  0  0   9            -456.5    (      95)
 f  6  0  0  0  0  0   9             1071.    (      27)
 f  7  0  0  0  0  0   9             -149.    (      43)
 f  8  0  0  0  0  0   9              511.    (     100)
 f  0  0  0  2  0  0   0   21811.351    
 f  0  0  0  1  2  0   0   6963.8431    
 f  0  0  0  4  0  0   0  -223.79936    
 f  0  0  0  5  0  0   0   6838.2321    
 f  0  0  0  4  2  0   0  -466.05915    
 f  0  0  0  2  4  0   0   217.34157    
 f  0  0  0  7  0  0   0  -3183.3026    
 f  0  0  0  8  0  0   0  -19.862663    
 f  0  0  0  0  0  1   0   172385.96    
 f  0  0  0  0  0  2   0   50227.310    
 f  0  0  0  0  0  3   0   98871.862    
 f  0  0  0  0  0  4   0  -1098957.6    
 f  0  0  0  0  0  5   0   12283357.    
 f  0  0  0  0  0  6   0  -61700682.    
 f  0  0  0  0  0  7   0  0.14106713E+09
 f  1  1  0  0  0  0   9          -1401.05    (      15)
 f  2  1  0  0  0  0   8             310.2    (      12)
 f  2  2  0  0  0  0   7           -1033.0    (      34)
 f  3  1  0  0  0  0   7           -3103.0    (      57)
 f  4  1  0  0  0  0   6             -890.    (      19)
 f  3  2  0  0  0  0   6            -1119.    (      19)
 f  3  3  0  0  0  0   5              187.    (      38)
 f  4  2  0  0  0  0   5             -860.    (      58)
 f  5  1  0  0  0  0   5             -160.    (      52)
 f  6  1  0  0  0  0   4             -520.    (      91)
 f  5  2  0  0  0  0   4             -318.    (      83)
 f  4  3  0  0  0  0   4             -257.    (      88)
 f  7  1  0  0  0  0   3             -877.    (     222)
 f  6  2  0  0  0  0   3            -1308.    (     190)
 f  5  3  0  0  0  0   3            -1809.    (     252)
 f  4  4  0  0  0  0   3            -1326.    (     159)
 f  0  1  0  1  0  0   0         0.0    
 f  0  2  0  1  0  0   0         0.0    
 f  0  1  0  2  0  0   0         0.0    
 f  0  1  0  1  1  0   0         0.0    
 f  0  3  0  1  0  0   0         0.0    
 f  0  2  0  2  0  0   0         0.0    
 f  0  2  0  1  1  0   0         0.0    
 f  0  1  0  3  0  0   0         0.0    
 f  0  1  0  2  1  0   0         0.0    
 f  2  0  0  1  2  0   0         0.0    
 f  1  0  0  4  0  0   0         0.0    
 f  1  0  0  2  2  0   0         0.0    
 f  0  4  0  1  0  0   0         0.0    
 f  0  3  0  2  0  0   0         0.0    
 f  0  3  0  1  1  0   0         0.0    
 f  0  2  0  2  1  0   0         0.0    
 f  0  1  0  2  2  0   0         0.0    
 f  2  0  0  4  0  0   0         0.0    
 f  2  0  0  2  2  0   0         0.0    
 f  0  4  0  2  0  0   0         0.0    
 f  0  4  0  1  1  0   0         0.0    
 f  0  3  0  3  0  0   0         0.0    
 f  0  3  0  2  1  0   0         0.0    
 f  0  2  0  2  2  0   0         0.0    
 f  2  0  0  1  4  0   0         0.0    
 f  2  0  0  5  0  0   0         0.0    
 f  1  0  0  6  0  0   0         0.0    
 f  0  6  0  1  0  0   0         0.0    
 f  0  5  0  2  0  0   0         0.0    
 f  0  5  0  1  1  0   0         0.0    
 f  0  4  0  2  1  0   0         0.0    
 f  0  4  0  1  2  0   0         0.0    
 f  0  3  0  2  2  0   0         0.0    
 f  0  2  0  1  4  0   0         0.0    
 f  0  1  0  3  3  0   0         0.0    
 f  6  0  0  2  0  0   0         0.0    
 f  5  0  0  1  2  0   0         0.0    
 f  3  0  0  3  2  0   0         0.0    
 f  3  0  0  5  0  0   0         0.0    
 f  3  0  0  1  4  0   0         0.0    
 f  2  0  0  4  2  0   0         0.0    
 f  2  0  0  2  4  0   0         0.0    
 f  2  0  0  6  0  0   0         0.0    
 f  1  0  0  7  0  0   0         0.0    
 f  1  0  0  5  2  0   0         0.0    
 f  1  0  0  3  4  0   0         0.0    
 f  0  6  0  2  0  0   0         0.0    
 f  0  4  0  2  2  0   0         0.0    
 f  0  2  0  4  2  0   0         0.0    
 f  1  0  0  0  0  1   0         0.0    
 f  2  0  0  0  0  1   0         0.0    
 f  3  0  0  0  0  1   0         0.0    
 f  4  0  0  0  0  1   0         0.0    
 f  5  0  0  0  0  1   0         0.0    
 f  6  0  0  0  0  1   0         0.0    
 f  7  0  0  0  0  1   0         0.0    
 f  1  0  0  0  0  2   0         0.0    
 f  2  0  0  0  0  2   0         0.0    
 f  3  0  0  0  0  2   0         0.0    
 f  4  0  0  0  0  2   0         0.0    
 f  5  0  0  0  0  2   0         0.0    
 f  6  0  0  0  0  2   0         0.0    
 f  1  0  0  0  0  3   0         0.0    
 f  2  0  0  0  0  3   0         0.0    
 f  3  0  0  0  0  3   0         0.0    
 f  4  0  0  0  0  3   0         0.0    
 f  5  0  0  0  0  3   0         0.0    
 f  1  0  0  0  0  4   0         0.0    
 f  2  0  0  0  0  4   0         0.0    
 f  3  0  0  0  0  4   0         0.0    
 f  4  0  0  0  0  4   0         0.0    
 f  1  0  0  0  0  5   0         0.0    
 f  2  0  0  0  0  5   0         0.0    
 f  3  0  0  0  0  5   0         0.0    
 f  1  0  0  0  0  6   0         0.0    
 f  2  0  0  0  0  6   0         0.0    
 f  1  0  0  0  0  7   0         0.0    
 f  0  0  0  2  0  1   0         0.0    
 f  0  0  0  2  0  2   0         0.0    
 f  0  0  0  2  0  3   0         0.0    
 f  0  0  0  2  0  4   0         0.0    
 f  0  0  0  2  0  5   0         0.0    
 f  0  0  0  2  0  6   0         0.0    
 f  0  0  0  1  2  1   0         0.0    
 f  0  0  0  1  2  2   0         0.0    
 f  0  0  0  1  2  3   0         0.0    
 f  0  0  0  1  2  4   0         0.0    
 f  0  0  0  1  2  5   0         0.0    
 f  0  0  0  4  0  1   0         0.0    
 f  0  0  0  4  0  2   0         0.0    
 f  0  0  0  4  0  3   0         0.0    
 f  0  0  0  4  0  4   0         0.0    
 f  0  0  0  5  0  1   0         0.0    
 f  0  0  0  5  0  2   0         0.0    
 f  0  0  0  5  0  3   0         0.0    
 f  0  0  0  4  2  1   0         0.0    
 f  0  0  0  2  4  1   0         0.0    
 f  0  0  0  4  2  2   0         0.0    
 f  0  0  0  2  4  2   0         0.0    
 f  0  0  0  7  0  1   0         0.0    
------------------------------
*  FITTING OF THE POTENTIAL PARAMETERS TO AB INITIO DATA                        
*                                                                               
*  2016                                                                         
*  C2H6                                                                         
        rH                        9          1.08864971
        a1                        0          1.51848997
 f   0   0   0   0   0   0   9   -8651397.34477199
 f   2   0   0   0   0   0   9     181772.28462910
 f   3   0   0   0   0   0   9     -44189.18333345
 f   4   0   0   0   0   0   9      17861.08882936
 f   5   0   0   0   0   0   9       -456.48345677
 f   6   0   0   0   0   0   9       1071.43198540
 f   7   0   0   0   0   0   9       -149.20383543
 f   8   0   0   0   0   0   9        510.72498191
 f   0   0   0   2   0   0   0      21811.35120285
 f   0   0   0   1   2   0   0       6963.84312940
 f   0   0   0   4   0   0   0       -223.79935533
 f   0   0   0   5   0   0   0       6838.23212096
 f   0   0   0   4   2   0   0       -466.05915196
 f   0   0   0   2   4   0   0        217.34157386
 f   0   0   0   7   0   0   0      -3183.30258170
 f   0   0   0   8   0   0   0        -19.86266337
 f   0   0   0   0   0   1   0     172385.95732830
 f   0   0   0   0   0   2   0      50227.30968118
 f   0   0   0   0   0   3   0      98871.86246964
 f   0   0   0   0   0   4   0   -1098957.60753713
 f   0   0   0   0   0   5   0   12283357.05827215
 f   0   0   0   0   0   6   0  -61700681.94333721
 f   0   0   0   0   0   7   0  141067127.17857310
 f   1   1   0   0   0   0   9      -1401.04588586
 f   2   1   0   0   0   0   8        310.15403323
 f   2   2   0   0   0   0   7      -1033.03357239
 f   3   1   0   0   0   0   7      -3103.04328378
 f   4   1   0   0   0   0   6       -889.70469214
 f   3   2   0   0   0   0   6      -1118.54292964
 f   3   3   0   0   0   0   5        187.23331672
 f   4   2   0   0   0   0   5       -860.48479357
 f   5   1   0   0   0   0   5       -159.81094699
 f   6   1   0   0   0   0   4       -519.95032262
 f   5   2   0   0   0   0   4       -317.75476858
 f   4   3   0   0   0   0   4       -257.38965721
 f   7   1   0   0   0   0   3       -877.24224666
 f   6   2   0   0   0   0   3      -1307.85487904
 f   5   3   0   0   0   0   3      -1809.30062583
 f   4   4   0   0   0   0   3      -1325.63140904
 f   0   1   0   1   0   0   0          0.00000000
 f   0   2   0   1   0   0   0          0.00000000
 f   0   1   0   2   0   0   0          0.00000000
 f   0   1   0   1   1   0   0          0.00000000
 f   0   3   0   1   0   0   0          0.00000000
 f   0   2   0   2   0   0   0          0.00000000
 f   0   2   0   1   1   0   0          0.00000000
 f   0   1   0   3   0   0   0          0.00000000
 f   0   1   0   2   1   0   0          0.00000000
 f   2   0   0   1   2   0   0          0.00000000
 f   1   0   0   4   0   0   0          0.00000000
 f   1   0   0   2   2   0   0          0.00000000
 f   0   4   0   1   0   0   0          0.00000000
 f   0   3   0   2   0   0   0          0.00000000
 f   0   3   0   1   1   0   0          0.00000000
 f   0   2   0   2   1   0   0          0.00000000
 f   0   1   0   2   2   0   0          0.00000000
 f   2   0   0   4   0   0   0          0.00000000
 f   2   0   0   2   2   0   0          0.00000000
 f   0   4   0   2   0   0   0          0.00000000
 f   0   4   0   1   1   0   0          0.00000000
 f   0   3   0   3   0   0   0          0.00000000
 f   0   3   0   2   1   0   0          0.00000000
 f   0   2   0   2   2   0   0          0.00000000
 f   2   0   0   1   4   0   0          0.00000000
 f   2   0   0   5   0   0   0          0.00000000
 f   1   0   0   6   0   0   0          0.00000000
 f   0   6   0   1   0   0   0          0.00000000
 f   0   5   0   2   0   0   0          0.00000000
 f   0   5   0   1   1   0   0          0.00000000
 f   0   4   0   2   1   0   0          0.00000000
 f   0   4   0   1   2   0   0          0.00000000
 f   0   3   0   2   2   0   0          0.00000000
 f   0   2   0   1   4   0   0          0.00000000
 f   0   1   0   3   3   0   0          0.00000000
 f   6   0   0   2   0   0   0          0.00000000
 f   5   0   0   1   2   0   0          0.00000000
 f   3   0   0   3   2   0   0          0.00000000
 f   3   0   0   5   0   0   0          0.00000000
 f   3   0   0   1   4   0   0          0.00000000
 f   2   0   0   4   2   0   0          0.00000000
 f   2   0   0   2   4   0   0          0.00000000
 f   2   0   0   6   0   0   0          0.00000000
 f   1   0   0   7   0   0   0          0.00000000
 f   1   0   0   5   2   0   0          0.00000000
 f   1   0   0   3   4   0   0          0.00000000
 f   0   6   0   2   0   0   0          0.00000000
 f   0   4   0   2   2   0   0          0.00000000
 f   0   2   0   4   2   0   0          0.00000000
 f   1   0   0   0   0   1   0          0.00000000
 f   2   0   0   0   0   1   0          0.00000000
 f   3   0   0   0   0   1   0          0.00000000
 f   4   0   0   0   0   1   0          0.00000000
 f   5   0   0   0   0   1   0          0.00000000
 f   6   0   0   0   0   1   0          0.00000000
 f   7   0   0   0   0   1   0          0.00000000
 f   1   0   0   0   0   2   0          0.00000000
 f   2   0   0   0   0   2   0          0.00000000
 f   3   0   0   0   0   2   0          0.00000000
 f   4   0   0   0   0   2   0          0.00000000
 f   5   0   0   0   0   2   0          0.00000000
 f   6   0   0   0   0   2   0          0.00000000
 f   1   0   0   0   0   3   0          0.00000000
 f   2   0   0   0   0   3   0          0.00000000
 f   3   0   0   0   0   3   0          0.00000000
 f   4   0   0   0   0   3   0          0.00000000
 f   5   0   0   0   0   3   0          0.00000000
 f   1   0   0   0   0   4   0          0.00000000
 f   2   0   0   0   0   4   0          0.00000000
 f   3   0   0   0   0   4   0          0.00000000
 f   4   0   0   0   0   4   0          0.00000000
 f   1   0   0   0   0   5   0          0.00000000
 f   2   0   0   0   0   5   0          0.00000000
 f   3   0   0   0   0   5   0          0.00000000
 f   1   0   0   0   0   6   0          0.00000000
 f   2   0   0   0   0   6   0          0.00000000
 f   1   0   0   0   0   7   0          0.00000000
 f   0   0   0   2   0   1   0          0.00000000
 f   0   0   0   2   0   2   0          0.00000000
 f   0   0   0   2   0   3   0          0.00000000
 f   0   0   0   2   0   4   0          0.00000000
 f   0   0   0   2   0   5   0          0.00000000
 f   0   0   0   2   0   6   0          0.00000000
 f   0   0   0   1   2   1   0          0.00000000
 f   0   0   0   1   2   2   0          0.00000000
 f   0   0   0   1   2   3   0          0.00000000
 f   0   0   0   1   2   4   0          0.00000000
 f   0   0   0   1   2   5   0          0.00000000
 f   0   0   0   4   0   1   0          0.00000000
 f   0   0   0   4   0   2   0          0.00000000
 f   0   0   0   4   0   3   0          0.00000000
 f   0   0   0   4   0   4   0          0.00000000
 f   0   0   0   5   0   1   0          0.00000000
 f   0   0   0   5   0   2   0          0.00000000
 f   0   0   0   5   0   3   0          0.00000000
 f   0   0   0   4   2   1   0          0.00000000
 f   0   0   0   2   4   1   0          0.00000000
 f   0   0   0   4   2   2   0          0.00000000
 f   0   0   0   2   4   2   0          0.00000000
 f   0   0   0   7   0   1   0          0.00000000

Correlation coefficients larger than 0.9: 
          corr(   4,   6) =  0.9148572
          corr(   6,   8) =  0.9705182
          corr(   7,   9) =  0.9173211
          corr(  10,  13) =  0.9454505
          corr(  12,  17) =  0.9254795
          corr(  14,  19) =  0.9475081
          corr(  15,  20) =  0.9149107
          corr(  16,  24) =  0.9293328

               --------------------------------------------------------------------------------
               :     old parm   :     new parm   :  delta parm  :   std. err.  : sensitility
               --------------------------------------------------------------------------------
  1  rH         :          1.09  :          1.09  :         0.000:         0.000:         0.000:!
  2  f          :   -8651397.34  :   -8651397.34  :         0.000:         0.001:         0.000:!
  3  f          :     181772.28  :     181772.28  :        -0.000:         0.120:         0.001:!
  4  f          :     -44189.18  :     -44189.18  :         0.000:         0.660:         0.002:!
  5  f          :      17861.09  :      17861.09  :        -0.000:         2.812:         0.004:!
  6  f          :       -456.48  :       -456.48  :        -0.000:         9.486:         0.011:!
  7  f          :       1071.43  :       1071.43  :         0.000:        27.232:         0.024:!
  8  f          :       -149.20  :       -149.20  :         0.000:        43.198:         0.056:!
  9  f          :        510.73  :        510.72  :        -0.000:       100.341:         0.125:!
 10  f          :      -1401.05  :      -1401.05  :        -0.000:         0.150:         0.002:!
 11  f          :        310.15  :        310.15  :         0.000:         1.204:         0.008:!
 12  f          :      -1033.03  :      -1033.03  :         0.000:         3.430:         0.023:!
 13  f          :      -3103.04  :      -3103.04  :         0.000:         5.691:         0.019:!
 14  f          :       -889.70  :       -889.70  :        -0.000:        18.556:         0.059:!
 15  f          :      -1118.54  :      -1118.54  :        -0.000:        18.780:         0.093:!
 16  f          :        187.23  :        187.23  :        -0.000:        37.818:         0.248:!
 17  f          :       -860.48  :       -860.48  :        -0.000:        57.617:         0.217:!
 18  f          :       -159.81  :       -159.81  :        -0.000:        52.391:         0.135:!
 19  f          :       -519.95  :       -519.95  :         0.000:        91.171:         0.338:!
 20  f          :       -317.75  :       -317.75  :         0.000:        83.257:         0.657:!
 21  f          :       -257.39  :       -257.39  :         0.000:        87.626:         0.910:!
 22  f          :       -877.24  :       -877.24  :        -0.000:       222.425:         0.771:!
 23  f          :      -1307.85  :      -1307.85  :         0.000:       189.660:         1.527:!
 24  f          :      -1809.30  :      -1809.30  :        -0.000:       251.955:         2.173:!
 25  f          :      -1325.63  :      -1325.63  :        -0.000:       158.748:         2.384:!
relat_sterr_min,ilow_sterr, tivar:    0.10000000D+21   -1    3
rH                                 9          1.08864971
a1                                 0          1.51848997
 f   0   0   0   0   0   0   9   -8651397.34477199
 f   2   0   0   0   0   0   9     181772.28462910
 f   3   0   0   0   0   0   9     -44189.18333345
 f   4   0   0   0   0   0   9      17861.08882936
 f   5   0   0   0   0   0   9       -456.48345677
 f   6   0   0   0   0   0   9       1071.43198540
 f   7   0   0   0   0   0   9       -149.20383543
 f   8   0   0   0   0   0   9        510.72498191
 f   0   0   0   2   0   0   0      21811.35120285
 f   0   0   0   1   2   0   0       6963.84312940
 f   0   0   0   4   0   0   0       -223.79935533
 f   0   0   0   5   0   0   0       6838.23212096
 f   0   0   0   4   2   0   0       -466.05915196
 f   0   0   0   2   4   0   0        217.34157386
 f   0   0   0   7   0   0   0      -3183.30258170
 f   0   0   0   8   0   0   0        -19.86266337
 f   0   0   0   0   0   1   0     172385.95732830
 f   0   0   0   0   0   2   0      50227.30968118
 f   0   0   0   0   0   3   0      98871.86246964
 f   0   0   0   0   0   4   0   -1098957.60753713
 f   0   0   0   0   0   5   0   12283357.05827215
 f   0   0   0   0   0   6   0  -61700681.94333721
 f   0   0   0   0   0   7   0  141067127.17857310
 f   1   1   0   0   0   0   9      -1401.04588586
 f   2   1   0   0   0   0   8        310.15403323
 f   2   2   0   0   0   0   7      -1033.03357239
 f   3   1   0   0   0   0   7      -3103.04328378
 f   4   1   0   0   0   0   6       -889.70469214
 f   3   2   0   0   0   0   6      -1118.54292964
 f   3   3   0   0   0   0   5        187.23331672
 f   4   2   0   0   0   0   5       -860.48479357
 f   5   1   0   0   0   0   5       -159.81094699
 f   6   1   0   0   0   0   4       -519.95032262
 f   5   2   0   0   0   0   4       -317.75476858
 f   4   3   0   0   0   0   4       -257.38965721
 f   7   1   0   0   0   0   3       -877.24224666
 f   6   2   0   0   0   0   3      -1307.85487904
 f   5   3   0   0   0   0   3      -1809.30062583
 f   4   4   0   0   0   0   3      -1325.63140904
 f   0   1   0   1   0   0   0          0.00000000
 f   0   2   0   1   0   0   0          0.00000000
 f   0   1   0   2   0   0   0          0.00000000
 f   0   1   0   1   1   0   0          0.00000000
 f   0   3   0   1   0   0   0          0.00000000
 f   0   2   0   2   0   0   0          0.00000000
 f   0   2   0   1   1   0   0          0.00000000
 f   0   1   0   3   0   0   0          0.00000000
 f   0   1   0   2   1   0   0          0.00000000
 f   2   0   0   1   2   0   0          0.00000000
 f   1   0   0   4   0   0   0          0.00000000
 f   1   0   0   2   2   0   0          0.00000000
 f   0   4   0   1   0   0   0          0.00000000
 f   0   3   0   2   0   0   0          0.00000000
 f   0   3   0   1   1   0   0          0.00000000
 f   0   2   0   2   1   0   0          0.00000000
 f   0   1   0   2   2   0   0          0.00000000
 f   2   0   0   4   0   0   0          0.00000000
 f   2   0   0   2   2   0   0          0.00000000
 f   0   4   0   2   0   0   0          0.00000000
 f   0   4   0   1   1   0   0          0.00000000
 f   0   3   0   3   0   0   0          0.00000000
 f   0   3   0   2   1   0   0          0.00000000
 f   0   2   0   2   2   0   0          0.00000000
 f   2   0   0   1   4   0   0          0.00000000
 f   2   0   0   5   0   0   0          0.00000000
 f   1   0   0   6   0   0   0          0.00000000
 f   0   6   0   1   0   0   0          0.00000000
 f   0   5   0   2   0   0   0          0.00000000
 f   0   5   0   1   1   0   0          0.00000000
 f   0   4   0   2   1   0   0          0.00000000
 f   0   4   0   1   2   0   0          0.00000000
 f   0   3   0   2   2   0   0          0.00000000
 f   0   2   0   1   4   0   0          0.00000000
 f   0   1   0   3   3   0   0          0.00000000
 f   6   0   0   2   0   0   0          0.00000000
 f   5   0   0   1   2   0   0          0.00000000
 f   3   0   0   3   2   0   0          0.00000000
 f   3   0   0   5   0   0   0          0.00000000
 f   3   0   0   1   4   0   0          0.00000000
 f   2   0   0   4   2   0   0          0.00000000
 f   2   0   0   2   4   0   0          0.00000000
 f   2   0   0   6   0   0   0          0.00000000
 f   1   0   0   7   0   0   0          0.00000000
 f   1   0   0   5   2   0   0          0.00000000
 f   1   0   0   3   4   0   0          0.00000000
 f   0   6   0   2   0   0   0          0.00000000
 f   0   4   0   2   2   0   0          0.00000000
 f   0   2   0   4   2   0   0          0.00000000
 f   1   0   0   0   0   1   0          0.00000000
 f   2   0   0   0   0   1   0          0.00000000
 f   3   0   0   0   0   1   0          0.00000000
 f   4   0   0   0   0   1   0          0.00000000
 f   5   0   0   0   0   1   0          0.00000000
 f   6   0   0   0   0   1   0          0.00000000
 f   7   0   0   0   0   1   0          0.00000000
 f   1   0   0   0   0   2   0          0.00000000
 f   2   0   0   0   0   2   0          0.00000000
 f   3   0   0   0   0   2   0          0.00000000
 f   4   0   0   0   0   2   0          0.00000000
 f   5   0   0   0   0   2   0          0.00000000
 f   6   0   0   0   0   2   0          0.00000000
 f   1   0   0   0   0   3   0          0.00000000
 f   2   0   0   0   0   3   0          0.00000000
 f   3   0   0   0   0   3   0          0.00000000
 f   4   0   0   0   0   3   0          0.00000000
 f   5   0   0   0   0   3   0          0.00000000
 f   1   0   0   0   0   4   0          0.00000000
 f   2   0   0   0   0   4   0          0.00000000
 f   3   0   0   0   0   4   0          0.00000000
 f   4   0   0   0   0   4   0          0.00000000
 f   1   0   0   0   0   5   0          0.00000000
 f   2   0   0   0   0   5   0          0.00000000
 f   3   0   0   0   0   5   0          0.00000000
 f   1   0   0   0   0   6   0          0.00000000
 f   2   0   0   0   0   6   0          0.00000000
 f   1   0   0   0   0   7   0          0.00000000
 f   0   0   0   2   0   1   0          0.00000000
 f   0   0   0   2   0   2   0          0.00000000
 f   0   0   0   2   0   3   0          0.00000000
 f   0   0   0   2   0   4   0          0.00000000
 f   0   0   0   2   0   5   0          0.00000000
 f   0   0   0   2   0   6   0          0.00000000
 f   0   0   0   1   2   1   0          0.00000000
 f   0   0   0   1   2   2   0          0.00000000
 f   0   0   0   1   2   3   0          0.00000000
 f   0   0   0   1   2   4   0          0.00000000
 f   0   0   0   1   2   5   0          0.00000000
 f   0   0   0   4   0   1   0          0.00000000
 f   0   0   0   4   0   2   0          0.00000000
 f   0   0   0   4   0   3   0          0.00000000
 f   0   0   0   4   0   4   0          0.00000000
 f   0   0   0   5   0   1   0          0.00000000
 f   0   0   0   5   0   2   0          0.00000000
 f   0   0   0   5   0   3   0          0.00000000
 f   0   0   0   4   2   1   0          0.00000000
 f   0   0   0   2   4   1   0          0.00000000
 f   0   0   0   4   2   2   0          0.00000000
 f   0   0   0   2   4   2   0          0.00000000
 f   0   0   0   7   0   1   0          0.00000000
relat_sterr_min,ilow_sterr, tivar:    0.10000000D+21   -1    4
rH                                 9          1.08864971
a1                                 0          1.51848997
 f   0   0   0   0   0   0   9   -8651397.34477199
 f   2   0   0   0   0   0   9     181772.28462910
 f   3   0   0   0   0   0   9     -44189.18333345
 f   4   0   0   0   0   0   9      17861.08882936
 f   5   0   0   0   0   0   9       -456.48345677
 f   6   0   0   0   0   0   9       1071.43198540
 f   7   0   0   0   0   0   9       -149.20383543
 f   8   0   0   0   0   0   9        510.72498191
 f   0   0   0   2   0   0   0      21811.35120285
 f   0   0   0   1   2   0   0       6963.84312940
 f   0   0   0   4   0   0   0       -223.79935533
 f   0   0   0   5   0   0   0       6838.23212096
 f   0   0   0   4   2   0   0       -466.05915196
 f   0   0   0   2   4   0   0        217.34157386
 f   0   0   0   7   0   0   0      -3183.30258170
 f   0   0   0   8   0   0   0        -19.86266337
 f   0   0   0   0   0   1   0     172385.95732830
 f   0   0   0   0   0   2   0      50227.30968118
 f   0   0   0   0   0   3   0      98871.86246964
 f   0   0   0   0   0   4   0   -1098957.60753713
 f   0   0   0   0   0   5   0   12283357.05827215
 f   0   0   0   0   0   6   0  -61700681.94333721
 f   0   0   0   0   0   7   0  141067127.17857310
 f   1   1   0   0   0   0   9      -1401.04588586
 f   2   1   0   0   0   0   8        310.15403323
 f   2   2   0   0   0   0   7      -1033.03357239
 f   3   1   0   0   0   0   7      -3103.04328378
 f   4   1   0   0   0   0   6       -889.70469214
 f   3   2   0   0   0   0   6      -1118.54292964
 f   3   3   0   0   0   0   5        187.23331672
 f   4   2   0   0   0   0   5       -860.48479357
 f   5   1   0   0   0   0   5       -159.81094699
 f   6   1   0   0   0   0   4       -519.95032262
 f   5   2   0   0   0   0   4       -317.75476858
 f   4   3   0   0   0   0   4       -257.38965721
 f   7   1   0   0   0   0   3       -877.24224666
 f   6   2   0   0   0   0   3      -1307.85487904
 f   5   3   0   0   0   0   3      -1809.30062583
 f   4   4   0   0   0   0   3      -1325.63140904
 f   0   1   0   1   0   0   0          0.00000000
 f   0   2   0   1   0   0   0          0.00000000
 f   0   1   0   2   0   0   0          0.00000000
 f   0   1   0   1   1   0   0          0.00000000
 f   0   3   0   1   0   0   0          0.00000000
 f   0   2   0   2   0   0   0          0.00000000
 f   0   2   0   1   1   0   0          0.00000000
 f   0   1   0   3   0   0   0          0.00000000
 f   0   1   0   2   1   0   0          0.00000000
 f   2   0   0   1   2   0   0          0.00000000
 f   1   0   0   4   0   0   0          0.00000000
 f   1   0   0   2   2   0   0          0.00000000
 f   0   4   0   1   0   0   0          0.00000000
 f   0   3   0   2   0   0   0          0.00000000
 f   0   3   0   1   1   0   0          0.00000000
 f   0   2   0   2   1   0   0          0.00000000
 f   0   1   0   2   2   0   0          0.00000000
 f   2   0   0   4   0   0   0          0.00000000
 f   2   0   0   2   2   0   0          0.00000000
 f   0   4   0   2   0   0   0          0.00000000
 f   0   4   0   1   1   0   0          0.00000000
 f   0   3   0   3   0   0   0          0.00000000
 f   0   3   0   2   1   0   0          0.00000000
 f   0   2   0   2   2   0   0          0.00000000
 f   2   0   0   1   4   0   0          0.00000000
 f   2   0   0   5   0   0   0          0.00000000
 f   1   0   0   6   0   0   0          0.00000000
 f   0   6   0   1   0   0   0          0.00000000
 f   0   5   0   2   0   0   0          0.00000000
 f   0   5   0   1   1   0   0          0.00000000
 f   0   4   0   2   1   0   0          0.00000000
 f   0   4   0   1   2   0   0          0.00000000
 f   0   3   0   2   2   0   0          0.00000000
 f   0   2   0   1   4   0   0          0.00000000
 f   0   1   0   3   3   0   0          0.00000000
 f   6   0   0   2   0   0   0          0.00000000
 f   5   0   0   1   2   0   0          0.00000000
 f   3   0   0   3   2   0   0          0.00000000
 f   3   0   0   5   0   0   0          0.00000000
 f   3   0   0   1   4   0   0          0.00000000
 f   2   0   0   4   2   0   0          0.00000000
 f   2   0   0   2   4   0   0          0.00000000
 f   2   0   0   6   0   0   0          0.00000000
 f   1   0   0   7   0   0   0          0.00000000
 f   1   0   0   5   2   0   0          0.00000000
 f   1   0   0   3   4   0   0          0.00000000
 f   0   6   0   2   0   0   0          0.00000000
 f   0   4   0   2   2   0   0          0.00000000
 f   0   2   0   4   2   0   0          0.00000000
 f   1   0   0   0   0   1   0          0.00000000
 f   2   0   0   0   0   1   0          0.00000000
 f   3   0   0   0   0   1   0          0.00000000
 f   4   0   0   0   0   1   0          0.00000000
 f   5   0   0   0   0   1   0          0.00000000
 f   6   0   0   0   0   1   0          0.00000000
 f   7   0   0   0   0   1   0          0.00000000
 f   1   0   0   0   0   2   0          0.00000000
 f   2   0   0   0   0   2   0          0.00000000
 f   3   0   0   0   0   2   0          0.00000000
 f   4   0   0   0   0   2   0          0.00000000
 f   5   0   0   0   0   2   0          0.00000000
 f   6   0   0   0   0   2   0          0.00000000
 f   1   0   0   0   0   3   0          0.00000000
 f   2   0   0   0   0   3   0          0.00000000
 f   3   0   0   0   0   3   0          0.00000000
 f   4   0   0   0   0   3   0          0.00000000
 f   5   0   0   0   0   3   0          0.00000000
 f   1   0   0   0   0   4   0          0.00000000
 f   2   0   0   0   0   4   0          0.00000000
 f   3   0   0   0   0   4   0          0.00000000
 f   4   0   0   0   0   4   0          0.00000000
 f   1   0   0   0   0   5   0          0.00000000
 f   2   0   0   0   0   5   0          0.00000000
 f   3   0   0   0   0   5   0          0.00000000
 f   1   0   0   0   0   6   0          0.00000000
 f   2   0   0   0   0   6   0          0.00000000
 f   1   0   0   0   0   7   0          0.00000000
 f   0   0   0   2   0   1   0          0.00000000
 f   0   0   0   2   0   2   0          0.00000000
 f   0   0   0   2   0   3   0          0.00000000
 f   0   0   0   2   0   4   0          0.00000000
 f   0   0   0   2   0   5   0          0.00000000
 f   0   0   0   2   0   6   0          0.00000000
 f   0   0   0   1   2   1   0          0.00000000
 f   0   0   0   1   2   2   0          0.00000000
 f   0   0   0   1   2   3   0          0.00000000
 f   0   0   0   1   2   4   0          0.00000000
 f   0   0   0   1   2   5   0          0.00000000
 f   0   0   0   4   0   1   0          0.00000000
 f   0   0   0   4   0   2   0          0.00000000
 f   0   0   0   4   0   3   0          0.00000000
 f   0   0   0   4   0   4   0          0.00000000
 f   0   0   0   5   0   1   0          0.00000000
 f   0   0   0   5   0   2   0          0.00000000
 f   0   0   0   5   0   3   0          0.00000000
 f   0   0   0   4   2   1   0          0.00000000
 f   0   0   0   2   4   1   0          0.00000000
 f   0   0   0   4   2   2   0          0.00000000
 f   0   0   0   2   4   2   0          0.00000000
 f   0   0   0   7   0   1   0          0.00000000
relat_sterr_min,ilow_sterr, tivar:    0.10000000D+21   -1    5
rH                                 9          1.08864971
a1                                 0          1.51848997
 f   0   0   0   0   0   0   9   -8651397.34477199
 f   2   0   0   0   0   0   9     181772.28462910
 f   3   0   0   0   0   0   9     -44189.18333345
 f   4   0   0   0   0   0   9      17861.08882936
 f   5   0   0   0   0   0   9       -456.48345677
 f   6   0   0   0   0   0   9       1071.43198540
 f   7   0   0   0   0   0   9       -149.20383543
 f   8   0   0   0   0   0   9        510.72498191
 f   0   0   0   2   0   0   0      21811.35120285
 f   0   0   0   1   2   0   0       6963.84312940
 f   0   0   0   4   0   0   0       -223.79935533
 f   0   0   0   5   0   0   0       6838.23212096
 f   0   0   0   4   2   0   0       -466.05915196
 f   0   0   0   2   4   0   0        217.34157386
 f   0   0   0   7   0   0   0      -3183.30258170
 f   0   0   0   8   0   0   0        -19.86266337
 f   0   0   0   0   0   1   0     172385.95732830
 f   0   0   0   0   0   2   0      50227.30968118
 f   0   0   0   0   0   3   0      98871.86246964
 f   0   0   0   0   0   4   0   -1098957.60753713
 f   0   0   0   0   0   5   0   12283357.05827215
 f   0   0   0   0   0   6   0  -61700681.94333721
 f   0   0   0   0   0   7   0  141067127.17857310
 f   1   1   0   0   0   0   9      -1401.04588586
 f   2   1   0   0   0   0   8        310.15403323
 f   2   2   0   0   0   0   7      -1033.03357239
 f   3   1   0   0   0   0   7      -3103.04328378
 f   4   1   0   0   0   0   6       -889.70469214
 f   3   2   0   0   0   0   6      -1118.54292964
 f   3   3   0   0   0   0   5        187.23331672
 f   4   2   0   0   0   0   5       -860.48479357
 f   5   1   0   0   0   0   5       -159.81094699
 f   6   1   0   0   0   0   4       -519.95032262
 f   5   2   0   0   0   0   4       -317.75476858
 f   4   3   0   0   0   0   4       -257.38965721
 f   7   1   0   0   0   0   3       -877.24224666
 f   6   2   0   0   0   0   3      -1307.85487904
 f   5   3   0   0   0   0   3      -1809.30062583
 f   4   4   0   0   0   0   3      -1325.63140904
 f   0   1   0   1   0   0   0          0.00000000
 f   0   2   0   1   0   0   0          0.00000000
 f   0   1   0   2   0   0   0          0.00000000
 f   0   1   0   1   1   0   0          0.00000000
 f   0   3   0   1   0   0   0          0.00000000
 f   0   2   0   2   0   0   0          0.00000000
 f   0   2   0   1   1   0   0          0.00000000
 f   0   1   0   3   0   0   0          0.00000000
 f   0   1   0   2   1   0   0          0.00000000
 f   2   0   0   1   2   0   0          0.00000000
 f   1   0   0   4   0   0   0          0.00000000
 f   1   0   0   2   2   0   0          0.00000000
 f   0   4   0   1   0   0   0          0.00000000
 f   0   3   0   2   0   0   0          0.00000000
 f   0   3   0   1   1   0   0          0.00000000
 f   0   2   0   2   1   0   0          0.00000000
 f   0   1   0   2   2   0   0          0.00000000
 f   2   0   0   4   0   0   0          0.00000000
 f   2   0   0   2   2   0   0          0.00000000
 f   0   4   0   2   0   0   0          0.00000000
 f   0   4   0   1   1   0   0          0.00000000
 f   0   3   0   3   0   0   0          0.00000000
 f   0   3   0   2   1   0   0          0.00000000
 f   0   2   0   2   2   0   0          0.00000000
 f   2   0   0   1   4   0   0          0.00000000
 f   2   0   0   5   0   0   0          0.00000000
 f   1   0   0   6   0   0   0          0.00000000
 f   0   6   0   1   0   0   0          0.00000000
 f   0   5   0   2   0   0   0          0.00000000
 f   0   5   0   1   1   0   0          0.00000000
 f   0   4   0   2   1   0   0          0.00000000
 f   0   4   0   1   2   0   0          0.00000000
 f   0   3   0   2   2   0   0          0.00000000
 f   0   2   0   1   4   0   0          0.00000000
 f   0   1   0   3   3   0   0          0.00000000
 f   6   0   0   2   0   0   0          0.00000000
 f   5   0   0   1   2   0   0          0.00000000
 f   3   0   0   3   2   0   0          0.00000000
 f   3   0   0   5   0   0   0          0.00000000
 f   3   0   0   1   4   0   0          0.00000000
 f   2   0   0   4   2   0   0          0.00000000
 f   2   0   0   2   4   0   0          0.00000000
 f   2   0   0   6   0   0   0          0.00000000
 f   1   0   0   7   0   0   0          0.00000000
 f   1   0   0   5   2   0   0          0.00000000
 f   1   0   0   3   4   0   0          0.00000000
 f   0   6   0   2   0   0   0          0.00000000
 f   0   4   0   2   2   0   0          0.00000000
 f   0   2   0   4   2   0   0          0.00000000
 f   1   0   0   0   0   1   0          0.00000000
 f   2   0   0   0   0   1   0          0.00000000
 f   3   0   0   0   0   1   0          0.00000000
 f   4   0   0   0   0   1   0          0.00000000
 f   5   0   0   0   0   1   0          0.00000000
 f   6   0   0   0   0   1   0          0.00000000
 f   7   0   0   0   0   1   0          0.00000000
 f   1   0   0   0   0   2   0          0.00000000
 f   2   0   0   0   0   2   0          0.00000000
 f   3   0   0   0   0   2   0          0.00000000
 f   4   0   0   0   0   2   0          0.00000000
 f   5   0   0   0   0   2   0          0.00000000
 f   6   0   0   0   0   2   0          0.00000000
 f   1   0   0   0   0   3   0          0.00000000
 f   2   0   0   0   0   3   0          0.00000000
 f   3   0   0   0   0   3   0          0.00000000
 f   4   0   0   0   0   3   0          0.00000000
 f   5   0   0   0   0   3   0          0.00000000
 f   1   0   0   0   0   4   0          0.00000000
 f   2   0   0   0   0   4   0          0.00000000
 f   3   0   0   0   0   4   0          0.00000000
 f   4   0   0   0   0   4   0          0.00000000
 f   1   0   0   0   0   5   0          0.00000000
 f   2   0   0   0   0   5   0          0.00000000
 f   3   0   0   0   0   5   0          0.00000000
 f   1   0   0   0   0   6   0          0.00000000
 f   2   0   0   0   0   6   0          0.00000000
 f   1   0   0   0   0   7   0          0.00000000
 f   0   0   0   2   0   1   0          0.00000000
 f   0   0   0   2   0   2   0          0.00000000
 f   0   0   0   2   0   3   0          0.00000000
 f   0   0   0   2   0   4   0          0.00000000
 f   0   0   0   2   0   5   0          0.00000000
 f   0   0   0   2   0   6   0          0.00000000
 f   0   0   0   1   2   1   0          0.00000000
 f   0   0   0   1   2   2   0          0.00000000
 f   0   0   0   1   2   3   0          0.00000000
 f   0   0   0   1   2   4   0          0.00000000
 f   0   0   0   1   2   5   0          0.00000000
 f   0   0   0   4   0   1   0          0.00000000
 f   0   0   0   4   0   2   0          0.00000000
 f   0   0   0   4   0   3   0          0.00000000
 f   0   0   0   4   0   4   0          0.00000000
 f   0   0   0   5   0   1   0          0.00000000
 f   0   0   0   5   0   2   0          0.00000000
 f   0   0   0   5   0   3   0          0.00000000
 f   0   0   0   4   2   1   0          0.00000000
 f   0   0   0   2   4   1   0          0.00000000
 f   0   0   0   4   2   2   0          0.00000000
 f   0   0   0   2   4   2   0          0.00000000
 f   0   0   0   7   0   1   0          0.00000000
relat_sterr_min,ilow_sterr, tivar:    0.10000000D+21   -1    6
rH                                 9          1.08864971
a1                                 0          1.51848997
 f   0   0   0   0   0   0   9   -8651397.34477199
 f   2   0   0   0   0   0   9     181772.28462910
 f   3   0   0   0   0   0   9     -44189.18333345
 f   4   0   0   0   0   0   9      17861.08882936
 f   5   0   0   0   0   0   9       -456.48345677
 f   6   0   0   0   0   0   9       1071.43198540
 f   7   0   0   0   0   0   9       -149.20383543
 f   8   0   0   0   0   0   9        510.72498191
 f   0   0   0   2   0   0   0      21811.35120285
 f   0   0   0   1   2   0   0       6963.84312940
 f   0   0   0   4   0   0   0       -223.79935533
 f   0   0   0   5   0   0   0       6838.23212096
 f   0   0   0   4   2   0   0       -466.05915196
 f   0   0   0   2   4   0   0        217.34157386
 f   0   0   0   7   0   0   0      -3183.30258170
 f   0   0   0   8   0   0   0        -19.86266337
 f   0   0   0   0   0   1   0     172385.95732830
 f   0   0   0   0   0   2   0      50227.30968118
 f   0   0   0   0   0   3   0      98871.86246964
 f   0   0   0   0   0   4   0   -1098957.60753713
 f   0   0   0   0   0   5   0   12283357.05827215
 f   0   0   0   0   0   6   0  -61700681.94333721
 f   0   0   0   0   0   7   0  141067127.17857310
 f   1   1   0   0   0   0   9      -1401.04588586
 f   2   1   0   0   0   0   8        310.15403323
 f   2   2   0   0   0   0   7      -1033.03357239
 f   3   1   0   0   0   0   7      -3103.04328378
 f   4   1   0   0   0   0   6       -889.70469214
 f   3   2   0   0   0   0   6      -1118.54292964
 f   3   3   0   0   0   0   5        187.23331672
 f   4   2   0   0   0   0   5       -860.48479357
 f   5   1   0   0   0   0   5       -159.81094699
 f   6   1   0   0   0   0   4       -519.95032262
 f   5   2   0   0   0   0   4       -317.75476858
 f   4   3   0   0   0   0   4       -257.38965721
 f   7   1   0   0   0   0   3       -877.24224666
 f   6   2   0   0   0   0   3      -1307.85487904
 f   5   3   0   0   0   0   3      -1809.30062583
 f   4   4   0   0   0   0   3      -1325.63140904
 f   0   1   0   1   0   0   0          0.00000000
 f   0   2   0   1   0   0   0          0.00000000
 f   0   1   0   2   0   0   0          0.00000000
 f   0   1   0   1   1   0   0          0.00000000
 f   0   3   0   1   0   0   0          0.00000000
 f   0   2   0   2   0   0   0          0.00000000
 f   0   2   0   1   1   0   0          0.00000000
 f   0   1   0   3   0   0   0          0.00000000
 f   0   1   0   2   1   0   0          0.00000000
 f   2   0   0   1   2   0   0          0.00000000
 f   1   0   0   4   0   0   0          0.00000000
 f   1   0   0   2   2   0   0          0.00000000
 f   0   4   0   1   0   0   0          0.00000000
 f   0   3   0   2   0   0   0          0.00000000
 f   0   3   0   1   1   0   0          0.00000000
 f   0   2   0   2   1   0   0          0.00000000
 f   0   1   0   2   2   0   0          0.00000000
 f   2   0   0   4   0   0   0          0.00000000
 f   2   0   0   2   2   0   0          0.00000000
 f   0   4   0   2   0   0   0          0.00000000
 f   0   4   0   1   1   0   0          0.00000000
 f   0   3   0   3   0   0   0          0.00000000
 f   0   3   0   2   1   0   0          0.00000000
 f   0   2   0   2   2   0   0          0.00000000
 f   2   0   0   1   4   0   0          0.00000000
 f   2   0   0   5   0   0   0          0.00000000
 f   1   0   0   6   0   0   0          0.00000000
 f   0   6   0   1   0   0   0          0.00000000
 f   0   5   0   2   0   0   0          0.00000000
 f   0   5   0   1   1   0   0          0.00000000
 f   0   4   0   2   1   0   0          0.00000000
 f   0   4   0   1   2   0   0          0.00000000
 f   0   3   0   2   2   0   0          0.00000000
 f   0   2   0   1   4   0   0          0.00000000
 f   0   1   0   3   3   0   0          0.00000000
 f   6   0   0   2   0   0   0          0.00000000
 f   5   0   0   1   2   0   0          0.00000000
 f   3   0   0   3   2   0   0          0.00000000
 f   3   0   0   5   0   0   0          0.00000000
 f   3   0   0   1   4   0   0          0.00000000
 f   2   0   0   4   2   0   0          0.00000000
 f   2   0   0   2   4   0   0          0.00000000
 f   2   0   0   6   0   0   0          0.00000000
 f   1   0   0   7   0   0   0          0.00000000
 f   1   0   0   5   2   0   0          0.00000000
 f   1   0   0   3   4   0   0          0.00000000
 f   0   6   0   2   0   0   0          0.00000000
 f   0   4   0   2   2   0   0          0.00000000
 f   0   2   0   4   2   0   0          0.00000000
 f   1   0   0   0   0   1   0          0.00000000
 f   2   0   0   0   0   1   0          0.00000000
 f   3   0   0   0   0   1   0          0.00000000
 f   4   0   0   0   0   1   0          0.00000000
 f   5   0   0   0   0   1   0          0.00000000
 f   6   0   0   0   0   1   0          0.00000000
 f   7   0   0   0   0   1   0          0.00000000
 f   1   0   0   0   0   2   0          0.00000000
 f   2   0   0   0   0   2   0          0.00000000
 f   3   0   0   0   0   2   0          0.00000000
 f   4   0   0   0   0   2   0          0.00000000
 f   5   0   0   0   0   2   0          0.00000000
 f   6   0   0   0   0   2   0          0.00000000
 f   1   0   0   0   0   3   0          0.00000000
 f   2   0   0   0   0   3   0          0.00000000
 f   3   0   0   0   0   3   0          0.00000000
 f   4   0   0   0   0   3   0          0.00000000
 f   5   0   0   0   0   3   0          0.00000000
 f   1   0   0   0   0   4   0          0.00000000
 f   2   0   0   0   0   4   0          0.00000000
 f   3   0   0   0   0   4   0          0.00000000
 f   4   0   0   0   0   4   0          0.00000000
 f   1   0   0   0   0   5   0          0.00000000
 f   2   0   0   0   0   5   0          0.00000000
 f   3   0   0   0   0   5   0          0.00000000
 f   1   0   0   0   0   6   0          0.00000000
 f   2   0   0   0   0   6   0          0.00000000
 f   1   0   0   0   0   7   0          0.00000000
 f   0   0   0   2   0   1   0          0.00000000
 f   0   0   0   2   0   2   0          0.00000000
 f   0   0   0   2   0   3   0          0.00000000
 f   0   0   0   2   0   4   0          0.00000000
 f   0   0   0   2   0   5   0          0.00000000
 f   0   0   0   2   0   6   0          0.00000000
 f   0   0   0   1   2   1   0          0.00000000
 f   0   0   0   1   2   2   0          0.00000000
 f   0   0   0   1   2   3   0          0.00000000
 f   0   0   0   1   2   4   0          0.00000000
 f   0   0   0   1   2   5   0          0.00000000
 f   0   0   0   4   0   1   0          0.00000000
 f   0   0   0   4   0   2   0          0.00000000
 f   0   0   0   4   0   3   0          0.00000000
 f   0   0   0   4   0   4   0          0.00000000
 f   0   0   0   5   0   1   0          0.00000000
 f   0   0   0   5   0   2   0          0.00000000
 f   0   0   0   5   0   3   0          0.00000000
 f   0   0   0   4   2   1   0          0.00000000
 f   0   0   0   2   4   1   0          0.00000000
 f   0   0   0   4   2   2   0          0.00000000
 f   0   0   0   2   4   2   0          0.00000000
 f   0   0   0   7   0   1   0          0.00000000
relat_sterr_min,ilow_sterr, tivar:    0.10000000D+21   -1    7
rH                                 9          1.08864971
a1                                 0          1.51848997
 f   0   0   0   0   0   0   9   -8651397.34477199
 f   2   0   0   0   0   0   9     181772.28462910
 f   3   0   0   0   0   0   9     -44189.18333345
 f   4   0   0   0   0   0   9      17861.08882936
 f   5   0   0   0   0   0   9       -456.48345677
 f   6   0   0   0   0   0   9       1071.43198540
 f   7   0   0   0   0   0   9       -149.20383543
 f   8   0   0   0   0   0   9        510.72498191
 f   0   0   0   2   0   0   0      21811.35120285
 f   0   0   0   1   2   0   0       6963.84312940
 f   0   0   0   4   0   0   0       -223.79935533
 f   0   0   0   5   0   0   0       6838.23212096
 f   0   0   0   4   2   0   0       -466.05915196
 f   0   0   0   2   4   0   0        217.34157386
 f   0   0   0   7   0   0   0      -3183.30258170
 f   0   0   0   8   0   0   0        -19.86266337
 f   0   0   0   0   0   1   0     172385.95732830
 f   0   0   0   0   0   2   0      50227.30968118
 f   0   0   0   0   0   3   0      98871.86246964
 f   0   0   0   0   0   4   0   -1098957.60753713
 f   0   0   0   0   0   5   0   12283357.05827215
 f   0   0   0   0   0   6   0  -61700681.94333721
 f   0   0   0   0   0   7   0  141067127.17857310
 f   1   1   0   0   0   0   9      -1401.04588586
 f   2   1   0   0   0   0   8        310.15403323
 f   2   2   0   0   0   0   7      -1033.03357239
 f   3   1   0   0   0   0   7      -3103.04328378
 f   4   1   0   0   0   0   6       -889.70469214
 f   3   2   0   0   0   0   6      -1118.54292964
 f   3   3   0   0   0   0   5        187.23331672
 f   4   2   0   0   0   0   5       -860.48479357
 f   5   1   0   0   0   0   5       -159.81094699
 f   6   1   0   0   0   0   4       -519.95032262
 f   5   2   0   0   0   0   4       -317.75476858
 f   4   3   0   0   0   0   4       -257.38965721
 f   7   1   0   0   0   0   3       -877.24224666
 f   6   2   0   0   0   0   3      -1307.85487904
 f   5   3   0   0   0   0   3      -1809.30062583
 f   4   4   0   0   0   0   3      -1325.63140904
 f   0   1   0   1   0   0   0          0.00000000
 f   0   2   0   1   0   0   0          0.00000000
 f   0   1   0   2   0   0   0          0.00000000
 f   0   1   0   1   1   0   0          0.00000000
 f   0   3   0   1   0   0   0          0.00000000
 f   0   2   0   2   0   0   0          0.00000000
 f   0   2   0   1   1   0   0          0.00000000
 f   0   1   0   3   0   0   0          0.00000000
 f   0   1   0   2   1   0   0          0.00000000
 f   2   0   0   1   2   0   0          0.00000000
 f   1   0   0   4   0   0   0          0.00000000
 f   1   0   0   2   2   0   0          0.00000000
 f   0   4   0   1   0   0   0          0.00000000
 f   0   3   0   2   0   0   0          0.00000000
 f   0   3   0   1   1   0   0          0.00000000
 f   0   2   0   2   1   0   0          0.00000000
 f   0   1   0   2   2   0   0          0.00000000
 f   2   0   0   4   0   0   0          0.00000000
 f   2   0   0   2   2   0   0          0.00000000
 f   0   4   0   2   0   0   0          0.00000000
 f   0   4   0   1   1   0   0          0.00000000
 f   0   3   0   3   0   0   0          0.00000000
 f   0   3   0   2   1   0   0          0.00000000
 f   0   2   0   2   2   0   0          0.00000000
 f   2   0   0   1   4   0   0          0.00000000
 f   2   0   0   5   0   0   0          0.00000000
 f   1   0   0   6   0   0   0          0.00000000
 f   0   6   0   1   0   0   0          0.00000000
 f   0   5   0   2   0   0   0          0.00000000
 f   0   5   0   1   1   0   0          0.00000000
 f   0   4   0   2   1   0   0          0.00000000
 f   0   4   0   1   2   0   0          0.00000000
 f   0   3   0   2   2   0   0          0.00000000
 f   0   2   0   1   4   0   0          0.00000000
 f   0   1   0   3   3   0   0          0.00000000
 f   6   0   0   2   0   0   0          0.00000000
 f   5   0   0   1   2   0   0          0.00000000
 f   3   0   0   3   2   0   0          0.00000000
 f   3   0   0   5   0   0   0          0.00000000
 f   3   0   0   1   4   0   0          0.00000000
 f   2   0   0   4   2   0   0          0.00000000
 f   2   0   0   2   4   0   0          0.00000000
 f   2   0   0   6   0   0   0          0.00000000
 f   1   0   0   7   0   0   0          0.00000000
 f   1   0   0   5   2   0   0          0.00000000
 f   1   0   0   3   4   0   0          0.00000000
 f   0   6   0   2   0   0   0          0.00000000
 f   0   4   0   2   2   0   0          0.00000000
 f   0   2   0   4   2   0   0          0.00000000
 f   1   0   0   0   0   1   0          0.00000000
 f   2   0   0   0   0   1   0          0.00000000
 f   3   0   0   0   0   1   0          0.00000000
 f   4   0   0   0   0   1   0          0.00000000
 f   5   0   0   0   0   1   0          0.00000000
 f   6   0   0   0   0   1   0          0.00000000
 f   7   0   0   0   0   1   0          0.00000000
 f   1   0   0   0   0   2   0          0.00000000
 f   2   0   0   0   0   2   0          0.00000000
 f   3   0   0   0   0   2   0          0.00000000
 f   4   0   0   0   0   2   0          0.00000000
 f   5   0   0   0   0   2   0          0.00000000
 f   6   0   0   0   0   2   0          0.00000000
 f   1   0   0   0   0   3   0          0.00000000
 f   2   0   0   0   0   3   0          0.00000000
 f   3   0   0   0   0   3   0          0.00000000
 f   4   0   0   0   0   3   0          0.00000000
 f   5   0   0   0   0   3   0          0.00000000
 f   1   0   0   0   0   4   0          0.00000000
 f   2   0   0   0   0   4   0          0.00000000
 f   3   0   0   0   0   4   0          0.00000000
 f   4   0   0   0   0   4   0          0.00000000
 f   1   0   0   0   0   5   0          0.00000000
 f   2   0   0   0   0   5   0          0.00000000
 f   3   0   0   0   0   5   0          0.00000000
 f   1   0   0   0   0   6   0          0.00000000
 f   2   0   0   0   0   6   0          0.00000000
 f   1   0   0   0   0   7   0          0.00000000
 f   0   0   0   2   0   1   0          0.00000000
 f   0   0   0   2   0   2   0          0.00000000
 f   0   0   0   2   0   3   0          0.00000000
 f   0   0   0   2   0   4   0          0.00000000
 f   0   0   0   2   0   5   0          0.00000000
 f   0   0   0   2   0   6   0          0.00000000
 f   0   0   0   1   2   1   0          0.00000000
 f   0   0   0   1   2   2   0          0.00000000
 f   0   0   0   1   2   3   0          0.00000000
 f   0   0   0   1   2   4   0          0.00000000
 f   0   0   0   1   2   5   0          0.00000000
 f   0   0   0   4   0   1   0          0.00000000
 f   0   0   0   4   0   2   0          0.00000000
 f   0   0   0   4   0   3   0          0.00000000
 f   0   0   0   4   0   4   0          0.00000000
 f   0   0   0   5   0   1   0          0.00000000
 f   0   0   0   5   0   2   0          0.00000000
 f   0   0   0   5   0   3   0          0.00000000
 f   0   0   0   4   2   1   0          0.00000000
 f   0   0   0   2   4   1   0          0.00000000
 f   0   0   0   4   2   2   0          0.00000000
 f   0   0   0   2   4   2   0          0.00000000
 f   0   0   0   7   0   1   0          0.00000000
relat_sterr_min,ilow_sterr, tivar:    0.10000000D+21   -1    8
rH                                 9          1.08864971
a1                                 0          1.51848997
 f   0   0   0   0   0   0   9   -8651397.34477199
 f   2   0   0   0   0   0   9     181772.28462910
 f   3   0   0   0   0   0   9     -44189.18333345
 f   4   0   0   0   0   0   9      17861.08882936
 f   5   0   0   0   0   0   9       -456.48345677
 f   6   0   0   0   0   0   9       1071.43198540
 f   7   0   0   0   0   0   9       -149.20383543
 f   8   0   0   0   0   0   9        510.72498191
 f   0   0   0   2   0   0   0      21811.35120285
 f   0   0   0   1   2   0   0       6963.84312940
 f   0   0   0   4   0   0   0       -223.79935533
 f   0   0   0   5   0   0   0       6838.23212096
 f   0   0   0   4   2   0   0       -466.05915196
 f   0   0   0   2   4   0   0        217.34157386
 f   0   0   0   7   0   0   0      -3183.30258170
 f   0   0   0   8   0   0   0        -19.86266337
 f   0   0   0   0   0   1   0     172385.95732830
 f   0   0   0   0   0   2   0      50227.30968118
 f   0   0   0   0   0   3   0      98871.86246964
 f   0   0   0   0   0   4   0   -1098957.60753713
 f   0   0   0   0   0   5   0   12283357.05827215
 f   0   0   0   0   0   6   0  -61700681.94333721
 f   0   0   0   0   0   7   0  141067127.17857310
 f   1   1   0   0   0   0   9      -1401.04588586
 f   2   1   0   0   0   0   8        310.15403323
 f   2   2   0   0   0   0   7      -1033.03357239
 f   3   1   0   0   0   0   7      -3103.04328378
 f   4   1   0   0   0   0   6       -889.70469214
 f   3   2   0   0   0   0   6      -1118.54292964
 f   3   3   0   0   0   0   5        187.23331672
 f   4   2   0   0   0   0   5       -860.48479357
 f   5   1   0   0   0   0   5       -159.81094699
 f   6   1   0   0   0   0   4       -519.95032262
 f   5   2   0   0   0   0   4       -317.75476858
 f   4   3   0   0   0   0   4       -257.38965721
 f   7   1   0   0   0   0   3       -877.24224666
 f   6   2   0   0   0   0   3      -1307.85487904
 f   5   3   0   0   0   0   3      -1809.30062583
 f   4   4   0   0   0   0   3      -1325.63140904
 f   0   1   0   1   0   0   0          0.00000000
 f   0   2   0   1   0   0   0          0.00000000
 f   0   1   0   2   0   0   0          0.00000000
 f   0   1   0   1   1   0   0          0.00000000
 f   0   3   0   1   0   0   0          0.00000000
 f   0   2   0   2   0   0   0          0.00000000
 f   0   2   0   1   1   0   0          0.00000000
 f   0   1   0   3   0   0   0          0.00000000
 f   0   1   0   2   1   0   0          0.00000000
 f   2   0   0   1   2   0   0          0.00000000
 f   1   0   0   4   0   0   0          0.00000000
 f   1   0   0   2   2   0   0          0.00000000
 f   0   4   0   1   0   0   0          0.00000000
 f   0   3   0   2   0   0   0          0.00000000
 f   0   3   0   1   1   0   0          0.00000000
 f   0   2   0   2   1   0   0          0.00000000
 f   0   1   0   2   2   0   0          0.00000000
 f   2   0   0   4   0   0   0          0.00000000
 f   2   0   0   2   2   0   0          0.00000000
 f   0   4   0   2   0   0   0          0.00000000
 f   0   4   0   1   1   0   0          0.00000000
 f   0   3   0   3   0   0   0          0.00000000
 f   0   3   0   2   1   0   0          0.00000000
 f   0   2   0   2   2   0   0          0.00000000
 f   2   0   0   1   4   0   0          0.00000000
 f   2   0   0   5   0   0   0          0.00000000
 f   1   0   0   6   0   0   0          0.00000000
 f   0   6   0   1   0   0   0          0.00000000
 f   0   5   0   2   0   0   0          0.00000000
 f   0   5   0   1   1   0   0          0.00000000
 f   0   4   0   2   1   0   0          0.00000000
 f   0   4   0   1   2   0   0          0.00000000
 f   0   3   0   2   2   0   0          0.00000000
 f   0   2   0   1   4   0   0          0.00000000
 f   0   1   0   3   3   0   0          0.00000000
 f   6   0   0   2   0   0   0          0.00000000
 f   5   0   0   1   2   0   0          0.00000000
 f   3   0   0   3   2   0   0          0.00000000
 f   3   0   0   5   0   0   0          0.00000000
 f   3   0   0   1   4   0   0          0.00000000
 f   2   0   0   4   2   0   0          0.00000000
 f   2   0   0   2   4   0   0          0.00000000
 f   2   0   0   6   0   0   0          0.00000000
 f   1   0   0   7   0   0   0          0.00000000
 f   1   0   0   5   2   0   0          0.00000000
 f   1   0   0   3   4   0   0          0.00000000
 f   0   6   0   2   0   0   0          0.00000000
 f   0   4   0   2   2   0   0          0.00000000
 f   0   2   0   4   2   0   0          0.00000000
 f   1   0   0   0   0   1   0          0.00000000
 f   2   0   0   0   0   1   0          0.00000000
 f   3   0   0   0   0   1   0          0.00000000
 f   4   0   0   0   0   1   0          0.00000000
 f   5   0   0   0   0   1   0          0.00000000
 f   6   0   0   0   0   1   0          0.00000000
 f   7   0   0   0   0   1   0          0.00000000
 f   1   0   0   0   0   2   0          0.00000000
 f   2   0   0   0   0   2   0          0.00000000
 f   3   0   0   0   0   2   0          0.00000000
 f   4   0   0   0   0   2   0          0.00000000
 f   5   0   0   0   0   2   0          0.00000000
 f   6   0   0   0   0   2   0          0.00000000
 f   1   0   0   0   0   3   0          0.00000000
 f   2   0   0   0   0   3   0          0.00000000
 f   3   0   0   0   0   3   0          0.00000000
 f   4   0   0   0   0   3   0          0.00000000
 f   5   0   0   0   0   3   0          0.00000000
 f   1   0   0   0   0   4   0          0.00000000
 f   2   0   0   0   0   4   0          0.00000000
 f   3   0   0   0   0   4   0          0.00000000
 f   4   0   0   0   0   4   0          0.00000000
 f   1   0   0   0   0   5   0          0.00000000
 f   2   0   0   0   0   5   0          0.00000000
 f   3   0   0   0   0   5   0          0.00000000
 f   1   0   0   0   0   6   0          0.00000000
 f   2   0   0   0   0   6   0          0.00000000
 f   1   0   0   0   0   7   0          0.00000000
 f   0   0   0   2   0   1   0          0.00000000
 f   0   0   0   2   0   2   0          0.00000000
 f   0   0   0   2   0   3   0          0.00000000
 f   0   0   0   2   0   4   0          0.00000000
 f   0   0   0   2   0   5   0          0.00000000
 f   0   0   0   2   0   6   0          0.00000000
 f   0   0   0   1   2   1   0          0.00000000
 f   0   0   0   1   2   2   0          0.00000000
 f   0   0   0   1   2   3   0          0.00000000
 f   0   0   0   1   2   4   0          0.00000000
 f   0   0   0   1   2   5   0          0.00000000
 f   0   0   0   4   0   1   0          0.00000000
 f   0   0   0   4   0   2   0          0.00000000
 f   0   0   0   4   0   3   0          0.00000000
 f   0   0   0   4   0   4   0          0.00000000
 f   0   0   0   5   0   1   0          0.00000000
 f   0   0   0   5   0   2   0          0.00000000
 f   0   0   0   5   0   3   0          0.00000000
 f   0   0   0   4   2   1   0          0.00000000
 f   0   0   0   2   4   1   0          0.00000000
 f   0   0   0   4   2   2   0          0.00000000
 f   0   0   0   2   4   2   0          0.00000000
 f   0   0   0   7   0   1   0          0.00000000

   ------------------------------------------------------------------
   |   iter  |  points |    deviat     |     rms       |  stability  |
   ------------------------------------------------------------------

   -----------------------------------------------------------
   |  param  |  points |   deviat    |    rms      | stability |
   -----------------------------------------------------------
   |    25   |   1027  |   0.60172E-02 |  0.12649E+04  |    0.230E-07 |

############################################################################################
