************************************************************************************************************************************
 ************************************************************************************************************************************
 ************************************************************************************************************************************
 ****************                                                                                                    ****************
 ****************          *  FITTING OF THE POTENTIAL PARAMETERS TO AB INITIO DATA                                  ****************
 ****************          *                                                                                         ****************
 ****************          *  2016                                                                                   ****************
 ****************          *  C2H6                                                                                   ****************

 ****************                                                                                                    ****************
 ************************************************************************************************************************************
 ************************************************************************************************************************************
 ************************************************************************************************************************************
 
         6 <= number of degrees of freedom
         3 <= number of bonds
         3 <= number of bond angles
        20 <= number of iterations in the fit
  0.000000 <= The fit is over if the stability is reached 
  0.000010 <= The fit is over if the st.dev. best is reached 
  1.000000 <= sterr parameter out 
  0.000010 <= stdev parameter out 
         1 <= watson robust on (1) or of (0) 
         2 <= number of non-linear parameters
 parameters of structure 
rH        =           1.089
a1        =           1.518
Lowest energy = -39.4186567    

   ------------------------------------------------------------------
   |   iter  |  points |    deviat     |     rms       |  stability  |
   ------------------------------------------------------------------
   |     2   |    114  |   0.12201E-01 |  0.89744E-01  |   0.141E+05 |
   |     3   |    114  |   0.14358E-01 |  0.51581E-01  |   0.392E+00 |
   |     4   |    114  |   0.11752E-01 |  0.84698E+00  |   0.222E+00 |
   |     5   |    114  |   0.11752E-01 |  0.84697E+00  |   0.734E-06 |
   |     6   |    114  |   0.11752E-01 |  0.84698E+00  |   0.212E-07 |
   |     7   |    114  |   0.11752E-01 |  0.84698E+00  |   0.617E-08 |
   |     8   |    114  |   0.11752E-01 |  0.84698E+00  |   0.772E-08 |
   |     9   |    114  |   0.11752E-01 |  0.84698E+00  |   0.109E-07 |
   |    10   |    114  |   0.11752E-01 |  0.84698E+00  |   0.148E-07 |
   |    11   |    114  |   0.11752E-01 |  0.84698E+00  |   0.198E-07 |
   |    12   |    114  |   0.11752E-01 |  0.84698E+00  |   0.823E-08 |
   |    13   |    114  |   0.11752E-01 |  0.84698E+00  |   0.156E-08 |
   |    14   |    114  |   0.11752E-01 |  0.84698E+00  |   0.873E-08 |
   |    15   |    114  |   0.11752E-01 |  0.84698E+00  |   0.527E-09 |
   |    16   |    114  |   0.11752E-01 |  0.84698E+00  |   0.549E-08 |
   |    17   |    114  |   0.11752E-01 |  0.84698E+00  |   0.846E-08 |
   |    18   |    114  |   0.11752E-01 |  0.84698E+00  |   0.166E-07 |
   |    19   |    114  |   0.11752E-01 |  0.84698E+00  |   0.934E-08 |
   |    20   |    114  |   0.11752E-01 |  0.84698E+00  |   0.290E-08 |
   |    21   |    114  |   0.11752E-01 |  0.84698E+00  |   0.677E-08 |

Watson Alpha parameter  0.1000 fitted with rms2 = 


Potential parameters rounded in accord. with their standart errors

rH  0  0  0  0  0  0   9        1.08863285    (      27)
a1  0  0  0  0  0  0   0   1.5184900    
 f  0  0  0  0  0  0   9     -8651397.3243    (      22)
 f  2  0  0  0  0  0   9         181783.34    (     100)
 f  3  0  0  0  0  0   9          -44182.9    (      77)
 f  4  0  0  0  0  0   9            17891.    (      32)
 f  5  0  0  0  0  0   9             -481.    (     121)
 f  6  0  0  0  0  0   9              873.    (     340)
 f  7  0  0  0  0  0   9              -29.    (     554)
 f  8  0  0  0  0  0   9              883.    (    1293)
 f  0  0  0  2  0  0   9          21811.35    (      21)
 f  0  0  0  1  2  0   9           6963.84    (      55)
 f  0  0  0  4  0  0   9            -223.8    (      19)
 f  0  0  0  5  0  0   9             6838.    (      26)
 f  0  0  0  4  2  0   9            -466.1    (      84)
 f  0  0  0  2  4  0   9              217.    (      12)
 f  0  0  0  7  0  0   9            -3183.    (      96)
 f  0  0  0  8  0  0   9             -19.9    (      27)
 f  0  0  0  0  0  1   9          172386.0    (      23)
 f  0  0  0  0  0  2   9            50227.    (     379)
 f  0  0  0  0  0  3   9            98872.    (   22333)
 f  0  0  0  0  0  4   9         -1098958.    (  584738)
 f  0  0  0  0  0  5   9         12283357.    ( 7091373)
 f  0  0  0  0  0  6   9        -61700682.    (37646456)
 f  0  0  0  0  0  7   9        141067127.    (86524069)
 f  0  0  0  0  0  8   9       -119972085.    (70533793)
------------------------------
*  FITTING OF THE POTENTIAL PARAMETERS TO AB INITIO DATA                        
*                                                                               
*  2016                                                                         
*  C2H6                                                                         
        rH                        9          1.08863285
        a1                        0          1.51848997
 f   0   0   0   0   0   0   9   -8651397.32429561
 f   2   0   0   0   0   0   9     181783.34424246
 f   3   0   0   0   0   0   9     -44182.87718148
 f   4   0   0   0   0   0   9      17890.59461547
 f   5   0   0   0   0   0   9       -480.82555811
 f   6   0   0   0   0   0   9        872.53514224
 f   7   0   0   0   0   0   9        -28.50270032
 f   8   0   0   0   0   0   9        882.97618916
 f   0   0   0   2   0   0   9      21811.35120285
 f   0   0   0   1   2   0   9       6963.84312940
 f   0   0   0   4   0   0   9       -223.79935533
 f   0   0   0   5   0   0   9       6838.23212096
 f   0   0   0   4   2   0   9       -466.05915196
 f   0   0   0   2   4   0   9        217.34157386
 f   0   0   0   7   0   0   9      -3183.30258170
 f   0   0   0   8   0   0   9        -19.86266337
 f   0   0   0   0   0   1   9     172385.95732830
 f   0   0   0   0   0   2   9      50227.30968118
 f   0   0   0   0   0   3   9      98871.86246964
 f   0   0   0   0   0   4   9   -1098957.60753713
 f   0   0   0   0   0   5   9   12283357.05827215
 f   0   0   0   0   0   6   9  -61700681.94333721
 f   0   0   0   0   0   7   9  141067127.17857310
 f   0   0   0   0   0   8   9  ******************

Correlation coefficients larger than 0.9: 
          corr(   1,   4) =  0.9016563
          corr(   4,   6) =  0.9551817
          corr(   5,   7) =  0.9286741
          corr(   6,   8) =  0.9854759
          corr(   7,   9) =  0.9413710
          corr(  10,  12) =  0.9692139
          corr(  10,  14) =  0.9442985
          corr(  10,  15) =  0.9399474
          corr(  10,  17) =  0.9243671
          corr(  11,  13) =  0.9219555
          corr(  12,  14) =  0.9951653
          corr(  12,  15) =  0.9940881
          corr(  12,  16) =  0.9067255
          corr(  12,  17) =  0.9865310
          corr(  13,  16) =  0.9826173
          corr(  14,  15) =  0.9995026
          corr(  14,  16) =  0.9273076
          corr(  14,  17) =  0.9976006
          corr(  15,  16) =  0.9237521
          corr(  15,  17) =  0.9979161
          corr(  16,  17) =  0.9364643
          corr(  18,  19) =  0.9468541
          corr(  19,  20) =  0.9792996
          corr(  19,  21) =  0.9418647
          corr(  19,  22) =  0.9080951
          corr(  20,  21) =  0.9898422
          corr(  20,  22) =  0.9723289
          corr(  20,  23) =  0.9602406
          corr(  20,  24) =  0.9527927
          corr(  20,  25) =  0.9480839
          corr(  21,  22) =  0.9955740
          corr(  21,  23) =  0.9898941
          corr(  21,  24) =  0.9857747
          corr(  21,  25) =  0.9829520
          corr(  22,  23) =  0.9987997
          corr(  22,  24) =  0.9970639
          corr(  22,  25) =  0.9956171
          corr(  23,  24) =  0.9996078
          corr(  23,  25) =  0.9989679
          corr(  24,  25) =  0.9998461

               --------------------------------------------------------------------------------
               :     old parm   :     new parm   :  delta parm  :   std. err.  : sensitility
               --------------------------------------------------------------------------------
  1  rH         :          1.09  :          1.09  :        -0.000:         0.000:         0.000:!
  2  f          :   -8651397.32  :   -8651397.32  :         0.000:         0.002:         0.000:!
  3  f          :     181783.34  :     181783.34  :        -0.000:         0.999:         0.003:!
  4  f          :     -44182.88  :     -44182.88  :        -0.000:         7.733:         0.007:!
  5  f          :      17890.59  :      17890.59  :         0.000:        31.842:         0.016:!
  6  f          :       -480.83  :       -480.83  :        -0.000:       120.651:         0.038:!
  7  f          :        872.54  :        872.54  :        -0.000:       339.933:         0.087:!
  8##f          :        -28.50  :        -28.50  :         0.000:       554.248:         0.195:!#
  9##f          :        882.98  :        882.98  :        -0.000:      1292.804:         0.437:!#
 10  f          :      21811.35  :      21811.35  :        -0.000:         0.213:         0.000:!
 11  f          :       6963.84  :       6963.84  :         0.000:         0.550:         0.001:!
 12  f          :       -223.80  :       -223.80  :         0.000:         1.855:         0.001:!
 13  f          :       6838.23  :       6838.23  :        -0.000:        26.122:         0.015:!
 14  f          :       -466.06  :       -466.06  :        -0.000:         8.363:         0.003:!
 15  f          :        217.34  :        217.34  :        -0.000:        12.459:         0.003:!
 16  f          :      -3183.30  :      -3183.30  :         0.000:        96.301:         0.060:!
 17  f          :        -19.86  :        -19.86  :         0.000:         2.710:         0.001:!
 18  f          :     172385.96  :     172385.96  :         0.000:         2.258:         0.005:!
 19  f          :      50227.31  :      50227.31  :        -0.000:       378.939:         0.104:!
 20  f          :      98871.86  :      98871.86  :        -0.000:     22333.247:         1.662:!
 21  f          :   -1098957.62  :   -1098957.61  :         0.014:    584738.029:         6.997:!
 22  f          :   12283357.30  :   12283357.06  :        -0.245:   7091373.197:        14.556:!
 23  f          :  -61700683.38  :  -61700681.94  :         1.441:  37646455.622:        29.370:!
 24  f          :  141067130.64  :  141067127.18  :        -3.457:  86524068.983:        58.993:!
 25  f          : -119972088.08  : -119972085.20  :         2.878:  70533792.708:       118.247:!

   ------------------------------------------------------------------
   |   iter  |  points |    deviat     |     rms       |  stability  |
   ------------------------------------------------------------------

   -----------------------------------------------------------
   |  param  |  points |   deviat    |    rms      | stability |
   -----------------------------------------------------------
   |    25   |    114  |   0.11752E-01 |  0.82627E+02  |    0.677E-08 |

############################################################################################
