************************************************************************************************************************************
 ************************************************************************************************************************************
 ************************************************************************************************************************************
 ****************                                                                                                    ****************
 ****************          *  FITTING OF THE POTENTIAL PARAMETERS TO AB INITIO DATA                                  ****************
 ****************          *                                                                                         ****************
 ****************          *  2016                                                                                   ****************
 ****************          *  C2H6                                                                                   ****************

 ****************                                                                                                    ****************
 ************************************************************************************************************************************
 ************************************************************************************************************************************
 ************************************************************************************************************************************
 
         6 <= number of degrees of freedom
         3 <= number of bonds
         3 <= number of bond angles
        20 <= number of iterations in the fit
  0.000000 <= The fit is over if the stability is reached 
  0.000010 <= The fit is over if the st.dev. best is reached 
  1.000000 <= sterr parameter out 
  0.000010 <= stdev parameter out 
         1 <= watson robust on (1) or of (0) 
         2 <= number of non-linear parameters
 parameters of structure 
rH        =           1.089
a1        =           1.518
Lowest energy = -39.4197911    

   ------------------------------------------------------------------
   |   iter  |  points |    deviat     |     rms       |  stability  |
   ------------------------------------------------------------------
   |     1   |     35  |   0.20749E+02 |  0.94897E+07  |   0.103E+04 |
   |     2   |     35  |   0.72642E-02 |  0.17304E+00  |   0.323E+10 |
   |     3   |     35  |   0.53484E-01 |  0.49789E-01  |   0.944E+00 |
   |     4   |     35  |   0.50369E-02 |  0.28705E+00  |   0.963E+01 |
   |     5   |     35  |   0.50369E-02 |  0.28703E+00  |   0.111E-03 |
   |     6   |     35  |   0.50369E-02 |  0.28705E+00  |   0.212E-07 |
   |     7   |     35  |   0.50369E-02 |  0.28705E+00  |   0.366E-07 |
   |     8   |     35  |   0.50369E-02 |  0.28705E+00  |   0.101E-06 |
   |     9   |     35  |   0.50369E-02 |  0.28705E+00  |   0.387E-08 |
   |    10   |     35  |   0.50369E-02 |  0.28705E+00  |   0.351E-07 |
   |    11   |     35  |   0.50369E-02 |  0.28705E+00  |   0.567E-07 |
   |    12   |     35  |   0.50369E-02 |  0.28705E+00  |   0.304E-08 |
   |    13   |     35  |   0.50369E-02 |  0.28705E+00  |   0.538E-08 |
   |    14   |     35  |   0.50369E-02 |  0.28705E+00  |   0.621E-07 |
   |    15   |     35  |   0.50369E-02 |  0.28705E+00  |   0.164E-07 |
   |    16   |     35  |   0.50369E-02 |  0.28705E+00  |   0.483E-07 |
   |    17   |     35  |   0.50369E-02 |  0.28705E+00  |   0.235E-07 |
   |    18   |     35  |   0.50369E-02 |  0.28705E+00  |   0.669E-07 |
   |    19   |     35  |   0.50369E-02 |  0.28705E+00  |   0.114E-07 |
   |    20   |     35  |   0.50369E-02 |  0.28705E+00  |   0.166E-07 |
   |    21   |     35  |   0.50369E-02 |  0.28705E+00  |   0.591E-08 |

Watson Alpha parameter  0.1000 fitted with rms2 = 


Potential parameters rounded in accord. with their standart errors

rH  0  0  0  0  0  0   0   1.0887008    
a1  0  0  0  0  0  0   0   1.5184900    
 f  0  0  0  0  0  0   9     -8651646.4374    (      13)
 f  2  0  0  0  0  0   0   181721.43    
 f  3  0  0  0  0  0   0  -44188.289    
 f  4  0  0  0  0  0   0   17736.507    
 f  5  0  0  0  0  0   0  -335.48376    
 f  6  0  0  0  0  0   0   1516.4765    
 f  7  0  0  0  0  0   0  -494.07091    
 f  8  0  0  0  0  0   0  -84.015745    
 f  0  0  0  2  0  0   9          21816.53    (      11)
 f  0  0  0  1  2  0   9           6965.37    (      59)
 f  0  0  0  4  0  0   9           -216.46    (      91)
 f  0  0  0  5  0  0   9             6302.    (      36)
 f  0  0  0  4  2  0   9            -535.8    (      47)
 f  0  0  0  2  4  0   9              95.8    (      79)
 f  0  0  0  7  0  0   9             -847.    (     141)
 f  0  0  0  8  0  0   9              17.9    (      22)
------------------------------
*  FITTING OF THE POTENTIAL PARAMETERS TO AB INITIO DATA                        
*                                                                               
*  2016                                                                         
*  C2H6                                                                         
        rH                        0          1.08870081
        a1                        0          1.51848997
 f   0   0   0   0   0   0   9   -8651646.43744055
 f   2   0   0   0   0   0   0     181721.42822437
 f   3   0   0   0   0   0   0     -44188.28851447
 f   4   0   0   0   0   0   0      17736.50673614
 f   5   0   0   0   0   0   0       -335.48375628
 f   6   0   0   0   0   0   0       1516.47645068
 f   7   0   0   0   0   0   0       -494.07091298
 f   8   0   0   0   0   0   0        -84.01574456
 f   0   0   0   2   0   0   9      21816.52609143
 f   0   0   0   1   2   0   9       6965.37247657
 f   0   0   0   4   0   0   9       -216.45773132
 f   0   0   0   5   0   0   9       6301.94706657
 f   0   0   0   4   2   0   9       -535.77314767
 f   0   0   0   2   4   0   9         95.75213950
 f   0   0   0   7   0   0   9       -847.24306357
 f   0   0   0   8   0   0   9         17.94004806

Correlation coefficients larger than 0.9: 
          corr(   2,   4) =  0.9267382
          corr(   3,   5) =  0.9834763
          corr(   3,   8) =  0.9700970
          corr(   3,   9) =  0.9002887
          corr(   4,   6) =  0.9380465
          corr(   5,   8) =  0.9979505
          corr(   5,   9) =  0.9396677
          corr(   6,   7) =  0.9847254
          corr(   6,   9) =  0.9163777
          corr(   7,   9) =  0.9714854
          corr(   8,   9) =  0.9466335

               --------------------------------------------------------------------------------
               :     old parm   :     new parm   :  delta parm  :   std. err.  : sensitility
               --------------------------------------------------------------------------------
  1  f          :   -8651646.44  :   -8651646.44  :         0.000:         0.001:         0.000:!
  2  f          :      21816.53  :      21816.53  :         0.000:         0.107:         0.000:!
  3  f          :       6965.37  :       6965.37  :        -0.000:         0.586:         0.001:!
  4  f          :       -216.46  :       -216.46  :        -0.000:         0.915:         0.001:!
  5  f          :       6301.95  :       6301.95  :         0.000:        35.803:         0.011:!
  6  f          :       -535.77  :       -535.77  :         0.000:         4.678:         0.004:!
  7  f          :         95.75  :         95.75  :         0.000:         7.893:         0.002:!
  8  f          :       -847.24  :       -847.24  :        -0.000:       140.612:         0.044:!
  9  f          :         17.94  :         17.94  :        -0.000:         2.221:         0.001:!

   ------------------------------------------------------------------
   |   iter  |  points |    deviat     |     rms       |  stability  |
   ------------------------------------------------------------------

   -----------------------------------------------------------
   |  param  |  points |   deviat    |    rms      | stability |
   -----------------------------------------------------------
   |     9   |     35  |   0.50369E-02 |  0.31710E+01  |    0.591E-08 |

############################################################################################
