************************************************************************************************************************************
 ************************************************************************************************************************************
 ************************************************************************************************************************************
 ****************                                                                                                    ****************
 ****************          *  FITTING OF THE POTENTIAL PARAMETERS TO AB INITIO DATA                                  ****************
 ****************          *                                                                                         ****************
 ****************          *  2016                                                                                   ****************
 ****************          *  C2H6                                                                                   ****************

 ****************                                                                                                    ****************
 ************************************************************************************************************************************
 ************************************************************************************************************************************
 ************************************************************************************************************************************
 
         6 <= number of degrees of freedom
         3 <= number of bonds
         3 <= number of bond angles
        20 <= number of iterations in the fit
  0.000000 <= The fit is over if the stability is reached 
  0.000010 <= The fit is over if the st.dev. best is reached 
  1.000000 <= sterr parameter out 
  0.000010 <= stdev parameter out 
         1 <= watson robust on (1) or of (0) 
         2 <= number of non-linear parameters
 parameters of structure 
rH        =           1.089
a1        =           1.518
Lowest energy = -39.4193793    

   ------------------------------------------------------------------
   |   iter  |  points |    deviat     |     rms       |  stability  |
   ------------------------------------------------------------------
   |     1   |     55  |   0.17733E+02 |  0.52464E+04  |   0.500E+07 |
   |     2   |     55  |   0.98726E-02 |  0.29601E+00  |   0.623E+06 |
   |     3   |     55  |   0.51976E-01 |  0.21731E+00  |   0.938E+00 |
   |     4   |     55  |   0.35043E-02 |  0.11179E+01  |   0.139E+02 |
   |     5   |     55  |   0.35043E-02 |  0.11178E+01  |   0.182E-03 |
   |     6   |     55  |   0.35043E-02 |  0.11179E+01  |   0.224E-06 |
   |     7   |     55  |   0.35043E-02 |  0.11179E+01  |   0.157E-06 |
   |     8   |     55  |   0.35043E-02 |  0.11179E+01  |   0.121E-06 |
   |     9   |     55  |   0.35043E-02 |  0.11179E+01  |   0.525E-07 |
   |    10   |     55  |   0.35043E-02 |  0.11179E+01  |   0.123E-06 |
   |    11   |     55  |   0.35043E-02 |  0.11179E+01  |   0.115E-06 |
   |    12   |     55  |   0.35043E-02 |  0.11179E+01  |   0.228E-07 |
   |    13   |     55  |   0.35043E-02 |  0.11179E+01  |   0.948E-08 |
   |    14   |     55  |   0.35043E-02 |  0.11179E+01  |   0.119E-07 |
   |    15   |     55  |   0.35043E-02 |  0.11179E+01  |   0.424E-07 |
   |    16   |     55  |   0.35043E-02 |  0.11179E+01  |   0.147E-06 |
   |    17   |     55  |   0.35043E-02 |  0.11179E+01  |   0.217E-06 |
   |    18   |     55  |   0.35043E-02 |  0.11179E+01  |   0.100E-06 |
   |    19   |     55  |   0.35043E-02 |  0.11179E+01  |   0.379E-07 |
   |    20   |     55  |   0.35043E-02 |  0.11179E+01  |   0.997E-07 |
   |    21   |     55  |   0.35043E-02 |  0.11179E+01  |   0.841E-07 |

Watson Alpha parameter  0.1000 fitted with rms2 = 


Potential parameters rounded in accord. with their standart errors

rH  0  0  0  0  0  0   1       1.088954519    (      58)
a1  0  0  0  0  0  0   0   1.5184900    
 f  0  0  0  0  0  0   9     -8651556.5684    (      10)
 f  2  0  0  0  0  0   9         181563.60    (      29)
 f  3  0  0  0  0  0   8         -44116.51    (      97)
 f  4  0  0  0  0  0   7           17570.7    (      66)
 f  5  0  0  0  0  0   6            -577.2    (      57)
 f  6  0  0  0  0  0   5             1612.    (      35)
------------------------------
*  FITTING OF THE POTENTIAL PARAMETERS TO AB INITIO DATA                        
*                                                                               
*  2016                                                                         
*  C2H6                                                                         
        rH                        1          1.08895452
        a1                        0          1.51848997
 f   0   0   0   0   0   0   9   -8651556.56837397
 f   2   0   0   0   0   0   9     181563.60235311
 f   3   0   0   0   0   0   8     -44116.50690407
 f   4   0   0   0   0   0   7      17570.65930984
 f   5   0   0   0   0   0   6       -577.19403440
 f   6   0   0   0   0   0   5       1611.92852208

Correlation coefficients larger than 0.9: 
          corr(   1,   4) =  0.9392897
          corr(   3,   5) =  0.9488729
          corr(   3,   7) =  0.9085952
          corr(   4,   6) =  0.9855939
          corr(   5,   7) =  0.9917729

               --------------------------------------------------------------------------------
               :     old parm   :     new parm   :  delta parm  :   std. err.  : sensitility
               --------------------------------------------------------------------------------
  1  rH         :          1.09  :          1.09  :         0.000:         0.000:         0.000:!
  2  f          :   -8651556.57  :   -8651556.57  :         0.000:         0.001:         0.000:!
  3  f          :     181563.60  :     181563.60  :        -0.000:         0.293:         0.002:!
  4  f          :     -44116.51  :     -44116.51  :         0.000:         0.972:         0.008:!
  5  f          :      17570.66  :      17570.66  :         0.000:         6.610:         0.022:!
  6  f          :       -577.19  :       -577.19  :        -0.000:         5.709:         0.061:!
  7  f          :       1611.93  :       1611.93  :        -0.000:        34.995:         0.171:!
relat_sterr_min,ilow_sterr, tivar:    0.10000000D+21   -1    1
rH                                 1          1.08895452
a1                                 0          1.51848997
 f   0   0   0   0   0   0   9   -8651556.56837397
 f   2   0   0   0   0   0   9     181563.60235311
 f   3   0   0   0   0   0   8     -44116.50690407
 f   4   0   0   0   0   0   7      17570.65930984
 f   5   0   0   0   0   0   6       -577.19403440
 f   6   0   0   0   0   0   5       1611.92852208
relat_sterr_min,ilow_sterr, tivar:    0.10000000D+21   -1    2
rH                                 1          1.08895452
a1                                 0          1.51848997
 f   0   0   0   0   0   0   9   -8651556.56837397
 f   2   0   0   0   0   0   9     181563.60235311
 f   3   0   0   0   0   0   8     -44116.50690407
 f   4   0   0   0   0   0   7      17570.65930984
 f   5   0   0   0   0   0   6       -577.19403440
 f   6   0   0   0   0   0   5       1611.92852208
relat_sterr_min,ilow_sterr, tivar:    0.10000000D+21   -1    3
rH                                 1          1.08895452
a1                                 0          1.51848997
 f   0   0   0   0   0   0   9   -8651556.56837397
 f   2   0   0   0   0   0   9     181563.60235311
 f   3   0   0   0   0   0   8     -44116.50690407
 f   4   0   0   0   0   0   7      17570.65930984
 f   5   0   0   0   0   0   6       -577.19403440
 f   6   0   0   0   0   0   5       1611.92852208
relat_sterr_min,ilow_sterr, tivar:    0.10000000D+21   -1    4
rH                                 1          1.08895452
a1                                 0          1.51848997
 f   0   0   0   0   0   0   9   -8651556.56837397
 f   2   0   0   0   0   0   9     181563.60235311
 f   3   0   0   0   0   0   8     -44116.50690407
 f   4   0   0   0   0   0   7      17570.65930984
 f   5   0   0   0   0   0   6       -577.19403440
 f   6   0   0   0   0   0   5       1611.92852208
relat_sterr_min,ilow_sterr, tivar:    0.10000000D+21   -1    5
rH                                 1          1.08895452
a1                                 0          1.51848997
 f   0   0   0   0   0   0   9   -8651556.56837397
 f   2   0   0   0   0   0   9     181563.60235311
 f   3   0   0   0   0   0   8     -44116.50690407
 f   4   0   0   0   0   0   7      17570.65930984
 f   5   0   0   0   0   0   6       -577.19403440
 f   6   0   0   0   0   0   5       1611.92852208
relat_sterr_min,ilow_sterr, tivar:    0.10000000D+21   -1    6
rH                                 1          1.08895452
a1                                 0          1.51848997
 f   0   0   0   0   0   0   9   -8651556.56837397
 f   2   0   0   0   0   0   9     181563.60235311
 f   3   0   0   0   0   0   8     -44116.50690407
 f   4   0   0   0   0   0   7      17570.65930984
 f   5   0   0   0   0   0   6       -577.19403440
 f   6   0   0   0   0   0   5       1611.92852208
relat_sterr_min,ilow_sterr, tivar:    0.10000000D+21   -1    7
rH                                 1          1.08895452
a1                                 0          1.51848997
 f   0   0   0   0   0   0   9   -8651556.56837397
 f   2   0   0   0   0   0   9     181563.60235311
 f   3   0   0   0   0   0   8     -44116.50690407
 f   4   0   0   0   0   0   7      17570.65930984
 f   5   0   0   0   0   0   6       -577.19403440
 f   6   0   0   0   0   0   5       1611.92852208
relat_sterr_min,ilow_sterr, tivar:    0.10000000D+21   -1    8
rH                                 1          1.08895452
a1                                 0          1.51848997
 f   0   0   0   0   0   0   9   -8651556.56837397
 f   2   0   0   0   0   0   9     181563.60235311
 f   3   0   0   0   0   0   8     -44116.50690407
 f   4   0   0   0   0   0   7      17570.65930984
 f   5   0   0   0   0   0   6       -577.19403440
 f   6   0   0   0   0   0   5       1611.92852208

   ------------------------------------------------------------------
   |   iter  |  points |    deviat     |     rms       |  stability  |
   ------------------------------------------------------------------

   -----------------------------------------------------------
   |  param  |  points |   deviat    |    rms      | stability |
   -----------------------------------------------------------
   |     7   |     55  |   0.35043E-02 |  0.69849E+02  |    0.841E-07 |

############################################################################################
