
 PROGRAM * ALASKA (Gradient of the energy)     Author: R. Lindh


 MP2      Gradient info restored from record    5200.1

 Number of core orbitals:           1 (   1   0   0   0 )
 Number of closed-shell orbitals:   3 (   2   1   0   0 )
 Number of external orbitals:     103 (  41  29  22  11 )

 Integral thresholds in T2TRAN:            1.0D-10 (PROD)

 Available memory for Transformation: 497443087 words
 Memory needed for incore algorithm:     114542 words
 Minimum memory needed:                   94681 words

 Memory used for transformation:           0.11 MW
 Available memory for gradients:         499.33 MW

 CPU for transformation:                   0.10 sec
 CPU for integrals and gradient:           3.84 sec
 Total CPU:                                3.94 sec

 Prescreening statistics:
 ========================

 Total number of shell quadruplets:        1.54D+03
 Number of shell quadruplets processed:    1.54D+03 (100.00%)

 MP2 GRADIENT FOR STATE 1.1

 Atom          dE/dx               dE/dy               dE/dz

   1         0.000000000         0.000000000         0.000000000
   2        -0.037950766         0.065732655         0.000000000
   3        -0.037950766        -0.065732655         0.000000000
   4         0.075901532         0.000000000         0.000000000

 Nuclear force contribution to virial =        -0.430299327
 Reading points 1 to 1 from record 700.2,  wavefunction type=MP2             

 Making model hessian for Z-matrix coordinates
 No hessian update for point  1

 Entering Rational Function Geometry Optimization

 Optimization point 1

 Variable                      Last           Current        Next           Gradient       Hessian

 E(MP2) / Hartree            0.00000000   -39.36724320   -39.38100199
 RCH1 / ANGSTROM             0.00000000     1.00000000     1.06146245    -0.14343311     2.23877346
 RCH2 / ANGSTROM             0.00000000     1.00000000     1.06146245    -0.14343311     2.23877346
 ACH12 / DEGREE              0.00000000   120.00000000   120.00000000    -0.00000000     0.00011828
 RCH3 / ANGSTROM             0.00000000     1.00000000     1.06146245    -0.14343311     2.23877346
 ACH23 / DEGREE              0.00000000   120.00000000   120.00000000    -0.00000000     0.00011828
 RHO / DEGREE                0.00000000   180.00000000   180.00000000     0.00000000     0.00000000
 Convergence:                0.00000000  (line search)     0.20117284     0.13146531  (total)

 Geometry written to block  2 of record 700

 Running procedure: RUNMP2


 Recomputing integrals since geometry changed


 PROGRAM * SEWARD (Integral evaluation for generally contracted gaussian basis sets)     Author: Roland Lindh, 1990

 Geometry written to block  2 of record 700

 Orientation using atomic masses  
 Molecule type: Symmetric top,     Order of principal axis = 3
 Symmetry elements: Y,Z
 Rotational constants:     296.6757034    296.6757036    148.3378517 GHz  (calculated with average atomic masses)

 Point group  C2v 



 ATOMIC COORDINATES

 NR  ATOM    CHARGE       X              Y              Z

   1  C       6.00   -0.000000000    0.000000000    0.000000000
   2  H1      1.00    1.002936659   -1.737137250    0.000000000
   3  H3      1.00    1.002936659    1.737137250    0.000000000
   4  H2      1.00   -2.005873318    0.000000000    0.000000000

 Bond lengths in Bohr (Angstrom)

 1-2  2.005873318  1-3  2.005873318  1-4  2.005873318
     ( 1.061462448)     ( 1.061462448)     ( 1.061462448)

 Bond angles

  2-1-3  120.00000000   2-1-4  120.00000000   3-1-4  120.00000000

 NUCLEAR CHARGE:                    9
 NUMBER OF PRIMITIVE AOS:         135
 NUMBER OF SYMMETRY AOS:          123
 NUMBER OF CONTRACTIONS:          107   (   44A1  +   30B1  +   22B2  +   11A2  )
 NUMBER OF INNER CORE ORBITALS:     0   (    0A1  +    0B1  +    0B2  +    0A2  )
 NUMBER OF OUTER CORE ORBITALS:     1   (    1A1  +    0B1  +    0B2  +    0A2  )
 NUMBER OF VALENCE ORBITALS:        7   (    4A1  +    2B1  +    1B2  +    0A2  )


 NUCLEAR REPULSION ENERGY    9.83713709


 Eigenvalues of metric

         1 0.183E-03 0.313E-03 0.565E-03 0.685E-03 0.153E-02 0.204E-02 0.241E-02 0.332E-02
         2 0.313E-03 0.565E-03 0.204E-02 0.332E-02 0.432E-02 0.859E-02 0.134E-01 0.249E-01
         3 0.543E-03 0.947E-02 0.134E-01 0.326E-01 0.690E-01 0.813E-01 0.137E+00 0.157E+00
         4 0.134E-01 0.690E-01 0.137E+00 0.157E+00 0.527E+00 0.622E+00 0.770E+00 0.842E+00


 Contracted 2-electron integrals neglected if value below      1.0D-11
 AO integral compression algorithm  1   Integral accuracy      1.0D-11

     27.263 MB (compressed) written to integral file ( 59.8%)


 NUMBER OF SORTED TWO-ELECTRON INTEGRALS:    4415131.     BUFFER LENGTH:  32768
 NUMBER OF SEGMENTS:   1  SEGMENT LENGTH:    4415131      RECORD LENGTH: 524288

 Memory used in sort:       4.97 MW

 SORT1 READ     5710629. AND WROTE     4215689. INTEGRALS IN     13 RECORDS. CPU TIME:     0.06 SEC, REAL TIME:     0.08 SEC
 SORT2 READ     4215689. AND WROTE     4415131. INTEGRALS IN    104 RECORDS. CPU TIME:     0.10 SEC, REAL TIME:     0.11 SEC

 FILE SIZES:   FILE 1:    57.5 MBYTE,  FILE 4:    54.6 MBYTE,   TOTAL:    112.1 MBYTE

 OPERATOR DM      FOR CENTER  0  COORDINATES:    0.000000    0.000000    0.000000

 Program * Restricted Hartree-Fock

 Molecular orbitals read from record     2101.2  Type=RHF/CANONICAL  

 NELEC=    8   SYM=1   MS2= 0   THRE=1.0D-09   THRD=1.0D-06   THRG=1.0D-06  HFMA2=F  DIIS_START=2   DIIS_MAX=10   DIIS_INCORE=F

 Level shifts:    0.00 (CLOSED)    0.00 (OPEN)    0.30 (GAP_MIN)

 ITER           ETOT              DE          GRAD        DDIFF     DIIS  NEXP   TIME(IT)  TIME(TOT)  DIAG
   1      -39.24682309     -39.24682309     0.00D+00     0.13D+00     0     0       0.09      0.10    start
   2      -39.24923160      -0.00240851     0.49D-02     0.12D-01     1     0       0.06      0.16    diag
   3      -39.24929725      -0.00006565     0.73D-03     0.11D-02     2     0       0.05      0.21    diag
   4      -39.24930003      -0.00000278     0.13D-03     0.17D-03     3     0       0.07      0.28    diag
   5      -39.24930013      -0.00000010     0.19D-04     0.22D-04     4     0       0.07      0.35    diag
   6      -39.24930013      -0.00000000     0.20D-05     0.21D-05     5     0       0.06      0.41    diag
   7      -39.24930013      -0.00000000     0.24D-06     0.33D-06     6     0       0.05      0.46    diag
   8      -39.24930013      -0.00000000     0.33D-07     0.37D-07     0     0       0.07      0.53    fixocc

 Final occupancy:   3   1   0   0

 !RHF STATE 1.1 Energy                -39.249300128439
  RHF One-electron energy             -68.380751506280
  RHF Two-electron energy              19.294314290525
  RHF Kinetic energy                   39.330146539373
  RHF Nuclear energy                    9.837137087316
  RHF Virial quotient                  -0.997944416229

 !RHF STATE 1.1 Dipole moment           0.00000000     0.00000000     0.00000000
 Dipole moment /Debye                   0.00000000     0.00000000     0.00000000

 Orbital energies:

           1.1          2.1          3.1          4.1          5.1
    -11.677446    -1.290416    -0.964100    -0.122645    -0.084743

           1.2          2.2          3.2
     -0.964100    -0.084743    -0.011118

           1.3          2.3
     -0.286889    -0.067544

           1.4          2.4
      0.173498     0.640148


 HOMO      1.2    -0.964100 =     -26.2345eV
 LUMO      1.3    -0.286889 =      -7.8067eV
 LUMO-HOMO         0.677210 =      18.4278eV

 Orbitals saved in record  2101.2


 **********************************************************************************************************************************
 DATASETS  * FILE   NREC   LENGTH (MB)   RECORD NAMES
              1      19       48.49       500      610      700      900      950      970     1000      129      960     1100   
                                          VAR    BASINP    GEOM    SYMINP    ZMAT    AOBASIS   BASIS     P2S    ABASIS      S 
                                         1400     1410     1200     1210     1080     1600     1650     1300     1700   
                                           T        V       H0       H01     AOSYM     SMH    MOLCAS    ERIS     OPER   

              2       8        1.12       700     1000      520     2100      200     2101     4101     9001   
                                         GEOM     BASIS   MCVARS     RHF    OPTIONS    RHF     CPHF    DEN_MP2    

 PROGRAMS   *        TOTAL    HF-SCF    HF-SCF       INT
 CPU TIMES  *         9.03      1.82      0.60      1.38
 REAL TIME  *         3.04 SEC
 DISK USED  *       108.07 MB
 **********************************************************************************************************************************


 PROGRAM * MP2 (Closed-shell)     Authors: C. Hampel, H.-J. Werner, 1991, M. Deegan, P.J. Knowles, 1992


 Convergence thresholds:  THRVAR = 1.00D-12  THRDEN = 1.00D-08

 Number of core orbitals:           1 (   1   0   0   0 )
 Number of closed-shell orbitals:   3 (   2   1   0   0 )
 Number of external orbitals:     103 (  41  29  22  11 )

 Molecular orbitals read from record     2101.2  Type=RHF/CANONICAL (state 1.1)

 Number of N-1 electron functions:               3
 Number of N-2 electron functions:               6
 Number of singly external CSFs:               111
 Number of doubly external CSFs:             13696
 Total number of CSFs:                       13808

 Length of J-op  integral file:               0.00 MB
 Length of K-op  integral file:               0.27 MB

 Integral transformation finished. Total CPU:   0.03 sec, npass=  1  Memory used:   0.11 MW

 Memory needed for MP2:                      0.02 MW

 SCS-MP2 correlation energy:           -0.145476468736   (PS=  1.200000  PT=  0.333333)
 SCS-MP2 total energy:                -39.394776597175


  Reference energy                    -39.249300128439
  MP2 singlet pair energy              -0.107686077700
  MP2 triplet pair energy              -0.026121174905
  MP2 correlation energy               -0.133807252605

 !MP2 total energy                    -39.383107381044

 KEXT needed  1 integral passes. Memory used:   0.15 MW  CPU time:      0.15 sec


 CPHF trial vector read from record  4101.2

 Starting Coupled-perturbed Hartree-Fock, convergence threshold= 1.0D-06

 ITER   MIC  DIIS      VAR         VARC       CPU
   1     0     1    0.66D-01    0.83D-03     0.05
   2     4     2    0.57D-04    0.57D-04     0.06
   3     1     3    0.45D-05    0.11D-05     0.08
   4     1     4    0.15D-06    0.36D-07     0.09

 CPHF convergence reached in  4 macroiterations and    6 microiterations.   Accuracy: 1.5213D-07

 CPHF solution written to record  4101.2

 Dipole moments (unrelaxed):            0.00000000     0.00000000     0.00000000
 Orbital relaxation contribution:      -0.00000000    -0.00000000    -0.00000000
 !MP2 STATE 1.1 Dipole moment           0.00000000     0.00000000     0.00000000
 Dipole moment /Debye                   0.00000000     0.00000000     0.00000000

 CPU-time for density and lagrangian:                  0.05 sec
 CPU-time for coupled-perturbed hartree-fock:          0.09 sec

 MP2 gradient info saved on record         5200.1


 **********************************************************************************************************************************
 DATASETS  * FILE   NREC   LENGTH (MB)   RECORD NAMES
              1      21       49.00       500      610      700      900      950      970     1000      129      960     1100   
                                          VAR    BASINP    GEOM    SYMINP    ZMAT    AOBASIS   BASIS     P2S    ABASIS      S 
                                         1400     1410     1200     1210     1080     1600     1650     1300     1700     1380   
                                           T        V       H0       H01     AOSYM     SMH    MOLCAS    ERIS     OPER     JKOP   
                                         5200   
                                          MP2  

              2       8        1.12       700     1000      520     2100      200     2101     4101     9001   
                                         GEOM     BASIS   MCVARS     RHF    OPTIONS    RHF     CPHF    DEN_MP2    

 PROGRAMS   *        TOTAL       MP2    HF-SCF       INT
 CPU TIMES  *         9.61      0.58      0.60      1.38
 REAL TIME  *         3.26 SEC
 DISK USED  *       108.07 MB
 **********************************************************************************************************************************

 Current geometry (xyz format, in Angstrom)


 Dump information in style XYZ to ch3oh_equilibrium_mp2_1.xyz                                                     

    4
 MP2/CC-PVTZ-F12  OPTSTEP=1  ENERGY=-39.38310738
 C         -0.0000000000        0.0000000000        0.0000000000
 H          0.5307312239       -0.9192534450        0.0000000000
 H         -1.0614624476        0.0000000000        0.0000000000
 H          0.5307312239        0.9192534450        0.0000000000

 **********************************************************************************************************************************

 PROGRESS OF GEOMETRY OPTIMIZATION.    TOTAL CPU:         7.5 SEC
   1   -39.36724320   -39.38310738    -0.01586418  0.07590153  0.13146531  0.05367049  0.11614719  0.20117284  0.03352881

 **********************************************************************************************************************************

 Current geometry (xyz format, in Angstrom)


 Dump information in style XYZ to ch3oh_equilibrium_mp2.xyz                                                       

    4
 MP2/CC-PVTZ-F12  ENERGY=-39.38310738
 C         -0.0000000000        0.0000000000        0.0000000000
 H          0.5307312239       -0.9192534450        0.0000000000
 H         -1.0614624476        0.0000000000        0.0000000000
 H          0.5307312239        0.9192534450        0.0000000000

 **********************************************************************************************************************************

 Current variables
 RCH1=                1.06146245 ANGSTROM
 RCH2=                1.06146245 ANGSTROM
 ACH12=             120.00000000 DEGREE
 RCH3=                1.06146245 ANGSTROM
 ACH23=             120.00000000 DEGREE
 RHO=               180.00000000 DEGREE

 **********************************************************************************************************************************

 PROGRAM * ALASKA (Gradient of the energy)     Author: R. Lindh


 MP2      Gradient info restored from record    5200.1

 Number of core orbitals:           1 (   1   0   0   0 )
 Number of closed-shell orbitals:   3 (   2   1   0   0 )
 Number of external orbitals:     103 (  41  29  22  11 )

 Integral thresholds in T2TRAN:            1.0D-10 (PROD)

 Available memory for Transformation: 497443087 words
 Memory needed for incore algorithm:     114542 words
 Minimum memory needed:                   94681 words

 Memory used for transformation:           0.11 MW
 Available memory for gradients:         499.33 MW

 CPU for transformation:                   0.16 sec
 CPU for integrals and gradient:           3.76 sec
 Total CPU:                                3.92 sec

 Prescreening statistics:
 ========================

 Total number of shell quadruplets:        1.54D+03
 Number of shell quadruplets processed:    1.54D+03 (100.00%)

 MP2 GRADIENT FOR STATE 1.1

 Atom          dE/dx               dE/dy               dE/dz

   1        -0.000000000         0.000000000         0.000000000
   2        -0.009182966         0.015905363         0.000000000
   3        -0.009182966        -0.015905363         0.000000000
   4         0.018365932         0.000000000         0.000000000

 Nuclear force contribution to virial =        -0.110519197
 Reading points 1 to 2 from record 700.2,  wavefunction type=MP2             

 Making model hessian for Z-matrix coordinates
 BFGS update of hessian using  1 points

 Entering Rational Function Geometry Optimization

 Optimization point 2

 Variable                      Last           Current        Next           Gradient       Hessian

 E(MP2) / Hartree          -39.36724320   -39.38310738   -39.38412875
 RCH1 / ANGSTROM             1.00000000     1.06146245     1.08100162    -0.03470658     1.83762209
 RCH2 / ANGSTROM             1.00000000     1.06146245     1.08100162    -0.03470658     1.83762208
 ACH12 / DEGREE            120.00000000   120.00000000   120.00000000     0.00000000     0.00008267
 RCH3 / ANGSTROM             1.00000000     1.06146245     1.08100162    -0.03470658     1.83762209
 ACH23 / DEGREE            120.00000000   120.00000000   120.00000000    -0.00000000     0.00008267
 RHO / DEGREE              180.00000000   180.00000000   180.00000000     0.00000000     0.00000000
 Convergence:                0.00000000  (line search)     0.06395371     0.03181073  (total)

 Geometry written to block  3 of record 700

 Running procedure: RUNMP2


 Recomputing integrals since geometry changed


 PROGRAM * SEWARD (Integral evaluation for generally contracted gaussian basis sets)     Author: Roland Lindh, 1990

 Geometry written to block  3 of record 700

 Orientation using atomic masses  
 Molecule type: Symmetric top,     Order of principal axis = 3
 Symmetry elements: Y,Z
 Rotational constants:     286.0477643    286.0477643    143.0238822 GHz  (calculated with average atomic masses)

 Point group  C2v 



 ATOMIC COORDINATES

 NR  ATOM    CHARGE       X              Y              Z

   1  C       6.00    0.000000000    0.000000000    0.000000000
   2  H1      1.00    1.021398504   -1.769114103    0.000000000
   3  H3      1.00    1.021398504    1.769114103    0.000000000
   4  H2      1.00   -2.042797007    0.000000000    0.000000000

 Bond lengths in Bohr (Angstrom)

 1-2  2.042797007  1-3  2.042797007  1-4  2.042797007
     ( 1.081001623)     ( 1.081001623)     ( 1.081001623)

 Bond angles

  2-1-3  120.00000000   2-1-4  120.00000000   3-1-4  120.00000000

 NUCLEAR CHARGE:                    9
 NUMBER OF PRIMITIVE AOS:         135
 NUMBER OF SYMMETRY AOS:          123
 NUMBER OF CONTRACTIONS:          107   (   44A1  +   30B1  +   22B2  +   11A2  )
 NUMBER OF INNER CORE ORBITALS:     0   (    0A1  +    0B1  +    0B2  +    0A2  )
 NUMBER OF OUTER CORE ORBITALS:     1   (    1A1  +    0B1  +    0B2  +    0A2  )
 NUMBER OF VALENCE ORBITALS:        7   (    4A1  +    2B1  +    1B2  +    0A2  )


 NUCLEAR REPULSION ENERGY    9.65933019


 Eigenvalues of metric

         1 0.192E-03 0.327E-03 0.574E-03 0.705E-03 0.156E-02 0.207E-02 0.250E-02 0.347E-02
         2 0.327E-03 0.574E-03 0.207E-02 0.347E-02 0.439E-02 0.937E-02 0.145E-01 0.257E-01
         3 0.544E-03 0.105E-01 0.143E-01 0.333E-01 0.708E-01 0.822E-01 0.145E+00 0.160E+00
         4 0.143E-01 0.708E-01 0.145E+00 0.160E+00 0.538E+00 0.634E+00 0.787E+00 0.850E+00


 Contracted 2-electron integrals neglected if value below      1.0D-11
 AO integral compression algorithm  1   Integral accuracy      1.0D-11

     27.263 MB (compressed) written to integral file ( 59.5%)


 NUMBER OF SORTED TWO-ELECTRON INTEGRALS:    4415131.     BUFFER LENGTH:  32768
 NUMBER OF SEGMENTS:   1  SEGMENT LENGTH:    4415131      RECORD LENGTH: 524288

 Memory used in sort:       4.97 MW

 SORT1 READ     5710629. AND WROTE     4215753. INTEGRALS IN     13 RECORDS. CPU TIME:     0.07 SEC, REAL TIME:     0.08 SEC
 SORT2 READ     4215753. AND WROTE     4415131. INTEGRALS IN    104 RECORDS. CPU TIME:     0.09 SEC, REAL TIME:     0.11 SEC

 FILE SIZES:   FILE 1:    57.5 MBYTE,  FILE 4:    54.6 MBYTE,   TOTAL:    112.1 MBYTE

 OPERATOR DM      FOR CENTER  0  COORDINATES:    0.000000    0.000000    0.000000

 Program * Restricted Hartree-Fock

 Molecular orbitals read from record     2101.2  Type=RHF/CANONICAL (state 1.1)

 NELEC=    8   SYM=1   MS2= 0   THRE=1.0D-09   THRD=1.0D-06   THRG=1.0D-06  HFMA2=F  DIIS_START=2   DIIS_MAX=10   DIIS_INCORE=F

 Level shifts:    0.00 (CLOSED)    0.00 (OPEN)    0.30 (GAP_MIN)

 ITER           ETOT              DE          GRAD        DDIFF     DIIS  NEXP   TIME(IT)  TIME(TOT)  DIAG
   1      -39.24976368     -39.24976368     0.00D+00     0.12D+00     0     0       0.09      0.09    start
   2      -39.24997289      -0.00020921     0.14D-02     0.33D-02     1     0       0.07      0.16    diag
   3      -39.24997901      -0.00000612     0.21D-03     0.33D-03     2     0       0.05      0.21    diag
   4      -39.24997929      -0.00000028     0.40D-04     0.51D-04     3     0       0.05      0.26    diag
   5      -39.24997930      -0.00000001     0.63D-05     0.68D-05     4     0       0.07      0.33    diag
   6      -39.24997930      -0.00000000     0.68D-06     0.71D-06     5     0       0.06      0.39    diag
   7      -39.24997930      -0.00000000     0.83D-07     0.90D-07     0     0       0.04      0.43    diag

 Final occupancy:   3   1   0   0

 !RHF STATE 1.1 Energy                -39.249979300726
  RHF One-electron energy             -68.077955748946
  RHF Two-electron energy              19.168646257532
  RHF Kinetic energy                   39.241116742517
  RHF Nuclear energy                    9.659330190688
  RHF Virial quotient                  -1.000225848777

 !RHF STATE 1.1 Dipole moment           0.00000000     0.00000000     0.00000000
 Dipole moment /Debye                   0.00000000     0.00000000     0.00000000

 Orbital energies:

           1.1          2.1          3.1          4.1          5.1
    -11.680682    -1.280509    -0.954571    -0.122947    -0.084454

           1.2          2.2          3.2
     -0.954571    -0.084454    -0.013496

           1.3          2.3
     -0.285228    -0.067197

           1.4          2.4
      0.173375     0.640010


 HOMO      1.2    -0.954571 =     -25.9752eV
 LUMO      1.3    -0.285228 =      -7.7615eV
 LUMO-HOMO         0.669342 =      18.2137eV

 Orbitals saved in record  2101.2


 **********************************************************************************************************************************
 DATASETS  * FILE   NREC   LENGTH (MB)   RECORD NAMES
              1      19       48.42       500      610      700      900      950      970     1000      129      960     1100   
                                          VAR    BASINP    GEOM    SYMINP    ZMAT    AOBASIS   BASIS     P2S    ABASIS      S 
                                         1400     1410     1200     1210     1080     1600     1650     1300     1700   
                                           T        V       H0       H01     AOSYM     SMH    MOLCAS    ERIS     OPER   

              2       8        1.12       700     1000      520     2100      200     2101     4101     9001   
                                         GEOM     BASIS   MCVARS     RHF    OPTIONS    RHF     CPHF    DEN_MP2    

 PROGRAMS   *        TOTAL    HF-SCF    HF-SCF       INT
 CPU TIMES  *        15.69      1.71      0.60      1.38
 REAL TIME  *         4.90 SEC
 DISK USED  *       108.07 MB
 **********************************************************************************************************************************


 PROGRAM * MP2 (Closed-shell)     Authors: C. Hampel, H.-J. Werner, 1991, M. Deegan, P.J. Knowles, 1992


 Convergence thresholds:  THRVAR = 1.00D-12  THRDEN = 1.00D-08

 Number of core orbitals:           1 (   1   0   0   0 )
 Number of closed-shell orbitals:   3 (   2   1   0   0 )
 Number of external orbitals:     103 (  41  29  22  11 )

 Molecular orbitals read from record     2101.2  Type=RHF/CANONICAL (state 1.1)

 Number of N-1 electron functions:               3
 Number of N-2 electron functions:               6
 Number of singly external CSFs:               111
 Number of doubly external CSFs:             13696
 Total number of CSFs:                       13808

 Length of J-op  integral file:               0.00 MB
 Length of K-op  integral file:               0.27 MB

 Integral transformation finished. Total CPU:   0.03 sec, npass=  1  Memory used:   0.11 MW

 Memory needed for MP2:                      0.02 MW

 SCS-MP2 correlation energy:           -0.146062646043   (PS=  1.200000  PT=  0.333333)
 SCS-MP2 total energy:                -39.396041946769


  Reference energy                    -39.249979300726
  MP2 singlet pair energy              -0.108126537153
  MP2 triplet pair energy              -0.026213788059
  MP2 correlation energy               -0.134340325212

 !MP2 total energy                    -39.384319625938

 KEXT needed  1 integral passes. Memory used:   0.15 MW  CPU time:      0.16 sec


 CPHF trial vector read from record  4101.2

 Starting Coupled-perturbed Hartree-Fock, convergence threshold= 1.0D-06

 ITER   MIC  DIIS      VAR         VARC       CPU
   1     0     1    0.21D-01    0.30D-03     0.04
   2     4     2    0.19D-04    0.19D-04     0.06
   3     1     3    0.16D-05    0.37D-06     0.07
   4     1     4    0.51D-07    0.13D-07     0.08

 CPHF convergence reached in  4 macroiterations and    6 microiterations.   Accuracy: 5.0659D-08

 CPHF solution written to record  4101.2

 Dipole moments (unrelaxed):            0.00000000     0.00000000     0.00000000
 Orbital relaxation contribution:      -0.00000000    -0.00000000    -0.00000000
 !MP2 STATE 1.1 Dipole moment           0.00000000     0.00000000     0.00000000
 Dipole moment /Debye                   0.00000000     0.00000000     0.00000000

 CPU-time for density and lagrangian:                  0.05 sec
 CPU-time for coupled-perturbed hartree-fock:          0.10 sec

 MP2 gradient info saved on record         5200.1


 **********************************************************************************************************************************
 DATASETS  * FILE   NREC   LENGTH (MB)   RECORD NAMES
              1      21       48.93       500      610      700      900      950      970     1000      129      960     1100   
                                          VAR    BASINP    GEOM    SYMINP    ZMAT    AOBASIS   BASIS     P2S    ABASIS      S 
                                         1400     1410     1200     1210     1080     1600     1650     1300     1700     1380   
                                           T        V       H0       H01     AOSYM     SMH    MOLCAS    ERIS     OPER     JKOP   
                                         5200   
                                          MP2  

              2       8        1.12       700     1000      520     2100      200     2101     4101     9001   
                                         GEOM     BASIS   MCVARS     RHF    OPTIONS    RHF     CPHF    DEN_MP2    

 PROGRAMS   *        TOTAL       MP2    HF-SCF       INT
 CPU TIMES  *        16.28      0.58      0.60      1.38
 REAL TIME  *         5.13 SEC
 DISK USED  *       108.07 MB
 **********************************************************************************************************************************

 Current geometry (xyz format, in Angstrom)


 Dump information in style XYZ to ch3oh_equilibrium_mp2_2.xyz                                                     

    4
 MP2/CC-PVTZ-F12  OPTSTEP=2  ENERGY=-39.38431963
 C          0.0000000000        0.0000000000        0.0000000000
 H          0.5405008114       -0.9361748670        0.0000000000
 H         -1.0810016228        0.0000000000        0.0000000000
 H          0.5405008114        0.9361748670        0.0000000000

 **********************************************************************************************************************************

 PROGRESS OF GEOMETRY OPTIMIZATION.    TOTAL CPU:        14.2 SEC
   1   -39.36724320   -39.38310738    -0.01586418  0.07590153  0.13146531  0.05367049  0.11614719  0.20117284  0.03352881
   2   -39.38310738   -39.38431963    -0.00121224  0.01836593  0.03181073  0.01298667  0.03692369  0.06395371  0.01065895

 **********************************************************************************************************************************

 Current geometry (xyz format, in Angstrom)


 Dump information in style XYZ to ch3oh_equilibrium_mp2.xyz                                                       

    4
 MP2/CC-PVTZ-F12  ENERGY=-39.38431963
 C          0.0000000000        0.0000000000        0.0000000000
 H          0.5405008114       -0.9361748670        0.0000000000
 H         -1.0810016228        0.0000000000        0.0000000000
 H          0.5405008114        0.9361748670        0.0000000000

 **********************************************************************************************************************************

 Current variables
 RCH1=                1.08100162 ANGSTROM
 RCH2=                1.08100162 ANGSTROM
 ACH12=             120.00000000 DEGREE
 RCH3=                1.08100162 ANGSTROM
 ACH23=             120.00000000 DEGREE
 RHO=               180.00000000 DEGREE

 **********************************************************************************************************************************

 PROGRAM * ALASKA (Gradient of the energy)     Author: R. Lindh


 MP2      Gradient info restored from record    5200.1

 Number of core orbitals:           1 (   1   0   0   0 )
 Number of closed-shell orbitals:   3 (   2   1   0   0 )
 Number of external orbitals:     103 (  41  29  22  11 )

 Integral thresholds in T2TRAN:            1.0D-10 (PROD)

 Available memory for Transformation: 497443087 words
 Memory needed for incore algorithm:     114542 words
 Minimum memory needed:                   94681 words

 Memory used for transformation:           0.11 MW
 Available memory for gradients:         499.33 MW

 CPU for transformation:                   0.13 sec
 CPU for integrals and gradient:           3.78 sec
 Total CPU:                                3.91 sec

 Prescreening statistics:
 ========================

 Total number of shell quadruplets:        1.54D+03
 Number of shell quadruplets processed:    1.54D+03 (100.00%)

 MP2 GRADIENT FOR STATE 1.1

 Atom          dE/dx               dE/dy               dE/dz

   1         0.000000000         0.000000000         0.000000000
   2        -0.001892597         0.003278074         0.000000000
   3        -0.001892597        -0.003278074         0.000000000
   4         0.003785193         0.000000000         0.000000000

 Nuclear force contribution to virial =        -0.023197145
 Reading points 1 to 3 from record 700.2,  wavefunction type=MP2             

 Making model hessian for Z-matrix coordinates
 BFGS update of hessian using  2 points

 Entering Rational Function Geometry Optimization

 Optimization point 3

 Variable                      Last           Current        Next           Gradient       Hessian

 E(MP2) / Hartree          -39.38310738   -39.38431963   -39.38437405
 RCH1 / ANGSTROM             1.06146245     1.08100162     1.08607264    -0.00715298     1.64647582
 RCH2 / ANGSTROM             1.06146245     1.08100162     1.08607264    -0.00715298     1.64647582
 ACH12 / DEGREE            120.00000000   120.00000000   119.99999997     0.00000000     0.00007346
 RCH3 / ANGSTROM             1.06146245     1.08100162     1.08607264    -0.00715298     1.64647582
 ACH23 / DEGREE            120.00000000   120.00000000   120.00000006    -0.00000000     0.00007346
 RHO / DEGREE              180.00000000   180.00000000   180.00000000     0.00000000     0.00000000
 Convergence:                0.00000000  (line search)     0.01659796     0.00655615  (total)

 Geometry written to block  4 of record 700

 Running procedure: RUNMP2


 Recomputing integrals since geometry changed


 PROGRAM * SEWARD (Integral evaluation for generally contracted gaussian basis sets)     Author: Roland Lindh, 1990

 Geometry written to block  4 of record 700

 Orientation using atomic masses  
 Molecule type: Symmetric top,     Order of principal axis = 3
 Symmetry elements: Y,Z
 Rotational constants:     283.3828101    283.3828105    141.6914052 GHz  (calculated with average atomic masses)

 Point group  C2v 



 ATOMIC COORDINATES

 NR  ATOM    CHARGE       X              Y              Z

   1  C       6.00    0.000000000    0.000000000    0.000000000
   2  H1      1.00    1.026189920   -1.777413082    0.000000000
   3  H3      1.00    1.026189920    1.777413082    0.000000000
   4  H2      1.00   -2.052379841    0.000000000    0.000000000

 Bond lengths in Bohr (Angstrom)

 1-2  2.052379842  1-3  2.052379842  1-4  2.052379841
     ( 1.086072640)     ( 1.086072640)     ( 1.086072640)

 Bond angles

  2-1-3  120.00000006   2-1-4  119.99999997   3-1-4  119.99999997

 NUCLEAR CHARGE:                    9
 NUMBER OF PRIMITIVE AOS:         135
 NUMBER OF SYMMETRY AOS:          123
 NUMBER OF CONTRACTIONS:          107   (   44A1  +   30B1  +   22B2  +   11A2  )
 NUMBER OF INNER CORE ORBITALS:     0   (    0A1  +    0B1  +    0B2  +    0A2  )
 NUMBER OF OUTER CORE ORBITALS:     1   (    1A1  +    0B1  +    0B2  +    0A2  )
 NUMBER OF VALENCE ORBITALS:        7   (    4A1  +    2B1  +    1B2  +    0A2  )


 NUCLEAR REPULSION ENERGY    9.61422949


 Eigenvalues of metric

         1 0.194E-03 0.331E-03 0.577E-03 0.710E-03 0.157E-02 0.208E-02 0.252E-02 0.351E-02
         2 0.331E-03 0.577E-03 0.208E-02 0.351E-02 0.441E-02 0.958E-02 0.148E-01 0.260E-01
         3 0.544E-03 0.108E-01 0.146E-01 0.335E-01 0.712E-01 0.824E-01 0.147E+00 0.161E+00
         4 0.146E-01 0.712E-01 0.147E+00 0.161E+00 0.541E+00 0.636E+00 0.791E+00 0.853E+00


 Contracted 2-electron integrals neglected if value below      1.0D-11
 AO integral compression algorithm  1   Integral accuracy      1.0D-11

     27.263 MB (compressed) written to integral file ( 59.4%)


 NUMBER OF SORTED TWO-ELECTRON INTEGRALS:    4415131.     BUFFER LENGTH:  32768
 NUMBER OF SEGMENTS:   1  SEGMENT LENGTH:    4415131      RECORD LENGTH: 524288

 Memory used in sort:       4.97 MW

 SORT1 READ     5710629. AND WROTE     4216402. INTEGRALS IN     13 RECORDS. CPU TIME:     0.07 SEC, REAL TIME:     0.09 SEC
 SORT2 READ     4216402. AND WROTE     4415131. INTEGRALS IN    104 RECORDS. CPU TIME:     0.09 SEC, REAL TIME:     0.11 SEC

 FILE SIZES:   FILE 1:    57.5 MBYTE,  FILE 4:    54.6 MBYTE,   TOTAL:    112.1 MBYTE

 OPERATOR DM      FOR CENTER  0  COORDINATES:    0.000000    0.000000    0.000000

 Program * Restricted Hartree-Fock

 Molecular orbitals read from record     2101.2  Type=RHF/CANONICAL (state 1.1)

 NELEC=    8   SYM=1   MS2= 0   THRE=1.0D-09   THRD=1.0D-06   THRG=1.0D-06  HFMA2=F  DIIS_START=2   DIIS_MAX=10   DIIS_INCORE=F

 Level shifts:    0.00 (CLOSED)    0.00 (OPEN)    0.30 (GAP_MIN)

 ITER           ETOT              DE          GRAD        DDIFF     DIIS  NEXP   TIME(IT)  TIME(TOT)  DIAG
   1      -39.24987870     -39.24987870     0.00D+00     0.11D+00     0     0       0.09      0.09    start
   2      -39.24989221      -0.00001351     0.36D-03     0.83D-03     1     0       0.06      0.15    diag
   3      -39.24989261      -0.00000040     0.54D-04     0.83D-04     2     0       0.05      0.20    diag
   4      -39.24989263      -0.00000002     0.10D-04     0.13D-04     3     0       0.05      0.25    diag
   5      -39.24989263      -0.00000000     0.17D-05     0.17D-05     4     0       0.06      0.31    diag
   6      -39.24989263      -0.00000000     0.18D-06     0.19D-06     5     0       0.07      0.38    diag
   7      -39.24989263      -0.00000000     0.22D-07     0.24D-07     0     0       0.05      0.43    diag

 Final occupancy:   3   1   0   0

 !RHF STATE 1.1 Energy                -39.249892628407
  RHF One-electron energy             -68.000812649057
  RHF Two-electron energy              19.136690526361
  RHF Kinetic energy                   39.218766145812
  RHF Nuclear energy                    9.614229494289
  RHF Virial quotient                  -1.000793662975

 !RHF STATE 1.1 Dipole moment          -0.00000000     0.00000000     0.00000000
 Dipole moment /Debye                  -0.00000000     0.00000000     0.00000000

 Orbital energies:

           1.1          2.1          3.1          4.1          5.1
    -11.681502    -1.277969    -0.952122    -0.123049    -0.084381

           1.2          2.2          3.2
     -0.952122    -0.084381    -0.014122

           1.3          2.3
     -0.284796    -0.067107

           1.4          2.4
      0.173341     0.639978


 HOMO      3.1    -0.952122 =     -25.9086eV
 LUMO      1.3    -0.284796 =      -7.7497eV
 LUMO-HOMO         0.667326 =      18.1589eV

 Orbitals saved in record  2101.2


 **********************************************************************************************************************************
 DATASETS  * FILE   NREC   LENGTH (MB)   RECORD NAMES
              1      19       48.41       500      610      700      900      950      970     1000      129      960     1100   
                                          VAR    BASINP    GEOM    SYMINP    ZMAT    AOBASIS   BASIS     P2S    ABASIS      S 
                                         1400     1410     1200     1210     1080     1600     1650     1300     1700   
                                           T        V       H0       H01     AOSYM     SMH    MOLCAS    ERIS     OPER   

              2       8        1.12       700     1000      520     2100      200     2101     4101     9001   
                                         GEOM     BASIS   MCVARS     RHF    OPTIONS    RHF     CPHF    DEN_MP2    

 PROGRAMS   *        TOTAL    HF-SCF    HF-SCF       INT
 CPU TIMES  *        22.38      1.72      0.60      1.38
 REAL TIME  *         6.78 SEC
 DISK USED  *       108.07 MB
 **********************************************************************************************************************************


 PROGRAM * MP2 (Closed-shell)     Authors: C. Hampel, H.-J. Werner, 1991, M. Deegan, P.J. Knowles, 1992


 Convergence thresholds:  THRVAR = 1.00D-12  THRDEN = 1.00D-08

 Number of core orbitals:           1 (   1   0   0   0 )
 Number of closed-shell orbitals:   3 (   2   1   0   0 )
 Number of external orbitals:     103 (  41  29  22  11 )

 Molecular orbitals read from record     2101.2  Type=RHF/CANONICAL (state 1.1)

 Number of N-1 electron functions:               3
 Number of N-2 electron functions:               6
 Number of singly external CSFs:               111
 Number of doubly external CSFs:             13696
 Total number of CSFs:                       13808

 Length of J-op  integral file:               0.00 MB
 Length of K-op  integral file:               0.27 MB

 Integral transformation finished. Total CPU:   0.03 sec, npass=  1  Memory used:   0.11 MW

 Memory needed for MP2:                      0.02 MW

 SCS-MP2 correlation energy:           -0.146220899097   (PS=  1.200000  PT=  0.333333)
 SCS-MP2 total energy:                -39.396113527505


  Reference energy                    -39.249892628408
  MP2 singlet pair energy              -0.108244835253
  MP2 triplet pair energy              -0.026239976990
  MP2 correlation energy               -0.134484812243

 !MP2 total energy                    -39.384377440650

 KEXT needed  1 integral passes. Memory used:   0.15 MW  CPU time:      0.17 sec


 CPHF trial vector read from record  4101.2

 Starting Coupled-perturbed Hartree-Fock, convergence threshold= 1.0D-06

 ITER   MIC  DIIS      VAR         VARC       CPU
   1     0     1    0.56D-02    0.79D-04     0.05
   2     4     2    0.51D-05    0.51D-05     0.06
   3     1     3    0.41D-06    0.98D-07     0.08

 CPHF convergence reached in  3 macroiterations and    5 microiterations.   Accuracy: 4.1233D-07

 CPHF solution written to record  4101.2

 Dipole moments (unrelaxed):           -0.00000000     0.00000000     0.00000000
 Orbital relaxation contribution:       0.00000000    -0.00000000    -0.00000000
 !MP2 STATE 1.1 Dipole moment          -0.00000000     0.00000000     0.00000000
 Dipole moment /Debye                  -0.00000000     0.00000000     0.00000000

 CPU-time for density and lagrangian:                  0.06 sec
 CPU-time for coupled-perturbed hartree-fock:          0.08 sec

 MP2 gradient info saved on record         5200.1


 **********************************************************************************************************************************
 DATASETS  * FILE   NREC   LENGTH (MB)   RECORD NAMES
              1      21       48.92       500      610      700      900      950      970     1000      129      960     1100   
                                          VAR    BASINP    GEOM    SYMINP    ZMAT    AOBASIS   BASIS     P2S    ABASIS      S 
                                         1400     1410     1200     1210     1080     1600     1650     1300     1700     1380   
                                           T        V       H0       H01     AOSYM     SMH    MOLCAS    ERIS     OPER     JKOP   
                                         5200   
                                          MP2  

              2       8        1.12       700     1000      520     2100      200     2101     4101     9001   
                                         GEOM     BASIS   MCVARS     RHF    OPTIONS    RHF     CPHF    DEN_MP2    

 PROGRAMS   *        TOTAL       MP2    HF-SCF       INT
 CPU TIMES  *        22.94      0.56      0.60      1.38
 REAL TIME  *         6.99 SEC
 DISK USED  *       108.07 MB
 **********************************************************************************************************************************

 Current geometry (xyz format, in Angstrom)


 Dump information in style XYZ to ch3oh_equilibrium_mp2_3.xyz                                                     

    4
 MP2/CC-PVTZ-F12  OPTSTEP=3  ENERGY=-39.38437744
 C          0.0000000001        0.0000000000        0.0000000000
 H          0.5430363197       -0.9405664973        0.0000000000
 H         -1.0860726401        0.0000000000        0.0000000000
 H          0.5430363197        0.9405664973        0.0000000000

 **********************************************************************************************************************************

 PROGRESS OF GEOMETRY OPTIMIZATION.    TOTAL CPU:        20.9 SEC
   1   -39.36724320   -39.38310738    -0.01586418  0.07590153  0.13146531  0.05367049  0.11614719  0.20117284  0.03352881
   2   -39.38310738   -39.38431963    -0.00121224  0.01836593  0.03181073  0.01298667  0.03692369  0.06395371  0.01065895
   3   -39.38431963   -39.38437744    -0.00005781  0.00378519  0.00655615  0.00267654  0.00958283  0.01659796  0.00276633

 **********************************************************************************************************************************

 Current geometry (xyz format, in Angstrom)


 Dump information in style XYZ to ch3oh_equilibrium_mp2.xyz                                                       

    4
 MP2/CC-PVTZ-F12  ENERGY=-39.38437744
 C          0.0000000001        0.0000000000        0.0000000000
 H          0.5430363197       -0.9405664973        0.0000000000
 H         -1.0860726401        0.0000000000        0.0000000000
 H          0.5430363197        0.9405664973        0.0000000000

 **********************************************************************************************************************************

 Current variables
 RCH1=                1.08607264 ANGSTROM
 RCH2=                1.08607264 ANGSTROM
 ACH12=             119.99999997 DEGREE
 RCH3=                1.08607264 ANGSTROM
 ACH23=             120.00000006 DEGREE
 RHO=               180.00000000 DEGREE

 **********************************************************************************************************************************

 PROGRAM * ALASKA (Gradient of the energy)     Author: R. Lindh


 MP2      Gradient info restored from record    5200.1

 Number of core orbitals:           1 (   1   0   0   0 )
 Number of closed-shell orbitals:   3 (   2   1   0   0 )
 Number of external orbitals:     103 (  41  29  22  11 )

 Integral thresholds in T2TRAN:            1.0D-10 (PROD)

 Available memory for Transformation: 497443087 words
 Memory needed for incore algorithm:     114542 words
 Minimum memory needed:                   94681 words

 Memory used for transformation:           0.11 MW
 Available memory for gradients:         499.33 MW

 CPU for transformation:                   0.09 sec
 CPU for integrals and gradient:           3.85 sec
 Total CPU:                                3.95 sec

 Prescreening statistics:
 ========================

 Total number of shell quadruplets:        1.54D+03
 Number of shell quadruplets processed:    1.54D+03 (100.00%)

 MP2 GRADIENT FOR STATE 1.1

 Atom          dE/dx               dE/dy               dE/dz

   1         0.000000000         0.000000000         0.000000000
   2        -0.000126647         0.000219360         0.000000000
   3        -0.000126647        -0.000219360         0.000000000
   4         0.000253295         0.000000000         0.000000000

 Nuclear force contribution to virial =        -0.001559570
 Reading points 1 to 4 from record 700.2,  wavefunction type=MP2             

 Making model hessian for Z-matrix coordinates
 BFGS update of hessian using  3 points

 Entering Rational Function Geometry Optimization

 Optimization point 4

 Variable                      Last           Current        Next           Gradient       Hessian

 E(MP2) / Hartree          -39.38431963   -39.38437744   -39.38437770
 RCH1 / ANGSTROM             1.08100162     1.08607264     1.08643631    -0.00047866     1.59705107
 RCH2 / ANGSTROM             1.08100162     1.08607264     1.08643631    -0.00047866     1.59705108
 ACH12 / DEGREE            120.00000000   119.99999997   119.99999997     0.00000000     0.00007122
 RCH3 / ANGSTROM             1.08100162     1.08607264     1.08643631    -0.00047866     1.59705107
 ACH23 / DEGREE            120.00000000   120.00000006   120.00000005     0.00000000     0.00007122
 RHO / DEGREE              180.00000000   180.00000000   180.00000000     0.00000000     0.00000000
 Convergence:                0.00000000  (line search)     0.00119034     0.00043872  (total)

 Geometry written to block  5 of record 700

 Running procedure: RUNMP2


 Recomputing integrals since geometry changed


 PROGRAM * SEWARD (Integral evaluation for generally contracted gaussian basis sets)     Author: Roland Lindh, 1990

 Geometry written to block  5 of record 700

 Orientation using atomic masses  
 Molecule type: Symmetric top,     Order of principal axis = 3
 Symmetry elements: Y,Z
 Rotational constants:     283.1931226    283.1931230    141.5965614 GHz  (calculated with average atomic masses)

 Point group  C2v 



 ATOMIC COORDINATES

 NR  ATOM    CHARGE       X              Y              Z

   1  C       6.00    0.000000000    0.000000000    0.000000000
   2  H1      1.00    1.026533542   -1.778008253    0.000000000
   3  H3      1.00    1.026533542    1.778008253    0.000000000
   4  H2      1.00   -2.053067085    0.000000000    0.000000000

 Bond lengths in Bohr (Angstrom)

 1-2  2.053067086  1-3  2.053067086  1-4  2.053067086
     ( 1.086436314)     ( 1.086436314)     ( 1.086436314)

 Bond angles

  2-1-3  120.00000005   2-1-4  119.99999997   3-1-4  119.99999997

 NUCLEAR CHARGE:                    9
 NUMBER OF PRIMITIVE AOS:         135
 NUMBER OF SYMMETRY AOS:          123
 NUMBER OF CONTRACTIONS:          107   (   44A1  +   30B1  +   22B2  +   11A2  )
 NUMBER OF INNER CORE ORBITALS:     0   (    0A1  +    0B1  +    0B2  +    0A2  )
 NUMBER OF OUTER CORE ORBITALS:     1   (    1A1  +    0B1  +    0B2  +    0A2  )
 NUMBER OF VALENCE ORBITALS:        7   (    4A1  +    2B1  +    1B2  +    0A2  )


 NUCLEAR REPULSION ENERGY    9.61101122


 Eigenvalues of metric

         1 0.194E-03 0.331E-03 0.577E-03 0.711E-03 0.157E-02 0.208E-02 0.252E-02 0.351E-02
         2 0.331E-03 0.577E-03 0.208E-02 0.351E-02 0.441E-02 0.960E-02 0.149E-01 0.260E-01
         3 0.544E-03 0.108E-01 0.146E-01 0.336E-01 0.713E-01 0.825E-01 0.148E+00 0.161E+00
         4 0.146E-01 0.713E-01 0.148E+00 0.161E+00 0.541E+00 0.637E+00 0.792E+00 0.853E+00


 Contracted 2-electron integrals neglected if value below      1.0D-11
 AO integral compression algorithm  1   Integral accuracy      1.0D-11

     27.263 MB (compressed) written to integral file ( 59.4%)


 NUMBER OF SORTED TWO-ELECTRON INTEGRALS:    4415131.     BUFFER LENGTH:  32768
 NUMBER OF SEGMENTS:   1  SEGMENT LENGTH:    4415131      RECORD LENGTH: 524288

 Memory used in sort:       4.97 MW

 SORT1 READ     5710629. AND WROTE     4216298. INTEGRALS IN     13 RECORDS. CPU TIME:     0.06 SEC, REAL TIME:     0.08 SEC
 SORT2 READ     4216298. AND WROTE     4415131. INTEGRALS IN    104 RECORDS. CPU TIME:     0.10 SEC, REAL TIME:     0.11 SEC

 FILE SIZES:   FILE 1:    57.5 MBYTE,  FILE 4:    54.6 MBYTE,   TOTAL:    112.1 MBYTE

 OPERATOR DM      FOR CENTER  0  COORDINATES:    0.000000    0.000000    0.000000

 Program * Restricted Hartree-Fock

 Molecular orbitals read from record     2101.2  Type=RHF/CANONICAL (state 1.1)

 NELEC=    8   SYM=1   MS2= 0   THRE=1.0D-09   THRD=1.0D-07   THRG=1.0D-07  HFMA2=F  DIIS_START=2   DIIS_MAX=10   DIIS_INCORE=F

 Level shifts:    0.00 (CLOSED)    0.00 (OPEN)    0.30 (GAP_MIN)

 ITER           ETOT              DE          GRAD        DDIFF     DIIS  NEXP   TIME(IT)  TIME(TOT)  DIAG
   1      -39.24988236     -39.24988236     0.00D+00     0.11D+00     0     0       0.09      0.10    start
   2      -39.24988243      -0.00000007     0.25D-04     0.59D-04     1     0       0.05      0.15    diag
   3      -39.24988244      -0.00000000     0.39D-05     0.59D-05     2     0       0.06      0.21    diag
   4      -39.24988244      -0.00000000     0.74D-06     0.92D-06     3     0       0.05      0.26    diag
   5      -39.24988244      -0.00000000     0.12D-06     0.12D-06     4     0       0.06      0.32    diag
   6      -39.24988244      -0.00000000     0.13D-07     0.13D-07     5     0       0.07      0.39    diag
   7      -39.24988244       0.00000000     0.16D-08     0.17D-08     0     0       0.05      0.44    diag

 Final occupancy:   3   1   0   0

 !RHF STATE 1.1 Energy                -39.249882435948
  RHF One-electron energy             -67.995302779197
  RHF Two-electron energy              19.134409118488
  RHF Kinetic energy                   39.217174897613
  RHF Nuclear energy                    9.611011224760
  RHF Virial quotient                  -1.000834010569

 !RHF STATE 1.1 Dipole moment          -0.00000000     0.00000000     0.00000000
 Dipole moment /Debye                  -0.00000000     0.00000000     0.00000000

 Orbital energies:

           1.1          2.1          3.1          4.1          5.1
    -11.681561    -1.277787    -0.951947    -0.123056    -0.084376

           1.2          2.2          3.2
     -0.951947    -0.084376    -0.014167

           1.3          2.3
     -0.284765    -0.067100

           1.4          2.4
      0.173339     0.639976


 HOMO      3.1    -0.951947 =     -25.9038eV
 LUMO      1.3    -0.284765 =      -7.7489eV
 LUMO-HOMO         0.667182 =      18.1549eV

 Orbitals saved in record  2101.2


 **********************************************************************************************************************************
 DATASETS  * FILE   NREC   LENGTH (MB)   RECORD NAMES
              1      19       48.40       500      610      700      900      950      970     1000      129      960     1100   
                                          VAR    BASINP    GEOM    SYMINP    ZMAT    AOBASIS   BASIS     P2S    ABASIS      S 
                                         1400     1410     1200     1210     1080     1600     1650     1300     1700   
                                           T        V       H0       H01     AOSYM     SMH    MOLCAS    ERIS     OPER   

              2       8        1.12       700     1000      520     2100      200     2101     4101     9001   
                                         GEOM     BASIS   MCVARS     RHF    OPTIONS    RHF     CPHF    DEN_MP2    

 PROGRAMS   *        TOTAL    HF-SCF    HF-SCF       INT
 CPU TIMES  *        29.06      1.71      0.60      1.38
 REAL TIME  *         8.64 SEC
 DISK USED  *       108.07 MB
 **********************************************************************************************************************************


 PROGRAM * MP2 (Closed-shell)     Authors: C. Hampel, H.-J. Werner, 1991, M. Deegan, P.J. Knowles, 1992


 Convergence thresholds:  THRVAR = 1.00D-12  THRDEN = 1.00D-08

 Number of core orbitals:           1 (   1   0   0   0 )
 Number of closed-shell orbitals:   3 (   2   1   0   0 )
 Number of external orbitals:     103 (  41  29  22  11 )

 Molecular orbitals read from record     2101.2  Type=RHF/CANONICAL (state 1.1)

 Number of N-1 electron functions:               3
 Number of N-2 electron functions:               6
 Number of singly external CSFs:               111
 Number of doubly external CSFs:             13696
 Total number of CSFs:                       13808

 Length of J-op  integral file:               0.00 MB
 Length of K-op  integral file:               0.27 MB

 Integral transformation finished. Total CPU:   0.03 sec, npass=  1  Memory used:   0.11 MW

 Memory needed for MP2:                      0.02 MW

 SCS-MP2 correlation energy:           -0.146232344449   (PS=  1.200000  PT=  0.333333)
 SCS-MP2 total energy:                -39.396114780398


  Reference energy                    -39.249882435948
  MP2 singlet pair energy              -0.108253380985
  MP2 triplet pair energy              -0.026241890252
  MP2 correlation energy               -0.134495271236

 !MP2 total energy                    -39.384377707185

 KEXT needed  1 integral passes. Memory used:   0.15 MW  CPU time:      0.17 sec


 CPHF trial vector read from record  4101.2

 Starting Coupled-perturbed Hartree-Fock, convergence threshold= 1.0D-06

 ITER   MIC  DIIS      VAR         VARC       CPU
   1     0     1    0.40D-03    0.57D-05     0.05
   2     3     2    0.38D-06    0.37D-06     0.06

 CPHF convergence reached in  2 macroiterations and    3 microiterations.   Accuracy: 3.8074D-07

 CPHF solution written to record  4101.2

 Dipole moments (unrelaxed):           -0.00000000     0.00000000     0.00000000
 Orbital relaxation contribution:       0.00000000    -0.00000000    -0.00000000
 !MP2 STATE 1.1 Dipole moment          -0.00000000     0.00000000     0.00000000
 Dipole moment /Debye                  -0.00000000     0.00000000     0.00000000

 CPU-time for density and lagrangian:                  0.05 sec
 CPU-time for coupled-perturbed hartree-fock:          0.07 sec

 MP2 gradient info saved on record         5200.1


 **********************************************************************************************************************************
 DATASETS  * FILE   NREC   LENGTH (MB)   RECORD NAMES
              1      21       48.92       500      610      700      900      950      970     1000      129      960     1100   
                                          VAR    BASINP    GEOM    SYMINP    ZMAT    AOBASIS   BASIS     P2S    ABASIS      S 
                                         1400     1410     1200     1210     1080     1600     1650     1300     1700     1380   
                                           T        V       H0       H01     AOSYM     SMH    MOLCAS    ERIS     OPER     JKOP   
                                         5200   
                                          MP2  

              2       8        1.12       700     1000      520     2100      200     2101     4101     9001   
                                         GEOM     BASIS   MCVARS     RHF    OPTIONS    RHF     CPHF    DEN_MP2    

 PROGRAMS   *        TOTAL       MP2    HF-SCF       INT
 CPU TIMES  *        29.58      0.52      0.60      1.38
 REAL TIME  *         8.82 SEC
 DISK USED  *       108.07 MB
 **********************************************************************************************************************************

 Current geometry (xyz format, in Angstrom)


 Dump information in style XYZ to ch3oh_equilibrium_mp2_4.xyz                                                     

    4
 MP2/CC-PVTZ-F12  OPTSTEP=4  ENERGY=-39.38437771
 C          0.0000000000        0.0000000000        0.0000000000
 H          0.5432181568       -0.9408814481        0.0000000000
 H         -1.0864363141        0.0000000000        0.0000000000
 H          0.5432181568        0.9408814481        0.0000000000

 **********************************************************************************************************************************

 PROGRESS OF GEOMETRY OPTIMIZATION.    TOTAL CPU:        27.5 SEC
   1   -39.36724320   -39.38310738    -0.01586418  0.07590153  0.13146531  0.05367049  0.11614719  0.20117284  0.03352881
   2   -39.38310738   -39.38431963    -0.00121224  0.01836593  0.03181073  0.01298667  0.03692369  0.06395371  0.01065895
   3   -39.38431963   -39.38437744    -0.00005781  0.00378519  0.00655615  0.00267654  0.00958283  0.01659796  0.00276633
   4   -39.38437744   -39.38437771    -0.00000027  0.00025329  0.00043872  0.00017911  0.00068724  0.00119034  0.00019839

 **********************************************************************************************************************************

 Current geometry (xyz format, in Angstrom)


 Dump information in style XYZ to ch3oh_equilibrium_mp2.xyz                                                       

    4
 MP2/CC-PVTZ-F12  ENERGY=-39.38437771
 C          0.0000000000        0.0000000000        0.0000000000
 H          0.5432181568       -0.9408814481        0.0000000000
 H         -1.0864363141        0.0000000000        0.0000000000
 H          0.5432181568        0.9408814481        0.0000000000

 **********************************************************************************************************************************

 Current variables
 RCH1=                1.08643631 ANGSTROM
 RCH2=                1.08643631 ANGSTROM
 ACH12=             119.99999997 DEGREE
 RCH3=                1.08643631 ANGSTROM
 ACH23=             120.00000005 DEGREE
 RHO=               180.00000000 DEGREE

 **********************************************************************************************************************************

 Recomputing wavefunction for reoriented structure

 Running procedure: RUNMP2


 Program * Restricted Hartree-Fock

 Molecular orbitals read from record     2101.2  Type=RHF/CANONICAL (state 1.1)

 NELEC=    8   SYM=1   MS2= 0   THRE=1.0D-09   THRD=1.0D-07   THRG=1.0D-07  HFMA2=F  DIIS_START=2   DIIS_MAX=10   DIIS_INCORE=F

 Level shifts:    0.00 (CLOSED)    0.00 (OPEN)    0.30 (GAP_MIN)

 ITER           ETOT              DE          GRAD        DDIFF     DIIS  NEXP   TIME(IT)  TIME(TOT)  DIAG
   1      -39.24988244     -39.24988244     0.00D+00     0.11D+00     0     0       0.09      0.09    start
   2      -39.24988244      -0.00000000     0.50D-09     0.51D-09     1     0       0.07      0.16    diag

 Final occupancy:   3   1   0   0

 !RHF STATE 1.1 Energy                -39.249882435949
  RHF One-electron energy             -67.995302784991
  RHF Two-electron energy              19.134409124283
  RHF Kinetic energy                   39.217174894938
  RHF Nuclear energy                    9.611011224760
  RHF Virial quotient                  -1.000834010637

 !RHF STATE 1.1 Dipole moment          -0.00000000     0.00000000     0.00000000
 Dipole moment /Debye                  -0.00000000     0.00000000     0.00000000

 Orbital energies:

           1.1          2.1          3.1          4.1          5.1
    -11.681561    -1.277787    -0.951947    -0.123056    -0.084376

           1.2          2.2          3.2
     -0.951947    -0.084376    -0.014167

           1.3          2.3
     -0.284765    -0.067100

           1.4          2.4
      0.173339     0.639976


 HOMO      3.1    -0.951947 =     -25.9038eV
 LUMO      1.3    -0.284765 =      -7.7489eV
 LUMO-HOMO         0.667182 =      18.1549eV

 Orbitals saved in record  2101.2


 **********************************************************************************************************************************
 DATASETS  * FILE   NREC   LENGTH (MB)   RECORD NAMES
              1      21       48.92       500      610      700      900      950      970     1000      129      960     1100   
                                          VAR    BASINP    GEOM    SYMINP    ZMAT    AOBASIS   BASIS     P2S    ABASIS      S 
                                         1400     1410     1200     1210     1080     1600     1650     1300     1700     1380   
                                           T        V       H0       H01     AOSYM     SMH    MOLCAS    ERIS     OPER     JKOP   
                                         5200   
                                          MP2  

              2       8        1.12       700     1000      520     2100      200     2101     4101     9001   
                                         GEOM     BASIS   MCVARS     RHF    OPTIONS    RHF     CPHF    DEN_MP2    

 PROGRAMS   *        TOTAL    HF-SCF    HF-SCF       INT
 CPU TIMES  *        29.76      0.17      0.60      1.38
 REAL TIME  *         8.87 SEC
 DISK USED  *       108.07 MB
 **********************************************************************************************************************************


 PROGRAM * MP2 (Closed-shell)     Authors: C. Hampel, H.-J. Werner, 1991, M. Deegan, P.J. Knowles, 1992


 Convergence thresholds:  THRVAR = 1.00D-12  THRDEN = 1.00D-08

 Number of core orbitals:           1 (   1   0   0   0 )
 Number of closed-shell orbitals:   3 (   2   1   0   0 )
 Number of external orbitals:     103 (  41  29  22  11 )

 Molecular orbitals read from record     2101.2  Type=RHF/CANONICAL (state 1.1)

 Number of N-1 electron functions:               3
 Number of N-2 electron functions:               6
 Number of singly external CSFs:               111
 Number of doubly external CSFs:             13696
 Total number of CSFs:                       13808

 Length of J-op  integral file:               0.00 MB
 Length of K-op  integral file:               0.27 MB

 Integral transformation finished. Total CPU:   0.07 sec, npass=  1  Memory used:   0.11 MW

 Memory needed for MP2:                      0.02 MW

 SCS-MP2 correlation energy:           -0.146232344523   (PS=  1.200000  PT=  0.333333)
 SCS-MP2 total energy:                -39.396114780472


  Reference energy                    -39.249882435949
  MP2 singlet pair energy              -0.108253380989
  MP2 triplet pair energy              -0.026241890362
  MP2 correlation energy               -0.134495271351

 !MP2 total energy                    -39.384377707300


 **********************************************************************************************************************************
 DATASETS  * FILE   NREC   LENGTH (MB)   RECORD NAMES
              1      21       48.92       500      610      700      900      950      970     1000      129      960     1100   
                                          VAR    BASINP    GEOM    SYMINP    ZMAT    AOBASIS   BASIS     P2S    ABASIS      S 
                                         1400     1410     1200     1210     1080     1600     1650     1300     1700     1380   
                                           T        V       H0       H01     AOSYM     SMH    MOLCAS    ERIS     OPER     JKOP   
                                         5200   
                                          MP2  

              2       8        1.12       700     1000      520     2100      200     2101     4101     9001   
                                         GEOM     BASIS   MCVARS     RHF    OPTIONS    RHF     CPHF    DEN_MP2    

 PROGRAMS   *        TOTAL       MP2    HF-SCF       INT
 CPU TIMES  *        29.96      0.20      0.60      1.38
 REAL TIME  *         8.95 SEC
 DISK USED  *       108.07 MB
 **********************************************************************************************************************************
